************************************
epoch: 0 
ivector-extract-online2 --verbose=1 --config=model/aspire/ivector_extractor.conf --ivector-period=10 ark:model/spk/spk_map.scp scp:/home/testDevilWhisper/kaldi/egs/mini_librispeech/s5/bin/bing/1745184482/0/audio_mfcc_map.scp ark,scp,t:/home/testDevilWhisper/kaldi/egs/mini_librispeech/s5/bin/bing/1745184482/0/audio_ivector.ark,/home/testDevilWhisper/kaldi/egs/mini_librispeech/s5/bin/bing/1745184482/0/audio_ivector_map.scp 
LOG (ivector-extract-online2[5.5.552~1-d97f]:ComputeDerivedVars():ivector-extractor.cc:183) Computing derived variables for iVector extractor
LOG (ivector-extract-online2[5.5.552~1-d97f]:ComputeDerivedVars():ivector-extractor.cc:204) Done.
LOG (ivector-extract-online2[5.5.552~1-d97f]:main():ivector-extract-online2.cc:177) Estimated iVectors for 1 files, 0 with errors.
LOG (ivector-extract-online2[5.5.552~1-d97f]:main():ivector-extract-online2.cc:179) Average objective-function improvement was 34.7739 per frame, over 500 frames (weighted).
LOG (ivector-extract-online2[5.5.552~1-d97f]:main():ivector-extract-online2.cc:182) Average iVector length was 6.08154 and at utterance-end was 12.7957, over 500 frames (weighted);  expected length is 10
ivector-extract-online2 --verbose=1 --config=model/aspire/ivector_extractor.conf --ivector-period=10 ark:model/spk/spk_map.scp scp:/home/testDevilWhisper/kaldi/egs/mini_librispeech/s5/bin/bing/1745184482/0/audio_mfcc_map.scp ark,scp,t:/home/testDevilWhisper/kaldi/egs/mini_librispeech/s5/bin/bing/1745184482/0/audio_ivector.ark,/home/testDevilWhisper/kaldi/egs/mini_librispeech/s5/bin/bing/1745184482/0/audio_ivector_map.scp 
LOG (ivector-extract-online2[5.5.552~1-d97f]:ComputeDerivedVars():ivector-extractor.cc:183) Computing derived variables for iVector extractor
LOG (ivector-extract-online2[5.5.552~1-d97f]:ComputeDerivedVars():ivector-extractor.cc:204) Done.
LOG (ivector-extract-online2[5.5.552~1-d97f]:main():ivector-extract-online2.cc:177) Estimated iVectors for 1 files, 0 with errors.
LOG (ivector-extract-online2[5.5.552~1-d97f]:main():ivector-extract-online2.cc:179) Average objective-function improvement was 34.9735 per frame, over 500 frames (weighted).
LOG (ivector-extract-online2[5.5.552~1-d97f]:main():ivector-extract-online2.cc:182) Average iVector length was 6.09855 and at utterance-end was 12.8658, over 500 frames (weighted);  expected length is 10
ivector-extract-online2 --verbose=1 --config=model/aspire/ivector_extractor.conf --ivector-period=10 ark:model/spk/spk_map.scp scp:/home/testDevilWhisper/kaldi/egs/mini_librispeech/s5/bin/bing/1745184482/0/audio_mfcc_map.scp ark,scp,t:/home/testDevilWhisper/kaldi/egs/mini_librispeech/s5/bin/bing/1745184482/0/audio_ivector.ark,/home/testDevilWhisper/kaldi/egs/mini_librispeech/s5/bin/bing/1745184482/0/audio_ivector_map.scp 
LOG (ivector-extract-online2[5.5.552~1-d97f]:ComputeDerivedVars():ivector-extractor.cc:183) Computing derived variables for iVector extractor
LOG (ivector-extract-online2[5.5.552~1-d97f]:ComputeDerivedVars():ivector-extractor.cc:204) Done.
LOG (ivector-extract-online2[5.5.552~1-d97f]:main():ivector-extract-online2.cc:177) Estimated iVectors for 1 files, 0 with errors.
LOG (ivector-extract-online2[5.5.552~1-d97f]:main():ivector-extract-online2.cc:179) Average objective-function improvement was 34.863 per frame, over 500 frames (weighted).
LOG (ivector-extract-online2[5.5.552~1-d97f]:main():ivector-extract-online2.cc:182) Average iVector length was 6.12506 and at utterance-end was 12.8534, over 500 frames (weighted);  expected length is 10
ivector-extract-online2 --verbose=1 --config=model/aspire/ivector_extractor.conf --ivector-period=10 ark:model/spk/spk_map.scp scp:/home/testDevilWhisper/kaldi/egs/mini_librispeech/s5/bin/bing/1745184482/0/audio_mfcc_map.scp ark,scp,t:/home/testDevilWhisper/kaldi/egs/mini_librispeech/s5/bin/bing/1745184482/0/audio_ivector.ark,/home/testDevilWhisper/kaldi/egs/mini_librispeech/s5/bin/bing/1745184482/0/audio_ivector_map.scp 
LOG (ivector-extract-online2[5.5.552~1-d97f]:ComputeDerivedVars():ivector-extractor.cc:183) Computing derived variables for iVector extractor
LOG (ivector-extract-online2[5.5.552~1-d97f]:ComputeDerivedVars():ivector-extractor.cc:204) Done.
LOG (ivector-extract-online2[5.5.552~1-d97f]:main():ivector-extract-online2.cc:177) Estimated iVectors for 1 files, 0 with errors.
LOG (ivector-extract-online2[5.5.552~1-d97f]:main():ivector-extract-online2.cc:179) Average objective-function improvement was 35.4166 per frame, over 500 frames (weighted).
LOG (ivector-extract-online2[5.5.552~1-d97f]:main():ivector-extract-online2.cc:182) Average iVector length was 6.11745 and at utterance-end was 12.8058, over 500 frames (weighted);  expected length is 10
ivector-extract-online2 --verbose=1 --config=model/aspire/ivector_extractor.conf --ivector-period=10 ark:model/spk/spk_map.scp scp:/home/testDevilWhisper/kaldi/egs/mini_librispeech/s5/bin/bing/1745184482/0/audio_mfcc_map.scp ark,scp,t:/home/testDevilWhisper/kaldi/egs/mini_librispeech/s5/bin/bing/1745184482/0/audio_ivector.ark,/home/testDevilWhisper/kaldi/egs/mini_librispeech/s5/bin/bing/1745184482/0/audio_ivector_map.scp 
LOG (ivector-extract-online2[5.5.552~1-d97f]:ComputeDerivedVars():ivector-extractor.cc:183) Computing derived variables for iVector extractor
LOG (ivector-extract-online2[5.5.552~1-d97f]:ComputeDerivedVars():ivector-extractor.cc:204) Done.
LOG (ivector-extract-online2[5.5.552~1-d97f]:main():ivector-extract-online2.cc:177) Estimated iVectors for 1 files, 0 with errors.
LOG (ivector-extract-online2[5.5.552~1-d97f]:main():ivector-extract-online2.cc:179) Average objective-function improvement was 36.73 per frame, over 500 frames (weighted).
LOG (ivector-extract-online2[5.5.552~1-d97f]:main():ivector-extract-online2.cc:182) Average iVector length was 6.11002 and at utterance-end was 12.7564, over 500 frames (weighted);  expected length is 10
ivector-extract-online2 --verbose=1 --config=model/aspire/ivector_extractor.conf --ivector-period=10 ark:model/spk/spk_map.scp scp:/home/testDevilWhisper/kaldi/egs/mini_librispeech/s5/bin/bing/1745184482/0/audio_mfcc_map.scp ark,scp,t:/home/testDevilWhisper/kaldi/egs/mini_librispeech/s5/bin/bing/1745184482/0/audio_ivector.ark,/home/testDevilWhisper/kaldi/egs/mini_librispeech/s5/bin/bing/1745184482/0/audio_ivector_map.scp 
LOG (ivector-extract-online2[5.5.552~1-d97f]:ComputeDerivedVars():ivector-extractor.cc:183) Computing derived variables for iVector extractor
LOG (ivector-extract-online2[5.5.552~1-d97f]:ComputeDerivedVars():ivector-extractor.cc:204) Done.
LOG (ivector-extract-online2[5.5.552~1-d97f]:main():ivector-extract-online2.cc:177) Estimated iVectors for 1 files, 0 with errors.
LOG (ivector-extract-online2[5.5.552~1-d97f]:main():ivector-extract-online2.cc:179) Average objective-function improvement was 35.6873 per frame, over 500 frames (weighted).
LOG (ivector-extract-online2[5.5.552~1-d97f]:main():ivector-extract-online2.cc:182) Average iVector length was 6.0986 and at utterance-end was 12.8488, over 500 frames (weighted);  expected length is 10
ivector-extract-online2 --verbose=1 --config=model/aspire/ivector_extractor.conf --ivector-period=10 ark:model/spk/spk_map.scp scp:/home/testDevilWhisper/kaldi/egs/mini_librispeech/s5/bin/bing/1745184482/0/audio_mfcc_map.scp ark,scp,t:/home/testDevilWhisper/kaldi/egs/mini_librispeech/s5/bin/bing/1745184482/0/audio_ivector.ark,/home/testDevilWhisper/kaldi/egs/mini_librispeech/s5/bin/bing/1745184482/0/audio_ivector_map.scp 
LOG (ivector-extract-online2[5.5.552~1-d97f]:ComputeDerivedVars():ivector-extractor.cc:183) Computing derived variables for iVector extractor
LOG (ivector-extract-online2[5.5.552~1-d97f]:ComputeDerivedVars():ivector-extractor.cc:204) Done.
LOG (ivector-extract-online2[5.5.552~1-d97f]:main():ivector-extract-online2.cc:177) Estimated iVectors for 1 files, 0 with errors.
LOG (ivector-extract-online2[5.5.552~1-d97f]:main():ivector-extract-online2.cc:179) Average objective-function improvement was 36.7318 per frame, over 500 frames (weighted).
LOG (ivector-extract-online2[5.5.552~1-d97f]:main():ivector-extract-online2.cc:182) Average iVector length was 6.08842 and at utterance-end was 12.8235, over 500 frames (weighted);  expected length is 10
ivector-extract-online2 --verbose=1 --config=model/aspire/ivector_extractor.conf --ivector-period=10 ark:model/spk/spk_map.scp scp:/home/testDevilWhisper/kaldi/egs/mini_librispeech/s5/bin/bing/1745184482/0/audio_mfcc_map.scp ark,scp,t:/home/testDevilWhisper/kaldi/egs/mini_librispeech/s5/bin/bing/1745184482/0/audio_ivector.ark,/home/testDevilWhisper/kaldi/egs/mini_librispeech/s5/bin/bing/1745184482/0/audio_ivector_map.scp 
LOG (ivector-extract-online2[5.5.552~1-d97f]:ComputeDerivedVars():ivector-extractor.cc:183) Computing derived variables for iVector extractor
LOG (ivector-extract-online2[5.5.552~1-d97f]:ComputeDerivedVars():ivector-extractor.cc:204) Done.
LOG (ivector-extract-online2[5.5.552~1-d97f]:main():ivector-extract-online2.cc:177) Estimated iVectors for 1 files, 0 with errors.
LOG (ivector-extract-online2[5.5.552~1-d97f]:main():ivector-extract-online2.cc:179) Average objective-function improvement was 36.1152 per frame, over 500 frames (weighted).
LOG (ivector-extract-online2[5.5.552~1-d97f]:main():ivector-extract-online2.cc:182) Average iVector length was 6.02778 and at utterance-end was 12.7631, over 500 frames (weighted);  expected length is 10
ivector-extract-online2 --verbose=1 --config=model/aspire/ivector_extractor.conf --ivector-period=10 ark:model/spk/spk_map.scp scp:/home/testDevilWhisper/kaldi/egs/mini_librispeech/s5/bin/bing/1745184482/0/audio_mfcc_map.scp ark,scp,t:/home/testDevilWhisper/kaldi/egs/mini_librispeech/s5/bin/bing/1745184482/0/audio_ivector.ark,/home/testDevilWhisper/kaldi/egs/mini_librispeech/s5/bin/bing/1745184482/0/audio_ivector_map.scp 
LOG (ivector-extract-online2[5.5.552~1-d97f]:ComputeDerivedVars():ivector-extractor.cc:183) Computing derived variables for iVector extractor
LOG (ivector-extract-online2[5.5.552~1-d97f]:ComputeDerivedVars():ivector-extractor.cc:204) Done.
LOG (ivector-extract-online2[5.5.552~1-d97f]:main():ivector-extract-online2.cc:177) Estimated iVectors for 1 files, 0 with errors.
LOG (ivector-extract-online2[5.5.552~1-d97f]:main():ivector-extract-online2.cc:179) Average objective-function improvement was 36.7274 per frame, over 500 frames (weighted).
LOG (ivector-extract-online2[5.5.552~1-d97f]:main():ivector-extract-online2.cc:182) Average iVector length was 6.04925 and at utterance-end was 12.7953, over 500 frames (weighted);  expected length is 10
ivector-extract-online2 --verbose=1 --config=model/aspire/ivector_extractor.conf --ivector-period=10 ark:model/spk/spk_map.scp scp:/home/testDevilWhisper/kaldi/egs/mini_librispeech/s5/bin/bing/1745184482/0/audio_mfcc_map.scp ark,scp,t:/home/testDevilWhisper/kaldi/egs/mini_librispeech/s5/bin/bing/1745184482/0/audio_ivector.ark,/home/testDevilWhisper/kaldi/egs/mini_librispeech/s5/bin/bing/1745184482/0/audio_ivector_map.scp 
LOG (ivector-extract-online2[5.5.552~1-d97f]:ComputeDerivedVars():ivector-extractor.cc:183) Computing derived variables for iVector extractor
LOG (ivector-extract-online2[5.5.552~1-d97f]:ComputeDerivedVars():ivector-extractor.cc:204) Done.
LOG (ivector-extract-online2[5.5.552~1-d97f]:main():ivector-extract-online2.cc:177) Estimated iVectors for 1 files, 0 with errors.
LOG (ivector-extract-online2[5.5.552~1-d97f]:main():ivector-extract-online2.cc:179) Average objective-function improvement was 36.1745 per frame, over 500 frames (weighted).
LOG (ivector-extract-online2[5.5.552~1-d97f]:main():ivector-extract-online2.cc:182) Average iVector length was 6.00908 and at utterance-end was 12.7658, over 500 frames (weighted);  expected length is 10
ivector-extract-online2 --verbose=1 --config=model/aspire/ivector_extractor.conf --ivector-period=10 ark:model/spk/spk_map.scp scp:/home/testDevilWhisper/kaldi/egs/mini_librispeech/s5/bin/bing/1745184482/0/audio_mfcc_map.scp ark,scp,t:/home/testDevilWhisper/kaldi/egs/mini_librispeech/s5/bin/bing/1745184482/0/audio_ivector.ark,/home/testDevilWhisper/kaldi/egs/mini_librispeech/s5/bin/bing/1745184482/0/audio_ivector_map.scp 
LOG (ivector-extract-online2[5.5.552~1-d97f]:ComputeDerivedVars():ivector-extractor.cc:183) Computing derived variables for iVector extractor
LOG (ivector-extract-online2[5.5.552~1-d97f]:ComputeDerivedVars():ivector-extractor.cc:204) Done.
LOG (ivector-extract-online2[5.5.552~1-d97f]:main():ivector-extract-online2.cc:177) Estimated iVectors for 1 files, 0 with errors.
LOG (ivector-extract-online2[5.5.552~1-d97f]:main():ivector-extract-online2.cc:179) Average objective-function improvement was 35.1667 per frame, over 500 frames (weighted).
LOG (ivector-extract-online2[5.5.552~1-d97f]:main():ivector-extract-online2.cc:182) Average iVector length was 6.0419 and at utterance-end was 12.783, over 500 frames (weighted);  expected length is 10
ivector-extract-online2 --verbose=1 --config=model/aspire/ivector_extractor.conf --ivector-period=10 ark:model/spk/spk_map.scp scp:/home/testDevilWhisper/kaldi/egs/mini_librispeech/s5/bin/bing/1745184482/0/audio_mfcc_map.scp ark,scp,t:/home/testDevilWhisper/kaldi/egs/mini_librispeech/s5/bin/bing/1745184482/0/audio_ivector.ark,/home/testDevilWhisper/kaldi/egs/mini_librispeech/s5/bin/bing/1745184482/0/audio_ivector_map.scp 
LOG (ivector-extract-online2[5.5.552~1-d97f]:ComputeDerivedVars():ivector-extractor.cc:183) Computing derived variables for iVector extractor
LOG (ivector-extract-online2[5.5.552~1-d97f]:ComputeDerivedVars():ivector-extractor.cc:204) Done.
LOG (ivector-extract-online2[5.5.552~1-d97f]:main():ivector-extract-online2.cc:177) Estimated iVectors for 1 files, 0 with errors.
LOG (ivector-extract-online2[5.5.552~1-d97f]:main():ivector-extract-online2.cc:179) Average objective-function improvement was 35.9276 per frame, over 500 frames (weighted).
LOG (ivector-extract-online2[5.5.552~1-d97f]:main():ivector-extract-online2.cc:182) Average iVector length was 6.04381 and at utterance-end was 12.8143, over 500 frames (weighted);  expected length is 10
ivector-extract-online2 --verbose=1 --config=model/aspire/ivector_extractor.conf --ivector-period=10 ark:model/spk/spk_map.scp scp:/home/testDevilWhisper/kaldi/egs/mini_librispeech/s5/bin/bing/1745184482/0/audio_mfcc_map.scp ark,scp,t:/home/testDevilWhisper/kaldi/egs/mini_librispeech/s5/bin/bing/1745184482/0/audio_ivector.ark,/home/testDevilWhisper/kaldi/egs/mini_librispeech/s5/bin/bing/1745184482/0/audio_ivector_map.scp 
LOG (ivector-extract-online2[5.5.552~1-d97f]:ComputeDerivedVars():ivector-extractor.cc:183) Computing derived variables for iVector extractor
LOG (ivector-extract-online2[5.5.552~1-d97f]:ComputeDerivedVars():ivector-extractor.cc:204) Done.
LOG (ivector-extract-online2[5.5.552~1-d97f]:main():ivector-extract-online2.cc:177) Estimated iVectors for 1 files, 0 with errors.
LOG (ivector-extract-online2[5.5.552~1-d97f]:main():ivector-extract-online2.cc:179) Average objective-function improvement was 35.6009 per frame, over 500 frames (weighted).
LOG (ivector-extract-online2[5.5.552~1-d97f]:main():ivector-extract-online2.cc:182) Average iVector length was 6.04698 and at utterance-end was 12.8327, over 500 frames (weighted);  expected length is 10
ivector-extract-online2 --verbose=1 --config=model/aspire/ivector_extractor.conf --ivector-period=10 ark:model/spk/spk_map.scp scp:/home/testDevilWhisper/kaldi/egs/mini_librispeech/s5/bin/bing/1745184482/0/audio_mfcc_map.scp ark,scp,t:/home/testDevilWhisper/kaldi/egs/mini_librispeech/s5/bin/bing/1745184482/0/audio_ivector.ark,/home/testDevilWhisper/kaldi/egs/mini_librispeech/s5/bin/bing/1745184482/0/audio_ivector_map.scp 
LOG (ivector-extract-online2[5.5.552~1-d97f]:ComputeDerivedVars():ivector-extractor.cc:183) Computing derived variables for iVector extractor
LOG (ivector-extract-online2[5.5.552~1-d97f]:ComputeDerivedVars():ivector-extractor.cc:204) Done.
LOG (ivector-extract-online2[5.5.552~1-d97f]:main():ivector-extract-online2.cc:177) Estimated iVectors for 1 files, 0 with errors.
LOG (ivector-extract-online2[5.5.552~1-d97f]:main():ivector-extract-online2.cc:179) Average objective-function improvement was 35.5299 per frame, over 500 frames (weighted).
LOG (ivector-extract-online2[5.5.552~1-d97f]:main():ivector-extract-online2.cc:182) Average iVector length was 6.05752 and at utterance-end was 12.8141, over 500 frames (weighted);  expected length is 10
ivector-extract-online2 --verbose=1 --config=model/aspire/ivector_extractor.conf --ivector-period=10 ark:model/spk/spk_map.scp scp:/home/testDevilWhisper/kaldi/egs/mini_librispeech/s5/bin/bing/1745184482/0/audio_mfcc_map.scp ark,scp,t:/home/testDevilWhisper/kaldi/egs/mini_librispeech/s5/bin/bing/1745184482/0/audio_ivector.ark,/home/testDevilWhisper/kaldi/egs/mini_librispeech/s5/bin/bing/1745184482/0/audio_ivector_map.scp 
LOG (ivector-extract-online2[5.5.552~1-d97f]:ComputeDerivedVars():ivector-extractor.cc:183) Computing derived variables for iVector extractor
LOG (ivector-extract-online2[5.5.552~1-d97f]:ComputeDerivedVars():ivector-extractor.cc:204) Done.
LOG (ivector-extract-online2[5.5.552~1-d97f]:main():ivector-extract-online2.cc:177) Estimated iVectors for 1 files, 0 with errors.
LOG (ivector-extract-online2[5.5.552~1-d97f]:main():ivector-extract-online2.cc:179) Average objective-function improvement was 35.1905 per frame, over 500 frames (weighted).
LOG (ivector-extract-online2[5.5.552~1-d97f]:main():ivector-extract-online2.cc:182) Average iVector length was 6.06685 and at utterance-end was 12.8086, over 500 frames (weighted);  expected length is 10
ivector-extract-online2 --verbose=1 --config=model/aspire/ivector_extractor.conf --ivector-period=10 ark:model/spk/spk_map.scp scp:/home/testDevilWhisper/kaldi/egs/mini_librispeech/s5/bin/bing/1745184482/0/audio_mfcc_map.scp ark,scp,t:/home/testDevilWhisper/kaldi/egs/mini_librispeech/s5/bin/bing/1745184482/0/audio_ivector.ark,/home/testDevilWhisper/kaldi/egs/mini_librispeech/s5/bin/bing/1745184482/0/audio_ivector_map.scp 
LOG (ivector-extract-online2[5.5.552~1-d97f]:ComputeDerivedVars():ivector-extractor.cc:183) Computing derived variables for iVector extractor
LOG (ivector-extract-online2[5.5.552~1-d97f]:ComputeDerivedVars():ivector-extractor.cc:204) Done.
LOG (ivector-extract-online2[5.5.552~1-d97f]:main():ivector-extract-online2.cc:177) Estimated iVectors for 1 files, 0 with errors.
LOG (ivector-extract-online2[5.5.552~1-d97f]:main():ivector-extract-online2.cc:179) Average objective-function improvement was 36.476 per frame, over 500 frames (weighted).
LOG (ivector-extract-online2[5.5.552~1-d97f]:main():ivector-extract-online2.cc:182) Average iVector length was 6.04576 and at utterance-end was 12.7898, over 500 frames (weighted);  expected length is 10
ivector-extract-online2 --verbose=1 --config=model/aspire/ivector_extractor.conf --ivector-period=10 ark:model/spk/spk_map.scp scp:/home/testDevilWhisper/kaldi/egs/mini_librispeech/s5/bin/bing/1745184482/0/audio_mfcc_map.scp ark,scp,t:/home/testDevilWhisper/kaldi/egs/mini_librispeech/s5/bin/bing/1745184482/0/audio_ivector.ark,/home/testDevilWhisper/kaldi/egs/mini_librispeech/s5/bin/bing/1745184482/0/audio_ivector_map.scp 
LOG (ivector-extract-online2[5.5.552~1-d97f]:ComputeDerivedVars():ivector-extractor.cc:183) Computing derived variables for iVector extractor
LOG (ivector-extract-online2[5.5.552~1-d97f]:ComputeDerivedVars():ivector-extractor.cc:204) Done.
LOG (ivector-extract-online2[5.5.552~1-d97f]:main():ivector-extract-online2.cc:177) Estimated iVectors for 1 files, 0 with errors.
LOG (ivector-extract-online2[5.5.552~1-d97f]:main():ivector-extract-online2.cc:179) Average objective-function improvement was 36.0404 per frame, over 500 frames (weighted).
LOG (ivector-extract-online2[5.5.552~1-d97f]:main():ivector-extract-online2.cc:182) Average iVector length was 6.08611 and at utterance-end was 12.7315, over 500 frames (weighted);  expected length is 10
ivector-extract-online2 --verbose=1 --config=model/aspire/ivector_extractor.conf --ivector-period=10 ark:model/spk/spk_map.scp scp:/home/testDevilWhisper/kaldi/egs/mini_librispeech/s5/bin/bing/1745184482/0/audio_mfcc_map.scp ark,scp,t:/home/testDevilWhisper/kaldi/egs/mini_librispeech/s5/bin/bing/1745184482/0/audio_ivector.ark,/home/testDevilWhisper/kaldi/egs/mini_librispeech/s5/bin/bing/1745184482/0/audio_ivector_map.scp 
LOG (ivector-extract-online2[5.5.552~1-d97f]:ComputeDerivedVars():ivector-extractor.cc:183) Computing derived variables for iVector extractor
LOG (ivector-extract-online2[5.5.552~1-d97f]:ComputeDerivedVars():ivector-extractor.cc:204) Done.
LOG (ivector-extract-online2[5.5.552~1-d97f]:main():ivector-extract-online2.cc:177) Estimated iVectors for 1 files, 0 with errors.
LOG (ivector-extract-online2[5.5.552~1-d97f]:main():ivector-extract-online2.cc:179) Average objective-function improvement was 35.4858 per frame, over 500 frames (weighted).
LOG (ivector-extract-online2[5.5.552~1-d97f]:main():ivector-extract-online2.cc:182) Average iVector length was 6.11903 and at utterance-end was 12.8317, over 500 frames (weighted);  expected length is 10
ivector-extract-online2 --verbose=1 --config=model/aspire/ivector_extractor.conf --ivector-period=10 ark:model/spk/spk_map.scp scp:/home/testDevilWhisper/kaldi/egs/mini_librispeech/s5/bin/bing/1745184482/0/audio_mfcc_map.scp ark,scp,t:/home/testDevilWhisper/kaldi/egs/mini_librispeech/s5/bin/bing/1745184482/0/audio_ivector.ark,/home/testDevilWhisper/kaldi/egs/mini_librispeech/s5/bin/bing/1745184482/0/audio_ivector_map.scp 
LOG (ivector-extract-online2[5.5.552~1-d97f]:ComputeDerivedVars():ivector-extractor.cc:183) Computing derived variables for iVector extractor
LOG (ivector-extract-online2[5.5.552~1-d97f]:ComputeDerivedVars():ivector-extractor.cc:204) Done.
LOG (ivector-extract-online2[5.5.552~1-d97f]:main():ivector-extract-online2.cc:177) Estimated iVectors for 1 files, 0 with errors.
LOG (ivector-extract-online2[5.5.552~1-d97f]:main():ivector-extract-online2.cc:179) Average objective-function improvement was 34.8033 per frame, over 500 frames (weighted).
LOG (ivector-extract-online2[5.5.552~1-d97f]:main():ivector-extract-online2.cc:182) Average iVector length was 6.07203 and at utterance-end was 12.7162, over 500 frames (weighted);  expected length is 10
ivector-extract-online2 --verbose=1 --config=model/aspire/ivector_extractor.conf --ivector-period=10 ark:model/spk/spk_map.scp scp:/home/testDevilWhisper/kaldi/egs/mini_librispeech/s5/bin/bing/1745184482/0/audio_mfcc_map.scp ark,scp,t:/home/testDevilWhisper/kaldi/egs/mini_librispeech/s5/bin/bing/1745184482/0/audio_ivector.ark,/home/testDevilWhisper/kaldi/egs/mini_librispeech/s5/bin/bing/1745184482/0/audio_ivector_map.scp 
LOG (ivector-extract-online2[5.5.552~1-d97f]:ComputeDerivedVars():ivector-extractor.cc:183) Computing derived variables for iVector extractor
LOG (ivector-extract-online2[5.5.552~1-d97f]:ComputeDerivedVars():ivector-extractor.cc:204) Done.
LOG (ivector-extract-online2[5.5.552~1-d97f]:main():ivector-extract-online2.cc:177) Estimated iVectors for 1 files, 0 with errors.
LOG (ivector-extract-online2[5.5.552~1-d97f]:main():ivector-extract-online2.cc:179) Average objective-function improvement was 35.3287 per frame, over 500 frames (weighted).
LOG (ivector-extract-online2[5.5.552~1-d97f]:main():ivector-extract-online2.cc:182) Average iVector length was 6.14151 and at utterance-end was 12.8492, over 500 frames (weighted);  expected length is 10
ivector-extract-online2 --verbose=1 --config=model/aspire/ivector_extractor.conf --ivector-period=10 ark:model/spk/spk_map.scp scp:/home/testDevilWhisper/kaldi/egs/mini_librispeech/s5/bin/bing/1745184482/0/audio_mfcc_map.scp ark,scp,t:/home/testDevilWhisper/kaldi/egs/mini_librispeech/s5/bin/bing/1745184482/0/audio_ivector.ark,/home/testDevilWhisper/kaldi/egs/mini_librispeech/s5/bin/bing/1745184482/0/audio_ivector_map.scp 
LOG (ivector-extract-online2[5.5.552~1-d97f]:ComputeDerivedVars():ivector-extractor.cc:183) Computing derived variables for iVector extractor
LOG (ivector-extract-online2[5.5.552~1-d97f]:ComputeDerivedVars():ivector-extractor.cc:204) Done.
LOG (ivector-extract-online2[5.5.552~1-d97f]:main():ivector-extract-online2.cc:177) Estimated iVectors for 1 files, 0 with errors.
LOG (ivector-extract-online2[5.5.552~1-d97f]:main():ivector-extract-online2.cc:179) Average objective-function improvement was 36.0412 per frame, over 500 frames (weighted).
LOG (ivector-extract-online2[5.5.552~1-d97f]:main():ivector-extract-online2.cc:182) Average iVector length was 6.13362 and at utterance-end was 12.915, over 500 frames (weighted);  expected length is 10
ivector-extract-online2 --verbose=1 --config=model/aspire/ivector_extractor.conf --ivector-period=10 ark:model/spk/spk_map.scp scp:/home/testDevilWhisper/kaldi/egs/mini_librispeech/s5/bin/bing/1745184482/0/audio_mfcc_map.scp ark,scp,t:/home/testDevilWhisper/kaldi/egs/mini_librispeech/s5/bin/bing/1745184482/0/audio_ivector.ark,/home/testDevilWhisper/kaldi/egs/mini_librispeech/s5/bin/bing/1745184482/0/audio_ivector_map.scp 
LOG (ivector-extract-online2[5.5.552~1-d97f]:ComputeDerivedVars():ivector-extractor.cc:183) Computing derived variables for iVector extractor
LOG (ivector-extract-online2[5.5.552~1-d97f]:ComputeDerivedVars():ivector-extractor.cc:204) Done.
LOG (ivector-extract-online2[5.5.552~1-d97f]:main():ivector-extract-online2.cc:177) Estimated iVectors for 1 files, 0 with errors.
LOG (ivector-extract-online2[5.5.552~1-d97f]:main():ivector-extract-online2.cc:179) Average objective-function improvement was 34.7203 per frame, over 500 frames (weighted).
LOG (ivector-extract-online2[5.5.552~1-d97f]:main():ivector-extract-online2.cc:182) Average iVector length was 6.09263 and at utterance-end was 12.764, over 500 frames (weighted);  expected length is 10
ivector-extract-online2 --verbose=1 --config=model/aspire/ivector_extractor.conf --ivector-period=10 ark:model/spk/spk_map.scp scp:/home/testDevilWhisper/kaldi/egs/mini_librispeech/s5/bin/bing/1745184482/0/audio_mfcc_map.scp ark,scp,t:/home/testDevilWhisper/kaldi/egs/mini_librispeech/s5/bin/bing/1745184482/0/audio_ivector.ark,/home/testDevilWhisper/kaldi/egs/mini_librispeech/s5/bin/bing/1745184482/0/audio_ivector_map.scp 
LOG (ivector-extract-online2[5.5.552~1-d97f]:ComputeDerivedVars():ivector-extractor.cc:183) Computing derived variables for iVector extractor
LOG (ivector-extract-online2[5.5.552~1-d97f]:ComputeDerivedVars():ivector-extractor.cc:204) Done.
LOG (ivector-extract-online2[5.5.552~1-d97f]:main():ivector-extract-online2.cc:177) Estimated iVectors for 1 files, 0 with errors.
LOG (ivector-extract-online2[5.5.552~1-d97f]:main():ivector-extract-online2.cc:179) Average objective-function improvement was 35.814 per frame, over 500 frames (weighted).
LOG (ivector-extract-online2[5.5.552~1-d97f]:main():ivector-extract-online2.cc:182) Average iVector length was 6.19536 and at utterance-end was 12.932, over 500 frames (weighted);  expected length is 10
ivector-extract-online2 --verbose=1 --config=model/aspire/ivector_extractor.conf --ivector-period=10 ark:model/spk/spk_map.scp scp:/home/testDevilWhisper/kaldi/egs/mini_librispeech/s5/bin/bing/1745184482/0/audio_mfcc_map.scp ark,scp,t:/home/testDevilWhisper/kaldi/egs/mini_librispeech/s5/bin/bing/1745184482/0/audio_ivector.ark,/home/testDevilWhisper/kaldi/egs/mini_librispeech/s5/bin/bing/1745184482/0/audio_ivector_map.scp 
LOG (ivector-extract-online2[5.5.552~1-d97f]:ComputeDerivedVars():ivector-extractor.cc:183) Computing derived variables for iVector extractor
LOG (ivector-extract-online2[5.5.552~1-d97f]:ComputeDerivedVars():ivector-extractor.cc:204) Done.
LOG (ivector-extract-online2[5.5.552~1-d97f]:main():ivector-extract-online2.cc:177) Estimated iVectors for 1 files, 0 with errors.
LOG (ivector-extract-online2[5.5.552~1-d97f]:main():ivector-extract-online2.cc:179) Average objective-function improvement was 35.2276 per frame, over 500 frames (weighted).
LOG (ivector-extract-online2[5.5.552~1-d97f]:main():ivector-extract-online2.cc:182) Average iVector length was 6.11555 and at utterance-end was 12.8076, over 500 frames (weighted);  expected length is 10
ivector-extract-online2 --verbose=1 --config=model/aspire/ivector_extractor.conf --ivector-period=10 ark:model/spk/spk_map.scp scp:/home/testDevilWhisper/kaldi/egs/mini_librispeech/s5/bin/bing/1745184482/0/audio_mfcc_map.scp ark,scp,t:/home/testDevilWhisper/kaldi/egs/mini_librispeech/s5/bin/bing/1745184482/0/audio_ivector.ark,/home/testDevilWhisper/kaldi/egs/mini_librispeech/s5/bin/bing/1745184482/0/audio_ivector_map.scp 
LOG (ivector-extract-online2[5.5.552~1-d97f]:ComputeDerivedVars():ivector-extractor.cc:183) Computing derived variables for iVector extractor
LOG (ivector-extract-online2[5.5.552~1-d97f]:ComputeDerivedVars():ivector-extractor.cc:204) Done.
LOG (ivector-extract-online2[5.5.552~1-d97f]:main():ivector-extract-online2.cc:177) Estimated iVectors for 1 files, 0 with errors.
LOG (ivector-extract-online2[5.5.552~1-d97f]:main():ivector-extract-online2.cc:179) Average objective-function improvement was 36.0608 per frame, over 500 frames (weighted).
LOG (ivector-extract-online2[5.5.552~1-d97f]:main():ivector-extract-online2.cc:182) Average iVector length was 6.17447 and at utterance-end was 12.8811, over 500 frames (weighted);  expected length is 10
ivector-extract-online2 --verbose=1 --config=model/aspire/ivector_extractor.conf --ivector-period=10 ark:model/spk/spk_map.scp scp:/home/testDevilWhisper/kaldi/egs/mini_librispeech/s5/bin/bing/1745184482/0/audio_mfcc_map.scp ark,scp,t:/home/testDevilWhisper/kaldi/egs/mini_librispeech/s5/bin/bing/1745184482/0/audio_ivector.ark,/home/testDevilWhisper/kaldi/egs/mini_librispeech/s5/bin/bing/1745184482/0/audio_ivector_map.scp 
LOG (ivector-extract-online2[5.5.552~1-d97f]:ComputeDerivedVars():ivector-extractor.cc:183) Computing derived variables for iVector extractor
LOG (ivector-extract-online2[5.5.552~1-d97f]:ComputeDerivedVars():ivector-extractor.cc:204) Done.
LOG (ivector-extract-online2[5.5.552~1-d97f]:main():ivector-extract-online2.cc:177) Estimated iVectors for 1 files, 0 with errors.
LOG (ivector-extract-online2[5.5.552~1-d97f]:main():ivector-extract-online2.cc:179) Average objective-function improvement was 34.2133 per frame, over 500 frames (weighted).
LOG (ivector-extract-online2[5.5.552~1-d97f]:main():ivector-extract-online2.cc:182) Average iVector length was 6.17763 and at utterance-end was 12.8492, over 500 frames (weighted);  expected length is 10
ivector-extract-online2 --verbose=1 --config=model/aspire/ivector_extractor.conf --ivector-period=10 ark:model/spk/spk_map.scp scp:/home/testDevilWhisper/kaldi/egs/mini_librispeech/s5/bin/bing/1745184482/0/audio_mfcc_map.scp ark,scp,t:/home/testDevilWhisper/kaldi/egs/mini_librispeech/s5/bin/bing/1745184482/0/audio_ivector.ark,/home/testDevilWhisper/kaldi/egs/mini_librispeech/s5/bin/bing/1745184482/0/audio_ivector_map.scp 
LOG (ivector-extract-online2[5.5.552~1-d97f]:ComputeDerivedVars():ivector-extractor.cc:183) Computing derived variables for iVector extractor
LOG (ivector-extract-online2[5.5.552~1-d97f]:ComputeDerivedVars():ivector-extractor.cc:204) Done.
LOG (ivector-extract-online2[5.5.552~1-d97f]:main():ivector-extract-online2.cc:177) Estimated iVectors for 1 files, 0 with errors.
LOG (ivector-extract-online2[5.5.552~1-d97f]:main():ivector-extract-online2.cc:179) Average objective-function improvement was 35.3588 per frame, over 500 frames (weighted).
LOG (ivector-extract-online2[5.5.552~1-d97f]:main():ivector-extract-online2.cc:182) Average iVector length was 6.22249 and at utterance-end was 12.8411, over 500 frames (weighted);  expected length is 10
ivector-extract-online2 --verbose=1 --config=model/aspire/ivector_extractor.conf --ivector-period=10 ark:model/spk/spk_map.scp scp:/home/testDevilWhisper/kaldi/egs/mini_librispeech/s5/bin/bing/1745184482/0/audio_mfcc_map.scp ark,scp,t:/home/testDevilWhisper/kaldi/egs/mini_librispeech/s5/bin/bing/1745184482/0/audio_ivector.ark,/home/testDevilWhisper/kaldi/egs/mini_librispeech/s5/bin/bing/1745184482/0/audio_ivector_map.scp 
LOG (ivector-extract-online2[5.5.552~1-d97f]:ComputeDerivedVars():ivector-extractor.cc:183) Computing derived variables for iVector extractor
LOG (ivector-extract-online2[5.5.552~1-d97f]:ComputeDerivedVars():ivector-extractor.cc:204) Done.
LOG (ivector-extract-online2[5.5.552~1-d97f]:main():ivector-extract-online2.cc:177) Estimated iVectors for 1 files, 0 with errors.
LOG (ivector-extract-online2[5.5.552~1-d97f]:main():ivector-extract-online2.cc:179) Average objective-function improvement was 36.5109 per frame, over 500 frames (weighted).
LOG (ivector-extract-online2[5.5.552~1-d97f]:main():ivector-extract-online2.cc:182) Average iVector length was 6.28764 and at utterance-end was 12.97, over 500 frames (weighted);  expected length is 10
ivector-extract-online2 --verbose=1 --config=model/aspire/ivector_extractor.conf --ivector-period=10 ark:model/spk/spk_map.scp scp:/home/testDevilWhisper/kaldi/egs/mini_librispeech/s5/bin/bing/1745184482/0/audio_mfcc_map.scp ark,scp,t:/home/testDevilWhisper/kaldi/egs/mini_librispeech/s5/bin/bing/1745184482/0/audio_ivector.ark,/home/testDevilWhisper/kaldi/egs/mini_librispeech/s5/bin/bing/1745184482/0/audio_ivector_map.scp 
LOG (ivector-extract-online2[5.5.552~1-d97f]:ComputeDerivedVars():ivector-extractor.cc:183) Computing derived variables for iVector extractor
LOG (ivector-extract-online2[5.5.552~1-d97f]:ComputeDerivedVars():ivector-extractor.cc:204) Done.
LOG (ivector-extract-online2[5.5.552~1-d97f]:main():ivector-extract-online2.cc:177) Estimated iVectors for 1 files, 0 with errors.
LOG (ivector-extract-online2[5.5.552~1-d97f]:main():ivector-extract-online2.cc:179) Average objective-function improvement was 36.1387 per frame, over 500 frames (weighted).
LOG (ivector-extract-online2[5.5.552~1-d97f]:main():ivector-extract-online2.cc:182) Average iVector length was 6.28662 and at utterance-end was 12.9213, over 500 frames (weighted);  expected length is 10
ivector-extract-online2 --verbose=1 --config=model/aspire/ivector_extractor.conf --ivector-period=10 ark:model/spk/spk_map.scp scp:/home/testDevilWhisper/kaldi/egs/mini_librispeech/s5/bin/bing/1745184482/0/audio_mfcc_map.scp ark,scp,t:/home/testDevilWhisper/kaldi/egs/mini_librispeech/s5/bin/bing/1745184482/0/audio_ivector.ark,/home/testDevilWhisper/kaldi/egs/mini_librispeech/s5/bin/bing/1745184482/0/audio_ivector_map.scp 
LOG (ivector-extract-online2[5.5.552~1-d97f]:ComputeDerivedVars():ivector-extractor.cc:183) Computing derived variables for iVector extractor
LOG (ivector-extract-online2[5.5.552~1-d97f]:ComputeDerivedVars():ivector-extractor.cc:204) Done.
LOG (ivector-extract-online2[5.5.552~1-d97f]:main():ivector-extract-online2.cc:177) Estimated iVectors for 1 files, 0 with errors.
LOG (ivector-extract-online2[5.5.552~1-d97f]:main():ivector-extract-online2.cc:179) Average objective-function improvement was 37.7196 per frame, over 500 frames (weighted).
LOG (ivector-extract-online2[5.5.552~1-d97f]:main():ivector-extract-online2.cc:182) Average iVector length was 6.27799 and at utterance-end was 12.9143, over 500 frames (weighted);  expected length is 10
ivector-extract-online2 --verbose=1 --config=model/aspire/ivector_extractor.conf --ivector-period=10 ark:model/spk/spk_map.scp scp:/home/testDevilWhisper/kaldi/egs/mini_librispeech/s5/bin/bing/1745184482/0/audio_mfcc_map.scp ark,scp,t:/home/testDevilWhisper/kaldi/egs/mini_librispeech/s5/bin/bing/1745184482/0/audio_ivector.ark,/home/testDevilWhisper/kaldi/egs/mini_librispeech/s5/bin/bing/1745184482/0/audio_ivector_map.scp 
LOG (ivector-extract-online2[5.5.552~1-d97f]:ComputeDerivedVars():ivector-extractor.cc:183) Computing derived variables for iVector extractor
LOG (ivector-extract-online2[5.5.552~1-d97f]:ComputeDerivedVars():ivector-extractor.cc:204) Done.
LOG (ivector-extract-online2[5.5.552~1-d97f]:main():ivector-extract-online2.cc:177) Estimated iVectors for 1 files, 0 with errors.
LOG (ivector-extract-online2[5.5.552~1-d97f]:main():ivector-extract-online2.cc:179) Average objective-function improvement was 38.7287 per frame, over 500 frames (weighted).
LOG (ivector-extract-online2[5.5.552~1-d97f]:main():ivector-extract-online2.cc:182) Average iVector length was 6.28993 and at utterance-end was 12.9095, over 500 frames (weighted);  expected length is 10
ivector-extract-online2 --verbose=1 --config=model/aspire/ivector_extractor.conf --ivector-period=10 ark:model/spk/spk_map.scp scp:/home/testDevilWhisper/kaldi/egs/mini_librispeech/s5/bin/bing/1745184482/0/audio_mfcc_map.scp ark,scp,t:/home/testDevilWhisper/kaldi/egs/mini_librispeech/s5/bin/bing/1745184482/0/audio_ivector.ark,/home/testDevilWhisper/kaldi/egs/mini_librispeech/s5/bin/bing/1745184482/0/audio_ivector_map.scp 
LOG (ivector-extract-online2[5.5.552~1-d97f]:ComputeDerivedVars():ivector-extractor.cc:183) Computing derived variables for iVector extractor
LOG (ivector-extract-online2[5.5.552~1-d97f]:ComputeDerivedVars():ivector-extractor.cc:204) Done.
LOG (ivector-extract-online2[5.5.552~1-d97f]:main():ivector-extract-online2.cc:177) Estimated iVectors for 1 files, 0 with errors.
LOG (ivector-extract-online2[5.5.552~1-d97f]:main():ivector-extract-online2.cc:179) Average objective-function improvement was 36.7766 per frame, over 500 frames (weighted).
LOG (ivector-extract-online2[5.5.552~1-d97f]:main():ivector-extract-online2.cc:182) Average iVector length was 6.3118 and at utterance-end was 13.0048, over 500 frames (weighted);  expected length is 10
ivector-extract-online2 --verbose=1 --config=model/aspire/ivector_extractor.conf --ivector-period=10 ark:model/spk/spk_map.scp scp:/home/testDevilWhisper/kaldi/egs/mini_librispeech/s5/bin/bing/1745184482/0/audio_mfcc_map.scp ark,scp,t:/home/testDevilWhisper/kaldi/egs/mini_librispeech/s5/bin/bing/1745184482/0/audio_ivector.ark,/home/testDevilWhisper/kaldi/egs/mini_librispeech/s5/bin/bing/1745184482/0/audio_ivector_map.scp 
LOG (ivector-extract-online2[5.5.552~1-d97f]:ComputeDerivedVars():ivector-extractor.cc:183) Computing derived variables for iVector extractor
LOG (ivector-extract-online2[5.5.552~1-d97f]:ComputeDerivedVars():ivector-extractor.cc:204) Done.
LOG (ivector-extract-online2[5.5.552~1-d97f]:main():ivector-extract-online2.cc:177) Estimated iVectors for 1 files, 0 with errors.
LOG (ivector-extract-online2[5.5.552~1-d97f]:main():ivector-extract-online2.cc:179) Average objective-function improvement was 35.8446 per frame, over 500 frames (weighted).
LOG (ivector-extract-online2[5.5.552~1-d97f]:main():ivector-extract-online2.cc:182) Average iVector length was 6.30897 and at utterance-end was 12.9784, over 500 frames (weighted);  expected length is 10
ivector-extract-online2 --verbose=1 --config=model/aspire/ivector_extractor.conf --ivector-period=10 ark:model/spk/spk_map.scp scp:/home/testDevilWhisper/kaldi/egs/mini_librispeech/s5/bin/bing/1745184482/0/audio_mfcc_map.scp ark,scp,t:/home/testDevilWhisper/kaldi/egs/mini_librispeech/s5/bin/bing/1745184482/0/audio_ivector.ark,/home/testDevilWhisper/kaldi/egs/mini_librispeech/s5/bin/bing/1745184482/0/audio_ivector_map.scp 
LOG (ivector-extract-online2[5.5.552~1-d97f]:ComputeDerivedVars():ivector-extractor.cc:183) Computing derived variables for iVector extractor
LOG (ivector-extract-online2[5.5.552~1-d97f]:ComputeDerivedVars():ivector-extractor.cc:204) Done.
LOG (ivector-extract-online2[5.5.552~1-d97f]:main():ivector-extract-online2.cc:177) Estimated iVectors for 1 files, 0 with errors.
LOG (ivector-extract-online2[5.5.552~1-d97f]:main():ivector-extract-online2.cc:179) Average objective-function improvement was 34.8627 per frame, over 500 frames (weighted).
LOG (ivector-extract-online2[5.5.552~1-d97f]:main():ivector-extract-online2.cc:182) Average iVector length was 6.28774 and at utterance-end was 12.9654, over 500 frames (weighted);  expected length is 10
ivector-extract-online2 --verbose=1 --config=model/aspire/ivector_extractor.conf --ivector-period=10 ark:model/spk/spk_map.scp scp:/home/testDevilWhisper/kaldi/egs/mini_librispeech/s5/bin/bing/1745184482/0/audio_mfcc_map.scp ark,scp,t:/home/testDevilWhisper/kaldi/egs/mini_librispeech/s5/bin/bing/1745184482/0/audio_ivector.ark,/home/testDevilWhisper/kaldi/egs/mini_librispeech/s5/bin/bing/1745184482/0/audio_ivector_map.scp 
LOG (ivector-extract-online2[5.5.552~1-d97f]:ComputeDerivedVars():ivector-extractor.cc:183) Computing derived variables for iVector extractor
LOG (ivector-extract-online2[5.5.552~1-d97f]:ComputeDerivedVars():ivector-extractor.cc:204) Done.
LOG (ivector-extract-online2[5.5.552~1-d97f]:main():ivector-extract-online2.cc:177) Estimated iVectors for 1 files, 0 with errors.
LOG (ivector-extract-online2[5.5.552~1-d97f]:main():ivector-extract-online2.cc:179) Average objective-function improvement was 34.9332 per frame, over 500 frames (weighted).
LOG (ivector-extract-online2[5.5.552~1-d97f]:main():ivector-extract-online2.cc:182) Average iVector length was 6.30525 and at utterance-end was 13.0156, over 500 frames (weighted);  expected length is 10
ivector-extract-online2 --verbose=1 --config=model/aspire/ivector_extractor.conf --ivector-period=10 ark:model/spk/spk_map.scp scp:/home/testDevilWhisper/kaldi/egs/mini_librispeech/s5/bin/bing/1745184482/0/audio_mfcc_map.scp ark,scp,t:/home/testDevilWhisper/kaldi/egs/mini_librispeech/s5/bin/bing/1745184482/0/audio_ivector.ark,/home/testDevilWhisper/kaldi/egs/mini_librispeech/s5/bin/bing/1745184482/0/audio_ivector_map.scp 
LOG (ivector-extract-online2[5.5.552~1-d97f]:ComputeDerivedVars():ivector-extractor.cc:183) Computing derived variables for iVector extractor
LOG (ivector-extract-online2[5.5.552~1-d97f]:ComputeDerivedVars():ivector-extractor.cc:204) Done.
LOG (ivector-extract-online2[5.5.552~1-d97f]:main():ivector-extract-online2.cc:177) Estimated iVectors for 1 files, 0 with errors.
LOG (ivector-extract-online2[5.5.552~1-d97f]:main():ivector-extract-online2.cc:179) Average objective-function improvement was 34.4561 per frame, over 500 frames (weighted).
LOG (ivector-extract-online2[5.5.552~1-d97f]:main():ivector-extract-online2.cc:182) Average iVector length was 6.33609 and at utterance-end was 12.9221, over 500 frames (weighted);  expected length is 10
ivector-extract-online2 --verbose=1 --config=model/aspire/ivector_extractor.conf --ivector-period=10 ark:model/spk/spk_map.scp scp:/home/testDevilWhisper/kaldi/egs/mini_librispeech/s5/bin/bing/1745184482/0/audio_mfcc_map.scp ark,scp,t:/home/testDevilWhisper/kaldi/egs/mini_librispeech/s5/bin/bing/1745184482/0/audio_ivector.ark,/home/testDevilWhisper/kaldi/egs/mini_librispeech/s5/bin/bing/1745184482/0/audio_ivector_map.scp 
LOG (ivector-extract-online2[5.5.552~1-d97f]:ComputeDerivedVars():ivector-extractor.cc:183) Computing derived variables for iVector extractor
LOG (ivector-extract-online2[5.5.552~1-d97f]:ComputeDerivedVars():ivector-extractor.cc:204) Done.
LOG (ivector-extract-online2[5.5.552~1-d97f]:main():ivector-extract-online2.cc:177) Estimated iVectors for 1 files, 0 with errors.
LOG (ivector-extract-online2[5.5.552~1-d97f]:main():ivector-extract-online2.cc:179) Average objective-function improvement was 36.0507 per frame, over 500 frames (weighted).
LOG (ivector-extract-online2[5.5.552~1-d97f]:main():ivector-extract-online2.cc:182) Average iVector length was 6.35513 and at utterance-end was 13.0492, over 500 frames (weighted);  expected length is 10
ivector-extract-online2 --verbose=1 --config=model/aspire/ivector_extractor.conf --ivector-period=10 ark:model/spk/spk_map.scp scp:/home/testDevilWhisper/kaldi/egs/mini_librispeech/s5/bin/bing/1745184482/0/audio_mfcc_map.scp ark,scp,t:/home/testDevilWhisper/kaldi/egs/mini_librispeech/s5/bin/bing/1745184482/0/audio_ivector.ark,/home/testDevilWhisper/kaldi/egs/mini_librispeech/s5/bin/bing/1745184482/0/audio_ivector_map.scp 
LOG (ivector-extract-online2[5.5.552~1-d97f]:ComputeDerivedVars():ivector-extractor.cc:183) Computing derived variables for iVector extractor
LOG (ivector-extract-online2[5.5.552~1-d97f]:ComputeDerivedVars():ivector-extractor.cc:204) Done.
LOG (ivector-extract-online2[5.5.552~1-d97f]:main():ivector-extract-online2.cc:177) Estimated iVectors for 1 files, 0 with errors.
LOG (ivector-extract-online2[5.5.552~1-d97f]:main():ivector-extract-online2.cc:179) Average objective-function improvement was 34.9624 per frame, over 500 frames (weighted).
LOG (ivector-extract-online2[5.5.552~1-d97f]:main():ivector-extract-online2.cc:182) Average iVector length was 6.2688 and at utterance-end was 12.8623, over 500 frames (weighted);  expected length is 10
ivector-extract-online2 --verbose=1 --config=model/aspire/ivector_extractor.conf --ivector-period=10 ark:model/spk/spk_map.scp scp:/home/testDevilWhisper/kaldi/egs/mini_librispeech/s5/bin/bing/1745184482/0/audio_mfcc_map.scp ark,scp,t:/home/testDevilWhisper/kaldi/egs/mini_librispeech/s5/bin/bing/1745184482/0/audio_ivector.ark,/home/testDevilWhisper/kaldi/egs/mini_librispeech/s5/bin/bing/1745184482/0/audio_ivector_map.scp 
LOG (ivector-extract-online2[5.5.552~1-d97f]:ComputeDerivedVars():ivector-extractor.cc:183) Computing derived variables for iVector extractor
LOG (ivector-extract-online2[5.5.552~1-d97f]:ComputeDerivedVars():ivector-extractor.cc:204) Done.
LOG (ivector-extract-online2[5.5.552~1-d97f]:main():ivector-extract-online2.cc:177) Estimated iVectors for 1 files, 0 with errors.
LOG (ivector-extract-online2[5.5.552~1-d97f]:main():ivector-extract-online2.cc:179) Average objective-function improvement was 36.1277 per frame, over 500 frames (weighted).
LOG (ivector-extract-online2[5.5.552~1-d97f]:main():ivector-extract-online2.cc:182) Average iVector length was 6.29497 and at utterance-end was 12.9399, over 500 frames (weighted);  expected length is 10
ivector-extract-online2 --verbose=1 --config=model/aspire/ivector_extractor.conf --ivector-period=10 ark:model/spk/spk_map.scp scp:/home/testDevilWhisper/kaldi/egs/mini_librispeech/s5/bin/bing/1745184482/0/audio_mfcc_map.scp ark,scp,t:/home/testDevilWhisper/kaldi/egs/mini_librispeech/s5/bin/bing/1745184482/0/audio_ivector.ark,/home/testDevilWhisper/kaldi/egs/mini_librispeech/s5/bin/bing/1745184482/0/audio_ivector_map.scp 
LOG (ivector-extract-online2[5.5.552~1-d97f]:ComputeDerivedVars():ivector-extractor.cc:183) Computing derived variables for iVector extractor
LOG (ivector-extract-online2[5.5.552~1-d97f]:ComputeDerivedVars():ivector-extractor.cc:204) Done.
LOG (ivector-extract-online2[5.5.552~1-d97f]:main():ivector-extract-online2.cc:177) Estimated iVectors for 1 files, 0 with errors.
LOG (ivector-extract-online2[5.5.552~1-d97f]:main():ivector-extract-online2.cc:179) Average objective-function improvement was 34.259 per frame, over 500 frames (weighted).
LOG (ivector-extract-online2[5.5.552~1-d97f]:main():ivector-extract-online2.cc:182) Average iVector length was 6.26673 and at utterance-end was 12.9024, over 500 frames (weighted);  expected length is 10
ivector-extract-online2 --verbose=1 --config=model/aspire/ivector_extractor.conf --ivector-period=10 ark:model/spk/spk_map.scp scp:/home/testDevilWhisper/kaldi/egs/mini_librispeech/s5/bin/bing/1745184482/0/audio_mfcc_map.scp ark,scp,t:/home/testDevilWhisper/kaldi/egs/mini_librispeech/s5/bin/bing/1745184482/0/audio_ivector.ark,/home/testDevilWhisper/kaldi/egs/mini_librispeech/s5/bin/bing/1745184482/0/audio_ivector_map.scp 
LOG (ivector-extract-online2[5.5.552~1-d97f]:ComputeDerivedVars():ivector-extractor.cc:183) Computing derived variables for iVector extractor
LOG (ivector-extract-online2[5.5.552~1-d97f]:ComputeDerivedVars():ivector-extractor.cc:204) Done.
LOG (ivector-extract-online2[5.5.552~1-d97f]:main():ivector-extract-online2.cc:177) Estimated iVectors for 1 files, 0 with errors.
LOG (ivector-extract-online2[5.5.552~1-d97f]:main():ivector-extract-online2.cc:179) Average objective-function improvement was 34.4172 per frame, over 500 frames (weighted).
LOG (ivector-extract-online2[5.5.552~1-d97f]:main():ivector-extract-online2.cc:182) Average iVector length was 6.31716 and at utterance-end was 12.9002, over 500 frames (weighted);  expected length is 10
ivector-extract-online2 --verbose=1 --config=model/aspire/ivector_extractor.conf --ivector-period=10 ark:model/spk/spk_map.scp scp:/home/testDevilWhisper/kaldi/egs/mini_librispeech/s5/bin/bing/1745184482/0/audio_mfcc_map.scp ark,scp,t:/home/testDevilWhisper/kaldi/egs/mini_librispeech/s5/bin/bing/1745184482/0/audio_ivector.ark,/home/testDevilWhisper/kaldi/egs/mini_librispeech/s5/bin/bing/1745184482/0/audio_ivector_map.scp 
LOG (ivector-extract-online2[5.5.552~1-d97f]:ComputeDerivedVars():ivector-extractor.cc:183) Computing derived variables for iVector extractor
LOG (ivector-extract-online2[5.5.552~1-d97f]:ComputeDerivedVars():ivector-extractor.cc:204) Done.
LOG (ivector-extract-online2[5.5.552~1-d97f]:main():ivector-extract-online2.cc:177) Estimated iVectors for 1 files, 0 with errors.
LOG (ivector-extract-online2[5.5.552~1-d97f]:main():ivector-extract-online2.cc:179) Average objective-function improvement was 36.3012 per frame, over 500 frames (weighted).
LOG (ivector-extract-online2[5.5.552~1-d97f]:main():ivector-extract-online2.cc:182) Average iVector length was 6.2517 and at utterance-end was 12.9094, over 500 frames (weighted);  expected length is 10
ivector-extract-online2 --verbose=1 --config=model/aspire/ivector_extractor.conf --ivector-period=10 ark:model/spk/spk_map.scp scp:/home/testDevilWhisper/kaldi/egs/mini_librispeech/s5/bin/bing/1745184482/0/audio_mfcc_map.scp ark,scp,t:/home/testDevilWhisper/kaldi/egs/mini_librispeech/s5/bin/bing/1745184482/0/audio_ivector.ark,/home/testDevilWhisper/kaldi/egs/mini_librispeech/s5/bin/bing/1745184482/0/audio_ivector_map.scp 
LOG (ivector-extract-online2[5.5.552~1-d97f]:ComputeDerivedVars():ivector-extractor.cc:183) Computing derived variables for iVector extractor
LOG (ivector-extract-online2[5.5.552~1-d97f]:ComputeDerivedVars():ivector-extractor.cc:204) Done.
LOG (ivector-extract-online2[5.5.552~1-d97f]:main():ivector-extract-online2.cc:177) Estimated iVectors for 1 files, 0 with errors.
LOG (ivector-extract-online2[5.5.552~1-d97f]:main():ivector-extract-online2.cc:179) Average objective-function improvement was 36.21 per frame, over 500 frames (weighted).
LOG (ivector-extract-online2[5.5.552~1-d97f]:main():ivector-extract-online2.cc:182) Average iVector length was 6.30389 and at utterance-end was 12.9487, over 500 frames (weighted);  expected length is 10
ivector-extract-online2 --verbose=1 --config=model/aspire/ivector_extractor.conf --ivector-period=10 ark:model/spk/spk_map.scp scp:/home/testDevilWhisper/kaldi/egs/mini_librispeech/s5/bin/bing/1745184482/0/audio_mfcc_map.scp ark,scp,t:/home/testDevilWhisper/kaldi/egs/mini_librispeech/s5/bin/bing/1745184482/0/audio_ivector.ark,/home/testDevilWhisper/kaldi/egs/mini_librispeech/s5/bin/bing/1745184482/0/audio_ivector_map.scp 
LOG (ivector-extract-online2[5.5.552~1-d97f]:ComputeDerivedVars():ivector-extractor.cc:183) Computing derived variables for iVector extractor
LOG (ivector-extract-online2[5.5.552~1-d97f]:ComputeDerivedVars():ivector-extractor.cc:204) Done.
LOG (ivector-extract-online2[5.5.552~1-d97f]:main():ivector-extract-online2.cc:177) Estimated iVectors for 1 files, 0 with errors.
LOG (ivector-extract-online2[5.5.552~1-d97f]:main():ivector-extract-online2.cc:179) Average objective-function improvement was 37.6716 per frame, over 500 frames (weighted).
LOG (ivector-extract-online2[5.5.552~1-d97f]:main():ivector-extract-online2.cc:182) Average iVector length was 6.35031 and at utterance-end was 13.0278, over 500 frames (weighted);  expected length is 10
ivector-extract-online2 --verbose=1 --config=model/aspire/ivector_extractor.conf --ivector-period=10 ark:model/spk/spk_map.scp scp:/home/testDevilWhisper/kaldi/egs/mini_librispeech/s5/bin/bing/1745184482/0/audio_mfcc_map.scp ark,scp,t:/home/testDevilWhisper/kaldi/egs/mini_librispeech/s5/bin/bing/1745184482/0/audio_ivector.ark,/home/testDevilWhisper/kaldi/egs/mini_librispeech/s5/bin/bing/1745184482/0/audio_ivector_map.scp 
LOG (ivector-extract-online2[5.5.552~1-d97f]:ComputeDerivedVars():ivector-extractor.cc:183) Computing derived variables for iVector extractor
LOG (ivector-extract-online2[5.5.552~1-d97f]:ComputeDerivedVars():ivector-extractor.cc:204) Done.
LOG (ivector-extract-online2[5.5.552~1-d97f]:main():ivector-extract-online2.cc:177) Estimated iVectors for 1 files, 0 with errors.
LOG (ivector-extract-online2[5.5.552~1-d97f]:main():ivector-extract-online2.cc:179) Average objective-function improvement was 34.7405 per frame, over 500 frames (weighted).
LOG (ivector-extract-online2[5.5.552~1-d97f]:main():ivector-extract-online2.cc:182) Average iVector length was 6.26268 and at utterance-end was 12.8182, over 500 frames (weighted);  expected length is 10
ivector-extract-online2 --verbose=1 --config=model/aspire/ivector_extractor.conf --ivector-period=10 ark:model/spk/spk_map.scp scp:/home/testDevilWhisper/kaldi/egs/mini_librispeech/s5/bin/bing/1745184482/0/audio_mfcc_map.scp ark,scp,t:/home/testDevilWhisper/kaldi/egs/mini_librispeech/s5/bin/bing/1745184482/0/audio_ivector.ark,/home/testDevilWhisper/kaldi/egs/mini_librispeech/s5/bin/bing/1745184482/0/audio_ivector_map.scp 
LOG (ivector-extract-online2[5.5.552~1-d97f]:ComputeDerivedVars():ivector-extractor.cc:183) Computing derived variables for iVector extractor
LOG (ivector-extract-online2[5.5.552~1-d97f]:ComputeDerivedVars():ivector-extractor.cc:204) Done.
LOG (ivector-extract-online2[5.5.552~1-d97f]:main():ivector-extract-online2.cc:177) Estimated iVectors for 1 files, 0 with errors.
LOG (ivector-extract-online2[5.5.552~1-d97f]:main():ivector-extract-online2.cc:179) Average objective-function improvement was 35.9001 per frame, over 500 frames (weighted).
LOG (ivector-extract-online2[5.5.552~1-d97f]:main():ivector-extract-online2.cc:182) Average iVector length was 6.31044 and at utterance-end was 12.9264, over 500 frames (weighted);  expected length is 10
ivector-extract-online2 --verbose=1 --config=model/aspire/ivector_extractor.conf --ivector-period=10 ark:model/spk/spk_map.scp scp:/home/testDevilWhisper/kaldi/egs/mini_librispeech/s5/bin/bing/1745184482/0/audio_mfcc_map.scp ark,scp,t:/home/testDevilWhisper/kaldi/egs/mini_librispeech/s5/bin/bing/1745184482/0/audio_ivector.ark,/home/testDevilWhisper/kaldi/egs/mini_librispeech/s5/bin/bing/1745184482/0/audio_ivector_map.scp 
LOG (ivector-extract-online2[5.5.552~1-d97f]:ComputeDerivedVars():ivector-extractor.cc:183) Computing derived variables for iVector extractor
LOG (ivector-extract-online2[5.5.552~1-d97f]:ComputeDerivedVars():ivector-extractor.cc:204) Done.
LOG (ivector-extract-online2[5.5.552~1-d97f]:main():ivector-extract-online2.cc:177) Estimated iVectors for 1 files, 0 with errors.
LOG (ivector-extract-online2[5.5.552~1-d97f]:main():ivector-extract-online2.cc:179) Average objective-function improvement was 36.5799 per frame, over 500 frames (weighted).
LOG (ivector-extract-online2[5.5.552~1-d97f]:main():ivector-extract-online2.cc:182) Average iVector length was 6.30195 and at utterance-end was 12.9414, over 500 frames (weighted);  expected length is 10
ivector-extract-online2 --verbose=1 --config=model/aspire/ivector_extractor.conf --ivector-period=10 ark:model/spk/spk_map.scp scp:/home/testDevilWhisper/kaldi/egs/mini_librispeech/s5/bin/bing/1745184482/0/audio_mfcc_map.scp ark,scp,t:/home/testDevilWhisper/kaldi/egs/mini_librispeech/s5/bin/bing/1745184482/0/audio_ivector.ark,/home/testDevilWhisper/kaldi/egs/mini_librispeech/s5/bin/bing/1745184482/0/audio_ivector_map.scp 
LOG (ivector-extract-online2[5.5.552~1-d97f]:ComputeDerivedVars():ivector-extractor.cc:183) Computing derived variables for iVector extractor
LOG (ivector-extract-online2[5.5.552~1-d97f]:ComputeDerivedVars():ivector-extractor.cc:204) Done.
LOG (ivector-extract-online2[5.5.552~1-d97f]:main():ivector-extract-online2.cc:177) Estimated iVectors for 1 files, 0 with errors.
LOG (ivector-extract-online2[5.5.552~1-d97f]:main():ivector-extract-online2.cc:179) Average objective-function improvement was 34.7126 per frame, over 500 frames (weighted).
LOG (ivector-extract-online2[5.5.552~1-d97f]:main():ivector-extract-online2.cc:182) Average iVector length was 6.29266 and at utterance-end was 12.9281, over 500 frames (weighted);  expected length is 10
ivector-extract-online2 --verbose=1 --config=model/aspire/ivector_extractor.conf --ivector-period=10 ark:model/spk/spk_map.scp scp:/home/testDevilWhisper/kaldi/egs/mini_librispeech/s5/bin/bing/1745184482/0/audio_mfcc_map.scp ark,scp,t:/home/testDevilWhisper/kaldi/egs/mini_librispeech/s5/bin/bing/1745184482/0/audio_ivector.ark,/home/testDevilWhisper/kaldi/egs/mini_librispeech/s5/bin/bing/1745184482/0/audio_ivector_map.scp 
LOG (ivector-extract-online2[5.5.552~1-d97f]:ComputeDerivedVars():ivector-extractor.cc:183) Computing derived variables for iVector extractor
LOG (ivector-extract-online2[5.5.552~1-d97f]:ComputeDerivedVars():ivector-extractor.cc:204) Done.
LOG (ivector-extract-online2[5.5.552~1-d97f]:main():ivector-extract-online2.cc:177) Estimated iVectors for 1 files, 0 with errors.
LOG (ivector-extract-online2[5.5.552~1-d97f]:main():ivector-extract-online2.cc:179) Average objective-function improvement was 36.5298 per frame, over 500 frames (weighted).
LOG (ivector-extract-online2[5.5.552~1-d97f]:main():ivector-extract-online2.cc:182) Average iVector length was 6.30251 and at utterance-end was 12.971, over 500 frames (weighted);  expected length is 10
ivector-extract-online2 --verbose=1 --config=model/aspire/ivector_extractor.conf --ivector-period=10 ark:model/spk/spk_map.scp scp:/home/testDevilWhisper/kaldi/egs/mini_librispeech/s5/bin/bing/1745184482/0/audio_mfcc_map.scp ark,scp,t:/home/testDevilWhisper/kaldi/egs/mini_librispeech/s5/bin/bing/1745184482/0/audio_ivector.ark,/home/testDevilWhisper/kaldi/egs/mini_librispeech/s5/bin/bing/1745184482/0/audio_ivector_map.scp 
LOG (ivector-extract-online2[5.5.552~1-d97f]:ComputeDerivedVars():ivector-extractor.cc:183) Computing derived variables for iVector extractor
LOG (ivector-extract-online2[5.5.552~1-d97f]:ComputeDerivedVars():ivector-extractor.cc:204) Done.
LOG (ivector-extract-online2[5.5.552~1-d97f]:main():ivector-extract-online2.cc:177) Estimated iVectors for 1 files, 0 with errors.
LOG (ivector-extract-online2[5.5.552~1-d97f]:main():ivector-extract-online2.cc:179) Average objective-function improvement was 35.8807 per frame, over 500 frames (weighted).
LOG (ivector-extract-online2[5.5.552~1-d97f]:main():ivector-extract-online2.cc:182) Average iVector length was 6.26293 and at utterance-end was 12.8924, over 500 frames (weighted);  expected length is 10
ivector-extract-online2 --verbose=1 --config=model/aspire/ivector_extractor.conf --ivector-period=10 ark:model/spk/spk_map.scp scp:/home/testDevilWhisper/kaldi/egs/mini_librispeech/s5/bin/bing/1745184482/0/audio_mfcc_map.scp ark,scp,t:/home/testDevilWhisper/kaldi/egs/mini_librispeech/s5/bin/bing/1745184482/0/audio_ivector.ark,/home/testDevilWhisper/kaldi/egs/mini_librispeech/s5/bin/bing/1745184482/0/audio_ivector_map.scp 
LOG (ivector-extract-online2[5.5.552~1-d97f]:ComputeDerivedVars():ivector-extractor.cc:183) Computing derived variables for iVector extractor
LOG (ivector-extract-online2[5.5.552~1-d97f]:ComputeDerivedVars():ivector-extractor.cc:204) Done.
LOG (ivector-extract-online2[5.5.552~1-d97f]:main():ivector-extract-online2.cc:177) Estimated iVectors for 1 files, 0 with errors.
LOG (ivector-extract-online2[5.5.552~1-d97f]:main():ivector-extract-online2.cc:179) Average objective-function improvement was 36.3746 per frame, over 500 frames (weighted).
LOG (ivector-extract-online2[5.5.552~1-d97f]:main():ivector-extract-online2.cc:182) Average iVector length was 6.31872 and at utterance-end was 12.8375, over 500 frames (weighted);  expected length is 10
ivector-extract-online2 --verbose=1 --config=model/aspire/ivector_extractor.conf --ivector-period=10 ark:model/spk/spk_map.scp scp:/home/testDevilWhisper/kaldi/egs/mini_librispeech/s5/bin/bing/1745184482/0/audio_mfcc_map.scp ark,scp,t:/home/testDevilWhisper/kaldi/egs/mini_librispeech/s5/bin/bing/1745184482/0/audio_ivector.ark,/home/testDevilWhisper/kaldi/egs/mini_librispeech/s5/bin/bing/1745184482/0/audio_ivector_map.scp 
LOG (ivector-extract-online2[5.5.552~1-d97f]:ComputeDerivedVars():ivector-extractor.cc:183) Computing derived variables for iVector extractor
LOG (ivector-extract-online2[5.5.552~1-d97f]:ComputeDerivedVars():ivector-extractor.cc:204) Done.
LOG (ivector-extract-online2[5.5.552~1-d97f]:main():ivector-extract-online2.cc:177) Estimated iVectors for 1 files, 0 with errors.
LOG (ivector-extract-online2[5.5.552~1-d97f]:main():ivector-extract-online2.cc:179) Average objective-function improvement was 34.7672 per frame, over 500 frames (weighted).
LOG (ivector-extract-online2[5.5.552~1-d97f]:main():ivector-extract-online2.cc:182) Average iVector length was 6.27995 and at utterance-end was 12.8691, over 500 frames (weighted);  expected length is 10
ivector-extract-online2 --verbose=1 --config=model/aspire/ivector_extractor.conf --ivector-period=10 ark:model/spk/spk_map.scp scp:/home/testDevilWhisper/kaldi/egs/mini_librispeech/s5/bin/bing/1745184482/0/audio_mfcc_map.scp ark,scp,t:/home/testDevilWhisper/kaldi/egs/mini_librispeech/s5/bin/bing/1745184482/0/audio_ivector.ark,/home/testDevilWhisper/kaldi/egs/mini_librispeech/s5/bin/bing/1745184482/0/audio_ivector_map.scp 
LOG (ivector-extract-online2[5.5.552~1-d97f]:ComputeDerivedVars():ivector-extractor.cc:183) Computing derived variables for iVector extractor
LOG (ivector-extract-online2[5.5.552~1-d97f]:ComputeDerivedVars():ivector-extractor.cc:204) Done.
LOG (ivector-extract-online2[5.5.552~1-d97f]:main():ivector-extract-online2.cc:177) Estimated iVectors for 1 files, 0 with errors.
LOG (ivector-extract-online2[5.5.552~1-d97f]:main():ivector-extract-online2.cc:179) Average objective-function improvement was 36.5744 per frame, over 500 frames (weighted).
LOG (ivector-extract-online2[5.5.552~1-d97f]:main():ivector-extract-online2.cc:182) Average iVector length was 6.31578 and at utterance-end was 12.9648, over 500 frames (weighted);  expected length is 10
ivector-extract-online2 --verbose=1 --config=model/aspire/ivector_extractor.conf --ivector-period=10 ark:model/spk/spk_map.scp scp:/home/testDevilWhisper/kaldi/egs/mini_librispeech/s5/bin/bing/1745184482/0/audio_mfcc_map.scp ark,scp,t:/home/testDevilWhisper/kaldi/egs/mini_librispeech/s5/bin/bing/1745184482/0/audio_ivector.ark,/home/testDevilWhisper/kaldi/egs/mini_librispeech/s5/bin/bing/1745184482/0/audio_ivector_map.scp 
LOG (ivector-extract-online2[5.5.552~1-d97f]:ComputeDerivedVars():ivector-extractor.cc:183) Computing derived variables for iVector extractor
LOG (ivector-extract-online2[5.5.552~1-d97f]:ComputeDerivedVars():ivector-extractor.cc:204) Done.
LOG (ivector-extract-online2[5.5.552~1-d97f]:main():ivector-extract-online2.cc:177) Estimated iVectors for 1 files, 0 with errors.
LOG (ivector-extract-online2[5.5.552~1-d97f]:main():ivector-extract-online2.cc:179) Average objective-function improvement was 36.0997 per frame, over 500 frames (weighted).
LOG (ivector-extract-online2[5.5.552~1-d97f]:main():ivector-extract-online2.cc:182) Average iVector length was 6.29941 and at utterance-end was 12.9558, over 500 frames (weighted);  expected length is 10
ivector-extract-online2 --verbose=1 --config=model/aspire/ivector_extractor.conf --ivector-period=10 ark:model/spk/spk_map.scp scp:/home/testDevilWhisper/kaldi/egs/mini_librispeech/s5/bin/bing/1745184482/0/audio_mfcc_map.scp ark,scp,t:/home/testDevilWhisper/kaldi/egs/mini_librispeech/s5/bin/bing/1745184482/0/audio_ivector.ark,/home/testDevilWhisper/kaldi/egs/mini_librispeech/s5/bin/bing/1745184482/0/audio_ivector_map.scp 
LOG (ivector-extract-online2[5.5.552~1-d97f]:ComputeDerivedVars():ivector-extractor.cc:183) Computing derived variables for iVector extractor
LOG (ivector-extract-online2[5.5.552~1-d97f]:ComputeDerivedVars():ivector-extractor.cc:204) Done.
LOG (ivector-extract-online2[5.5.552~1-d97f]:main():ivector-extract-online2.cc:177) Estimated iVectors for 1 files, 0 with errors.
LOG (ivector-extract-online2[5.5.552~1-d97f]:main():ivector-extract-online2.cc:179) Average objective-function improvement was 37.2749 per frame, over 500 frames (weighted).
LOG (ivector-extract-online2[5.5.552~1-d97f]:main():ivector-extract-online2.cc:182) Average iVector length was 6.35439 and at utterance-end was 13.0278, over 500 frames (weighted);  expected length is 10
ivector-extract-online2 --verbose=1 --config=model/aspire/ivector_extractor.conf --ivector-period=10 ark:model/spk/spk_map.scp scp:/home/testDevilWhisper/kaldi/egs/mini_librispeech/s5/bin/bing/1745184482/0/audio_mfcc_map.scp ark,scp,t:/home/testDevilWhisper/kaldi/egs/mini_librispeech/s5/bin/bing/1745184482/0/audio_ivector.ark,/home/testDevilWhisper/kaldi/egs/mini_librispeech/s5/bin/bing/1745184482/0/audio_ivector_map.scp 
LOG (ivector-extract-online2[5.5.552~1-d97f]:ComputeDerivedVars():ivector-extractor.cc:183) Computing derived variables for iVector extractor
LOG (ivector-extract-online2[5.5.552~1-d97f]:ComputeDerivedVars():ivector-extractor.cc:204) Done.
LOG (ivector-extract-online2[5.5.552~1-d97f]:main():ivector-extract-online2.cc:177) Estimated iVectors for 1 files, 0 with errors.
LOG (ivector-extract-online2[5.5.552~1-d97f]:main():ivector-extract-online2.cc:179) Average objective-function improvement was 36.6666 per frame, over 500 frames (weighted).
LOG (ivector-extract-online2[5.5.552~1-d97f]:main():ivector-extract-online2.cc:182) Average iVector length was 6.32722 and at utterance-end was 13.0175, over 500 frames (weighted);  expected length is 10
ivector-extract-online2 --verbose=1 --config=model/aspire/ivector_extractor.conf --ivector-period=10 ark:model/spk/spk_map.scp scp:/home/testDevilWhisper/kaldi/egs/mini_librispeech/s5/bin/bing/1745184482/0/audio_mfcc_map.scp ark,scp,t:/home/testDevilWhisper/kaldi/egs/mini_librispeech/s5/bin/bing/1745184482/0/audio_ivector.ark,/home/testDevilWhisper/kaldi/egs/mini_librispeech/s5/bin/bing/1745184482/0/audio_ivector_map.scp 
LOG (ivector-extract-online2[5.5.552~1-d97f]:ComputeDerivedVars():ivector-extractor.cc:183) Computing derived variables for iVector extractor
LOG (ivector-extract-online2[5.5.552~1-d97f]:ComputeDerivedVars():ivector-extractor.cc:204) Done.
LOG (ivector-extract-online2[5.5.552~1-d97f]:main():ivector-extract-online2.cc:177) Estimated iVectors for 1 files, 0 with errors.
LOG (ivector-extract-online2[5.5.552~1-d97f]:main():ivector-extract-online2.cc:179) Average objective-function improvement was 37.0772 per frame, over 500 frames (weighted).
LOG (ivector-extract-online2[5.5.552~1-d97f]:main():ivector-extract-online2.cc:182) Average iVector length was 6.29967 and at utterance-end was 12.9784, over 500 frames (weighted);  expected length is 10
ivector-extract-online2 --verbose=1 --config=model/aspire/ivector_extractor.conf --ivector-period=10 ark:model/spk/spk_map.scp scp:/home/testDevilWhisper/kaldi/egs/mini_librispeech/s5/bin/bing/1745184482/0/audio_mfcc_map.scp ark,scp,t:/home/testDevilWhisper/kaldi/egs/mini_librispeech/s5/bin/bing/1745184482/0/audio_ivector.ark,/home/testDevilWhisper/kaldi/egs/mini_librispeech/s5/bin/bing/1745184482/0/audio_ivector_map.scp 
LOG (ivector-extract-online2[5.5.552~1-d97f]:ComputeDerivedVars():ivector-extractor.cc:183) Computing derived variables for iVector extractor
LOG (ivector-extract-online2[5.5.552~1-d97f]:ComputeDerivedVars():ivector-extractor.cc:204) Done.
LOG (ivector-extract-online2[5.5.552~1-d97f]:main():ivector-extract-online2.cc:177) Estimated iVectors for 1 files, 0 with errors.
LOG (ivector-extract-online2[5.5.552~1-d97f]:main():ivector-extract-online2.cc:179) Average objective-function improvement was 38.3134 per frame, over 500 frames (weighted).
LOG (ivector-extract-online2[5.5.552~1-d97f]:main():ivector-extract-online2.cc:182) Average iVector length was 6.30583 and at utterance-end was 12.9404, over 500 frames (weighted);  expected length is 10
ivector-extract-online2 --verbose=1 --config=model/aspire/ivector_extractor.conf --ivector-period=10 ark:model/spk/spk_map.scp scp:/home/testDevilWhisper/kaldi/egs/mini_librispeech/s5/bin/bing/1745184482/0/audio_mfcc_map.scp ark,scp,t:/home/testDevilWhisper/kaldi/egs/mini_librispeech/s5/bin/bing/1745184482/0/audio_ivector.ark,/home/testDevilWhisper/kaldi/egs/mini_librispeech/s5/bin/bing/1745184482/0/audio_ivector_map.scp 
LOG (ivector-extract-online2[5.5.552~1-d97f]:ComputeDerivedVars():ivector-extractor.cc:183) Computing derived variables for iVector extractor
LOG (ivector-extract-online2[5.5.552~1-d97f]:ComputeDerivedVars():ivector-extractor.cc:204) Done.
LOG (ivector-extract-online2[5.5.552~1-d97f]:main():ivector-extract-online2.cc:177) Estimated iVectors for 1 files, 0 with errors.
LOG (ivector-extract-online2[5.5.552~1-d97f]:main():ivector-extract-online2.cc:179) Average objective-function improvement was 35.6486 per frame, over 500 frames (weighted).
LOG (ivector-extract-online2[5.5.552~1-d97f]:main():ivector-extract-online2.cc:182) Average iVector length was 6.29061 and at utterance-end was 12.9186, over 500 frames (weighted);  expected length is 10
ivector-extract-online2 --verbose=1 --config=model/aspire/ivector_extractor.conf --ivector-period=10 ark:model/spk/spk_map.scp scp:/home/testDevilWhisper/kaldi/egs/mini_librispeech/s5/bin/bing/1745184482/0/audio_mfcc_map.scp ark,scp,t:/home/testDevilWhisper/kaldi/egs/mini_librispeech/s5/bin/bing/1745184482/0/audio_ivector.ark,/home/testDevilWhisper/kaldi/egs/mini_librispeech/s5/bin/bing/1745184482/0/audio_ivector_map.scp 
LOG (ivector-extract-online2[5.5.552~1-d97f]:ComputeDerivedVars():ivector-extractor.cc:183) Computing derived variables for iVector extractor
LOG (ivector-extract-online2[5.5.552~1-d97f]:ComputeDerivedVars():ivector-extractor.cc:204) Done.
LOG (ivector-extract-online2[5.5.552~1-d97f]:main():ivector-extract-online2.cc:177) Estimated iVectors for 1 files, 0 with errors.
LOG (ivector-extract-online2[5.5.552~1-d97f]:main():ivector-extract-online2.cc:179) Average objective-function improvement was 37.6142 per frame, over 500 frames (weighted).
LOG (ivector-extract-online2[5.5.552~1-d97f]:main():ivector-extract-online2.cc:182) Average iVector length was 6.31999 and at utterance-end was 13.0214, over 500 frames (weighted);  expected length is 10
ivector-extract-online2 --verbose=1 --config=model/aspire/ivector_extractor.conf --ivector-period=10 ark:model/spk/spk_map.scp scp:/home/testDevilWhisper/kaldi/egs/mini_librispeech/s5/bin/bing/1745184482/0/audio_mfcc_map.scp ark,scp,t:/home/testDevilWhisper/kaldi/egs/mini_librispeech/s5/bin/bing/1745184482/0/audio_ivector.ark,/home/testDevilWhisper/kaldi/egs/mini_librispeech/s5/bin/bing/1745184482/0/audio_ivector_map.scp 
LOG (ivector-extract-online2[5.5.552~1-d97f]:ComputeDerivedVars():ivector-extractor.cc:183) Computing derived variables for iVector extractor
LOG (ivector-extract-online2[5.5.552~1-d97f]:ComputeDerivedVars():ivector-extractor.cc:204) Done.
LOG (ivector-extract-online2[5.5.552~1-d97f]:main():ivector-extract-online2.cc:177) Estimated iVectors for 1 files, 0 with errors.
LOG (ivector-extract-online2[5.5.552~1-d97f]:main():ivector-extract-online2.cc:179) Average objective-function improvement was 35.1399 per frame, over 500 frames (weighted).
LOG (ivector-extract-online2[5.5.552~1-d97f]:main():ivector-extract-online2.cc:182) Average iVector length was 6.29181 and at utterance-end was 12.8984, over 500 frames (weighted);  expected length is 10
ivector-extract-online2 --verbose=1 --config=model/aspire/ivector_extractor.conf --ivector-period=10 ark:model/spk/spk_map.scp scp:/home/testDevilWhisper/kaldi/egs/mini_librispeech/s5/bin/bing/1745184482/0/audio_mfcc_map.scp ark,scp,t:/home/testDevilWhisper/kaldi/egs/mini_librispeech/s5/bin/bing/1745184482/0/audio_ivector.ark,/home/testDevilWhisper/kaldi/egs/mini_librispeech/s5/bin/bing/1745184482/0/audio_ivector_map.scp 
LOG (ivector-extract-online2[5.5.552~1-d97f]:ComputeDerivedVars():ivector-extractor.cc:183) Computing derived variables for iVector extractor
LOG (ivector-extract-online2[5.5.552~1-d97f]:ComputeDerivedVars():ivector-extractor.cc:204) Done.
LOG (ivector-extract-online2[5.5.552~1-d97f]:main():ivector-extract-online2.cc:177) Estimated iVectors for 1 files, 0 with errors.
LOG (ivector-extract-online2[5.5.552~1-d97f]:main():ivector-extract-online2.cc:179) Average objective-function improvement was 36.8933 per frame, over 500 frames (weighted).
LOG (ivector-extract-online2[5.5.552~1-d97f]:main():ivector-extract-online2.cc:182) Average iVector length was 6.30726 and at utterance-end was 12.9212, over 500 frames (weighted);  expected length is 10
ivector-extract-online2 --verbose=1 --config=model/aspire/ivector_extractor.conf --ivector-period=10 ark:model/spk/spk_map.scp scp:/home/testDevilWhisper/kaldi/egs/mini_librispeech/s5/bin/bing/1745184482/0/audio_mfcc_map.scp ark,scp,t:/home/testDevilWhisper/kaldi/egs/mini_librispeech/s5/bin/bing/1745184482/0/audio_ivector.ark,/home/testDevilWhisper/kaldi/egs/mini_librispeech/s5/bin/bing/1745184482/0/audio_ivector_map.scp 
LOG (ivector-extract-online2[5.5.552~1-d97f]:ComputeDerivedVars():ivector-extractor.cc:183) Computing derived variables for iVector extractor
LOG (ivector-extract-online2[5.5.552~1-d97f]:ComputeDerivedVars():ivector-extractor.cc:204) Done.
LOG (ivector-extract-online2[5.5.552~1-d97f]:main():ivector-extract-online2.cc:177) Estimated iVectors for 1 files, 0 with errors.
LOG (ivector-extract-online2[5.5.552~1-d97f]:main():ivector-extract-online2.cc:179) Average objective-function improvement was 35.9259 per frame, over 500 frames (weighted).
LOG (ivector-extract-online2[5.5.552~1-d97f]:main():ivector-extract-online2.cc:182) Average iVector length was 6.27509 and at utterance-end was 12.8789, over 500 frames (weighted);  expected length is 10
ivector-extract-online2 --verbose=1 --config=model/aspire/ivector_extractor.conf --ivector-period=10 ark:model/spk/spk_map.scp scp:/home/testDevilWhisper/kaldi/egs/mini_librispeech/s5/bin/bing/1745184482/0/audio_mfcc_map.scp ark,scp,t:/home/testDevilWhisper/kaldi/egs/mini_librispeech/s5/bin/bing/1745184482/0/audio_ivector.ark,/home/testDevilWhisper/kaldi/egs/mini_librispeech/s5/bin/bing/1745184482/0/audio_ivector_map.scp 
LOG (ivector-extract-online2[5.5.552~1-d97f]:ComputeDerivedVars():ivector-extractor.cc:183) Computing derived variables for iVector extractor
LOG (ivector-extract-online2[5.5.552~1-d97f]:ComputeDerivedVars():ivector-extractor.cc:204) Done.
LOG (ivector-extract-online2[5.5.552~1-d97f]:main():ivector-extract-online2.cc:177) Estimated iVectors for 1 files, 0 with errors.
LOG (ivector-extract-online2[5.5.552~1-d97f]:main():ivector-extract-online2.cc:179) Average objective-function improvement was 34.4215 per frame, over 500 frames (weighted).
LOG (ivector-extract-online2[5.5.552~1-d97f]:main():ivector-extract-online2.cc:182) Average iVector length was 6.34149 and at utterance-end was 13.0168, over 500 frames (weighted);  expected length is 10
ivector-extract-online2 --verbose=1 --config=model/aspire/ivector_extractor.conf --ivector-period=10 ark:model/spk/spk_map.scp scp:/home/testDevilWhisper/kaldi/egs/mini_librispeech/s5/bin/bing/1745184482/0/audio_mfcc_map.scp ark,scp,t:/home/testDevilWhisper/kaldi/egs/mini_librispeech/s5/bin/bing/1745184482/0/audio_ivector.ark,/home/testDevilWhisper/kaldi/egs/mini_librispeech/s5/bin/bing/1745184482/0/audio_ivector_map.scp 
LOG (ivector-extract-online2[5.5.552~1-d97f]:ComputeDerivedVars():ivector-extractor.cc:183) Computing derived variables for iVector extractor
LOG (ivector-extract-online2[5.5.552~1-d97f]:ComputeDerivedVars():ivector-extractor.cc:204) Done.
LOG (ivector-extract-online2[5.5.552~1-d97f]:main():ivector-extract-online2.cc:177) Estimated iVectors for 1 files, 0 with errors.
LOG (ivector-extract-online2[5.5.552~1-d97f]:main():ivector-extract-online2.cc:179) Average objective-function improvement was 35.4021 per frame, over 500 frames (weighted).
LOG (ivector-extract-online2[5.5.552~1-d97f]:main():ivector-extract-online2.cc:182) Average iVector length was 6.31493 and at utterance-end was 12.9242, over 500 frames (weighted);  expected length is 10
ivector-extract-online2 --verbose=1 --config=model/aspire/ivector_extractor.conf --ivector-period=10 ark:model/spk/spk_map.scp scp:/home/testDevilWhisper/kaldi/egs/mini_librispeech/s5/bin/bing/1745184482/0/audio_mfcc_map.scp ark,scp,t:/home/testDevilWhisper/kaldi/egs/mini_librispeech/s5/bin/bing/1745184482/0/audio_ivector.ark,/home/testDevilWhisper/kaldi/egs/mini_librispeech/s5/bin/bing/1745184482/0/audio_ivector_map.scp 
LOG (ivector-extract-online2[5.5.552~1-d97f]:ComputeDerivedVars():ivector-extractor.cc:183) Computing derived variables for iVector extractor
LOG (ivector-extract-online2[5.5.552~1-d97f]:ComputeDerivedVars():ivector-extractor.cc:204) Done.
LOG (ivector-extract-online2[5.5.552~1-d97f]:main():ivector-extract-online2.cc:177) Estimated iVectors for 1 files, 0 with errors.
LOG (ivector-extract-online2[5.5.552~1-d97f]:main():ivector-extract-online2.cc:179) Average objective-function improvement was 36.6011 per frame, over 500 frames (weighted).
LOG (ivector-extract-online2[5.5.552~1-d97f]:main():ivector-extract-online2.cc:182) Average iVector length was 6.33383 and at utterance-end was 13.0233, over 500 frames (weighted);  expected length is 10
ivector-extract-online2 --verbose=1 --config=model/aspire/ivector_extractor.conf --ivector-period=10 ark:model/spk/spk_map.scp scp:/home/testDevilWhisper/kaldi/egs/mini_librispeech/s5/bin/bing/1745184482/0/audio_mfcc_map.scp ark,scp,t:/home/testDevilWhisper/kaldi/egs/mini_librispeech/s5/bin/bing/1745184482/0/audio_ivector.ark,/home/testDevilWhisper/kaldi/egs/mini_librispeech/s5/bin/bing/1745184482/0/audio_ivector_map.scp 
LOG (ivector-extract-online2[5.5.552~1-d97f]:ComputeDerivedVars():ivector-extractor.cc:183) Computing derived variables for iVector extractor
LOG (ivector-extract-online2[5.5.552~1-d97f]:ComputeDerivedVars():ivector-extractor.cc:204) Done.
LOG (ivector-extract-online2[5.5.552~1-d97f]:main():ivector-extract-online2.cc:177) Estimated iVectors for 1 files, 0 with errors.
LOG (ivector-extract-online2[5.5.552~1-d97f]:main():ivector-extract-online2.cc:179) Average objective-function improvement was 36.2347 per frame, over 500 frames (weighted).
LOG (ivector-extract-online2[5.5.552~1-d97f]:main():ivector-extract-online2.cc:182) Average iVector length was 6.35256 and at utterance-end was 13.0149, over 500 frames (weighted);  expected length is 10
ivector-extract-online2 --verbose=1 --config=model/aspire/ivector_extractor.conf --ivector-period=10 ark:model/spk/spk_map.scp scp:/home/testDevilWhisper/kaldi/egs/mini_librispeech/s5/bin/bing/1745184482/0/audio_mfcc_map.scp ark,scp,t:/home/testDevilWhisper/kaldi/egs/mini_librispeech/s5/bin/bing/1745184482/0/audio_ivector.ark,/home/testDevilWhisper/kaldi/egs/mini_librispeech/s5/bin/bing/1745184482/0/audio_ivector_map.scp 
LOG (ivector-extract-online2[5.5.552~1-d97f]:ComputeDerivedVars():ivector-extractor.cc:183) Computing derived variables for iVector extractor
LOG (ivector-extract-online2[5.5.552~1-d97f]:ComputeDerivedVars():ivector-extractor.cc:204) Done.
LOG (ivector-extract-online2[5.5.552~1-d97f]:main():ivector-extract-online2.cc:177) Estimated iVectors for 1 files, 0 with errors.
LOG (ivector-extract-online2[5.5.552~1-d97f]:main():ivector-extract-online2.cc:179) Average objective-function improvement was 37.7037 per frame, over 500 frames (weighted).
LOG (ivector-extract-online2[5.5.552~1-d97f]:main():ivector-extract-online2.cc:182) Average iVector length was 6.32952 and at utterance-end was 13.0049, over 500 frames (weighted);  expected length is 10
ivector-extract-online2 --verbose=1 --config=model/aspire/ivector_extractor.conf --ivector-period=10 ark:model/spk/spk_map.scp scp:/home/testDevilWhisper/kaldi/egs/mini_librispeech/s5/bin/bing/1745184482/0/audio_mfcc_map.scp ark,scp,t:/home/testDevilWhisper/kaldi/egs/mini_librispeech/s5/bin/bing/1745184482/0/audio_ivector.ark,/home/testDevilWhisper/kaldi/egs/mini_librispeech/s5/bin/bing/1745184482/0/audio_ivector_map.scp 
LOG (ivector-extract-online2[5.5.552~1-d97f]:ComputeDerivedVars():ivector-extractor.cc:183) Computing derived variables for iVector extractor
LOG (ivector-extract-online2[5.5.552~1-d97f]:ComputeDerivedVars():ivector-extractor.cc:204) Done.
LOG (ivector-extract-online2[5.5.552~1-d97f]:main():ivector-extract-online2.cc:177) Estimated iVectors for 1 files, 0 with errors.
LOG (ivector-extract-online2[5.5.552~1-d97f]:main():ivector-extract-online2.cc:179) Average objective-function improvement was 35.2328 per frame, over 500 frames (weighted).
LOG (ivector-extract-online2[5.5.552~1-d97f]:main():ivector-extract-online2.cc:182) Average iVector length was 6.30874 and at utterance-end was 12.8531, over 500 frames (weighted);  expected length is 10
ivector-extract-online2 --verbose=1 --config=model/aspire/ivector_extractor.conf --ivector-period=10 ark:model/spk/spk_map.scp scp:/home/testDevilWhisper/kaldi/egs/mini_librispeech/s5/bin/bing/1745184482/0/audio_mfcc_map.scp ark,scp,t:/home/testDevilWhisper/kaldi/egs/mini_librispeech/s5/bin/bing/1745184482/0/audio_ivector.ark,/home/testDevilWhisper/kaldi/egs/mini_librispeech/s5/bin/bing/1745184482/0/audio_ivector_map.scp 
LOG (ivector-extract-online2[5.5.552~1-d97f]:ComputeDerivedVars():ivector-extractor.cc:183) Computing derived variables for iVector extractor
LOG (ivector-extract-online2[5.5.552~1-d97f]:ComputeDerivedVars():ivector-extractor.cc:204) Done.
LOG (ivector-extract-online2[5.5.552~1-d97f]:main():ivector-extract-online2.cc:177) Estimated iVectors for 1 files, 0 with errors.
LOG (ivector-extract-online2[5.5.552~1-d97f]:main():ivector-extract-online2.cc:179) Average objective-function improvement was 35.9597 per frame, over 500 frames (weighted).
LOG (ivector-extract-online2[5.5.552~1-d97f]:main():ivector-extract-online2.cc:182) Average iVector length was 6.31948 and at utterance-end was 12.9224, over 500 frames (weighted);  expected length is 10
ivector-extract-online2 --verbose=1 --config=model/aspire/ivector_extractor.conf --ivector-period=10 ark:model/spk/spk_map.scp scp:/home/testDevilWhisper/kaldi/egs/mini_librispeech/s5/bin/bing/1745184482/0/audio_mfcc_map.scp ark,scp,t:/home/testDevilWhisper/kaldi/egs/mini_librispeech/s5/bin/bing/1745184482/0/audio_ivector.ark,/home/testDevilWhisper/kaldi/egs/mini_librispeech/s5/bin/bing/1745184482/0/audio_ivector_map.scp 
LOG (ivector-extract-online2[5.5.552~1-d97f]:ComputeDerivedVars():ivector-extractor.cc:183) Computing derived variables for iVector extractor
LOG (ivector-extract-online2[5.5.552~1-d97f]:ComputeDerivedVars():ivector-extractor.cc:204) Done.
LOG (ivector-extract-online2[5.5.552~1-d97f]:main():ivector-extract-online2.cc:177) Estimated iVectors for 1 files, 0 with errors.
LOG (ivector-extract-online2[5.5.552~1-d97f]:main():ivector-extract-online2.cc:179) Average objective-function improvement was 36.4238 per frame, over 500 frames (weighted).
LOG (ivector-extract-online2[5.5.552~1-d97f]:main():ivector-extract-online2.cc:182) Average iVector length was 6.35364 and at utterance-end was 12.9574, over 500 frames (weighted);  expected length is 10
ivector-extract-online2 --verbose=1 --config=model/aspire/ivector_extractor.conf --ivector-period=10 ark:model/spk/spk_map.scp scp:/home/testDevilWhisper/kaldi/egs/mini_librispeech/s5/bin/bing/1745184482/0/audio_mfcc_map.scp ark,scp,t:/home/testDevilWhisper/kaldi/egs/mini_librispeech/s5/bin/bing/1745184482/0/audio_ivector.ark,/home/testDevilWhisper/kaldi/egs/mini_librispeech/s5/bin/bing/1745184482/0/audio_ivector_map.scp 
LOG (ivector-extract-online2[5.5.552~1-d97f]:ComputeDerivedVars():ivector-extractor.cc:183) Computing derived variables for iVector extractor
LOG (ivector-extract-online2[5.5.552~1-d97f]:ComputeDerivedVars():ivector-extractor.cc:204) Done.
LOG (ivector-extract-online2[5.5.552~1-d97f]:main():ivector-extract-online2.cc:177) Estimated iVectors for 1 files, 0 with errors.
LOG (ivector-extract-online2[5.5.552~1-d97f]:main():ivector-extract-online2.cc:179) Average objective-function improvement was 36.7994 per frame, over 500 frames (weighted).
LOG (ivector-extract-online2[5.5.552~1-d97f]:main():ivector-extract-online2.cc:182) Average iVector length was 6.33602 and at utterance-end was 12.894, over 500 frames (weighted);  expected length is 10
ivector-extract-online2 --verbose=1 --config=model/aspire/ivector_extractor.conf --ivector-period=10 ark:model/spk/spk_map.scp scp:/home/testDevilWhisper/kaldi/egs/mini_librispeech/s5/bin/bing/1745184482/0/audio_mfcc_map.scp ark,scp,t:/home/testDevilWhisper/kaldi/egs/mini_librispeech/s5/bin/bing/1745184482/0/audio_ivector.ark,/home/testDevilWhisper/kaldi/egs/mini_librispeech/s5/bin/bing/1745184482/0/audio_ivector_map.scp 
LOG (ivector-extract-online2[5.5.552~1-d97f]:ComputeDerivedVars():ivector-extractor.cc:183) Computing derived variables for iVector extractor
LOG (ivector-extract-online2[5.5.552~1-d97f]:ComputeDerivedVars():ivector-extractor.cc:204) Done.
LOG (ivector-extract-online2[5.5.552~1-d97f]:main():ivector-extract-online2.cc:177) Estimated iVectors for 1 files, 0 with errors.
LOG (ivector-extract-online2[5.5.552~1-d97f]:main():ivector-extract-online2.cc:179) Average objective-function improvement was 36.3027 per frame, over 500 frames (weighted).
LOG (ivector-extract-online2[5.5.552~1-d97f]:main():ivector-extract-online2.cc:182) Average iVector length was 6.30222 and at utterance-end was 12.942, over 500 frames (weighted);  expected length is 10
ivector-extract-online2 --verbose=1 --config=model/aspire/ivector_extractor.conf --ivector-period=10 ark:model/spk/spk_map.scp scp:/home/testDevilWhisper/kaldi/egs/mini_librispeech/s5/bin/bing/1745184482/0/audio_mfcc_map.scp ark,scp,t:/home/testDevilWhisper/kaldi/egs/mini_librispeech/s5/bin/bing/1745184482/0/audio_ivector.ark,/home/testDevilWhisper/kaldi/egs/mini_librispeech/s5/bin/bing/1745184482/0/audio_ivector_map.scp 
LOG (ivector-extract-online2[5.5.552~1-d97f]:ComputeDerivedVars():ivector-extractor.cc:183) Computing derived variables for iVector extractor
LOG (ivector-extract-online2[5.5.552~1-d97f]:ComputeDerivedVars():ivector-extractor.cc:204) Done.
LOG (ivector-extract-online2[5.5.552~1-d97f]:main():ivector-extract-online2.cc:177) Estimated iVectors for 1 files, 0 with errors.
LOG (ivector-extract-online2[5.5.552~1-d97f]:main():ivector-extract-online2.cc:179) Average objective-function improvement was 36.7446 per frame, over 500 frames (weighted).
LOG (ivector-extract-online2[5.5.552~1-d97f]:main():ivector-extract-online2.cc:182) Average iVector length was 6.32461 and at utterance-end was 12.9583, over 500 frames (weighted);  expected length is 10
ivector-extract-online2 --verbose=1 --config=model/aspire/ivector_extractor.conf --ivector-period=10 ark:model/spk/spk_map.scp scp:/home/testDevilWhisper/kaldi/egs/mini_librispeech/s5/bin/bing/1745184482/0/audio_mfcc_map.scp ark,scp,t:/home/testDevilWhisper/kaldi/egs/mini_librispeech/s5/bin/bing/1745184482/0/audio_ivector.ark,/home/testDevilWhisper/kaldi/egs/mini_librispeech/s5/bin/bing/1745184482/0/audio_ivector_map.scp 
LOG (ivector-extract-online2[5.5.552~1-d97f]:ComputeDerivedVars():ivector-extractor.cc:183) Computing derived variables for iVector extractor
LOG (ivector-extract-online2[5.5.552~1-d97f]:ComputeDerivedVars():ivector-extractor.cc:204) Done.
LOG (ivector-extract-online2[5.5.552~1-d97f]:main():ivector-extract-online2.cc:177) Estimated iVectors for 1 files, 0 with errors.
LOG (ivector-extract-online2[5.5.552~1-d97f]:main():ivector-extract-online2.cc:179) Average objective-function improvement was 35.414 per frame, over 500 frames (weighted).
LOG (ivector-extract-online2[5.5.552~1-d97f]:main():ivector-extract-online2.cc:182) Average iVector length was 6.27307 and at utterance-end was 12.8803, over 500 frames (weighted);  expected length is 10
ivector-extract-online2 --verbose=1 --config=model/aspire/ivector_extractor.conf --ivector-period=10 ark:model/spk/spk_map.scp scp:/home/testDevilWhisper/kaldi/egs/mini_librispeech/s5/bin/bing/1745184482/0/audio_mfcc_map.scp ark,scp,t:/home/testDevilWhisper/kaldi/egs/mini_librispeech/s5/bin/bing/1745184482/0/audio_ivector.ark,/home/testDevilWhisper/kaldi/egs/mini_librispeech/s5/bin/bing/1745184482/0/audio_ivector_map.scp 
LOG (ivector-extract-online2[5.5.552~1-d97f]:ComputeDerivedVars():ivector-extractor.cc:183) Computing derived variables for iVector extractor
LOG (ivector-extract-online2[5.5.552~1-d97f]:ComputeDerivedVars():ivector-extractor.cc:204) Done.
LOG (ivector-extract-online2[5.5.552~1-d97f]:main():ivector-extract-online2.cc:177) Estimated iVectors for 1 files, 0 with errors.
LOG (ivector-extract-online2[5.5.552~1-d97f]:main():ivector-extract-online2.cc:179) Average objective-function improvement was 34.3001 per frame, over 500 frames (weighted).
LOG (ivector-extract-online2[5.5.552~1-d97f]:main():ivector-extract-online2.cc:182) Average iVector length was 6.291 and at utterance-end was 12.9051, over 500 frames (weighted);  expected length is 10
ivector-extract-online2 --verbose=1 --config=model/aspire/ivector_extractor.conf --ivector-period=10 ark:model/spk/spk_map.scp scp:/home/testDevilWhisper/kaldi/egs/mini_librispeech/s5/bin/bing/1745184482/0/audio_mfcc_map.scp ark,scp,t:/home/testDevilWhisper/kaldi/egs/mini_librispeech/s5/bin/bing/1745184482/0/audio_ivector.ark,/home/testDevilWhisper/kaldi/egs/mini_librispeech/s5/bin/bing/1745184482/0/audio_ivector_map.scp 
LOG (ivector-extract-online2[5.5.552~1-d97f]:ComputeDerivedVars():ivector-extractor.cc:183) Computing derived variables for iVector extractor
LOG (ivector-extract-online2[5.5.552~1-d97f]:ComputeDerivedVars():ivector-extractor.cc:204) Done.
LOG (ivector-extract-online2[5.5.552~1-d97f]:main():ivector-extract-online2.cc:177) Estimated iVectors for 1 files, 0 with errors.
LOG (ivector-extract-online2[5.5.552~1-d97f]:main():ivector-extract-online2.cc:179) Average objective-function improvement was 35.5453 per frame, over 500 frames (weighted).
LOG (ivector-extract-online2[5.5.552~1-d97f]:main():ivector-extract-online2.cc:182) Average iVector length was 6.31813 and at utterance-end was 12.9281, over 500 frames (weighted);  expected length is 10
ivector-extract-online2 --verbose=1 --config=model/aspire/ivector_extractor.conf --ivector-period=10 ark:model/spk/spk_map.scp scp:/home/testDevilWhisper/kaldi/egs/mini_librispeech/s5/bin/bing/1745184482/0/audio_mfcc_map.scp ark,scp,t:/home/testDevilWhisper/kaldi/egs/mini_librispeech/s5/bin/bing/1745184482/0/audio_ivector.ark,/home/testDevilWhisper/kaldi/egs/mini_librispeech/s5/bin/bing/1745184482/0/audio_ivector_map.scp 
LOG (ivector-extract-online2[5.5.552~1-d97f]:ComputeDerivedVars():ivector-extractor.cc:183) Computing derived variables for iVector extractor
LOG (ivector-extract-online2[5.5.552~1-d97f]:ComputeDerivedVars():ivector-extractor.cc:204) Done.
LOG (ivector-extract-online2[5.5.552~1-d97f]:main():ivector-extract-online2.cc:177) Estimated iVectors for 1 files, 0 with errors.
LOG (ivector-extract-online2[5.5.552~1-d97f]:main():ivector-extract-online2.cc:179) Average objective-function improvement was 36.2829 per frame, over 500 frames (weighted).
LOG (ivector-extract-online2[5.5.552~1-d97f]:main():ivector-extract-online2.cc:182) Average iVector length was 6.27785 and at utterance-end was 12.9188, over 500 frames (weighted);  expected length is 10
ivector-extract-online2 --verbose=1 --config=model/aspire/ivector_extractor.conf --ivector-period=10 ark:model/spk/spk_map.scp scp:/home/testDevilWhisper/kaldi/egs/mini_librispeech/s5/bin/bing/1745184482/0/audio_mfcc_map.scp ark,scp,t:/home/testDevilWhisper/kaldi/egs/mini_librispeech/s5/bin/bing/1745184482/0/audio_ivector.ark,/home/testDevilWhisper/kaldi/egs/mini_librispeech/s5/bin/bing/1745184482/0/audio_ivector_map.scp 
LOG (ivector-extract-online2[5.5.552~1-d97f]:ComputeDerivedVars():ivector-extractor.cc:183) Computing derived variables for iVector extractor
LOG (ivector-extract-online2[5.5.552~1-d97f]:ComputeDerivedVars():ivector-extractor.cc:204) Done.
LOG (ivector-extract-online2[5.5.552~1-d97f]:main():ivector-extract-online2.cc:177) Estimated iVectors for 1 files, 0 with errors.
LOG (ivector-extract-online2[5.5.552~1-d97f]:main():ivector-extract-online2.cc:179) Average objective-function improvement was 35.8961 per frame, over 500 frames (weighted).
LOG (ivector-extract-online2[5.5.552~1-d97f]:main():ivector-extract-online2.cc:182) Average iVector length was 6.28647 and at utterance-end was 12.8957, over 500 frames (weighted);  expected length is 10
ivector-extract-online2 --verbose=1 --config=model/aspire/ivector_extractor.conf --ivector-period=10 ark:model/spk/spk_map.scp scp:/home/testDevilWhisper/kaldi/egs/mini_librispeech/s5/bin/bing/1745184482/0/audio_mfcc_map.scp ark,scp,t:/home/testDevilWhisper/kaldi/egs/mini_librispeech/s5/bin/bing/1745184482/0/audio_ivector.ark,/home/testDevilWhisper/kaldi/egs/mini_librispeech/s5/bin/bing/1745184482/0/audio_ivector_map.scp 
LOG (ivector-extract-online2[5.5.552~1-d97f]:ComputeDerivedVars():ivector-extractor.cc:183) Computing derived variables for iVector extractor
LOG (ivector-extract-online2[5.5.552~1-d97f]:ComputeDerivedVars():ivector-extractor.cc:204) Done.
LOG (ivector-extract-online2[5.5.552~1-d97f]:main():ivector-extract-online2.cc:177) Estimated iVectors for 1 files, 0 with errors.
LOG (ivector-extract-online2[5.5.552~1-d97f]:main():ivector-extract-online2.cc:179) Average objective-function improvement was 35.679 per frame, over 500 frames (weighted).
LOG (ivector-extract-online2[5.5.552~1-d97f]:main():ivector-extract-online2.cc:182) Average iVector length was 6.2765 and at utterance-end was 12.8818, over 500 frames (weighted);  expected length is 10
