************************************
epoch: 0 
ivector-extract-online2 --verbose=1 --config=model/aspire/ivector_extractor.conf --ivector-period=10 ark:model/spk/spk_map.scp scp:/home/testDevilWhisper/kaldi/egs/mini_librispeech/s5/bin/alexa/1745179625/0/audio_mfcc_map.scp ark,scp,t:/home/testDevilWhisper/kaldi/egs/mini_librispeech/s5/bin/alexa/1745179625/0/audio_ivector.ark,/home/testDevilWhisper/kaldi/egs/mini_librispeech/s5/bin/alexa/1745179625/0/audio_ivector_map.scp 
LOG (ivector-extract-online2[5.5.552~1-d97f]:ComputeDerivedVars():ivector-extractor.cc:183) Computing derived variables for iVector extractor
LOG (ivector-extract-online2[5.5.552~1-d97f]:ComputeDerivedVars():ivector-extractor.cc:204) Done.
LOG (ivector-extract-online2[5.5.552~1-d97f]:main():ivector-extract-online2.cc:177) Estimated iVectors for 1 files, 0 with errors.
LOG (ivector-extract-online2[5.5.552~1-d97f]:main():ivector-extract-online2.cc:179) Average objective-function improvement was 36.8284 per frame, over 500 frames (weighted).
LOG (ivector-extract-online2[5.5.552~1-d97f]:main():ivector-extract-online2.cc:182) Average iVector length was 6.10792 and at utterance-end was 12.9352, over 500 frames (weighted);  expected length is 10
ivector-extract-online2 --verbose=1 --config=model/aspire/ivector_extractor.conf --ivector-period=10 ark:model/spk/spk_map.scp scp:/home/testDevilWhisper/kaldi/egs/mini_librispeech/s5/bin/alexa/1745179625/0/audio_mfcc_map.scp ark,scp,t:/home/testDevilWhisper/kaldi/egs/mini_librispeech/s5/bin/alexa/1745179625/0/audio_ivector.ark,/home/testDevilWhisper/kaldi/egs/mini_librispeech/s5/bin/alexa/1745179625/0/audio_ivector_map.scp 
LOG (ivector-extract-online2[5.5.552~1-d97f]:ComputeDerivedVars():ivector-extractor.cc:183) Computing derived variables for iVector extractor
LOG (ivector-extract-online2[5.5.552~1-d97f]:ComputeDerivedVars():ivector-extractor.cc:204) Done.
LOG (ivector-extract-online2[5.5.552~1-d97f]:main():ivector-extract-online2.cc:177) Estimated iVectors for 1 files, 0 with errors.
LOG (ivector-extract-online2[5.5.552~1-d97f]:main():ivector-extract-online2.cc:179) Average objective-function improvement was 37.881 per frame, over 500 frames (weighted).
LOG (ivector-extract-online2[5.5.552~1-d97f]:main():ivector-extract-online2.cc:182) Average iVector length was 6.09816 and at utterance-end was 12.8236, over 500 frames (weighted);  expected length is 10
ivector-extract-online2 --verbose=1 --config=model/aspire/ivector_extractor.conf --ivector-period=10 ark:model/spk/spk_map.scp scp:/home/testDevilWhisper/kaldi/egs/mini_librispeech/s5/bin/alexa/1745179625/0/audio_mfcc_map.scp ark,scp,t:/home/testDevilWhisper/kaldi/egs/mini_librispeech/s5/bin/alexa/1745179625/0/audio_ivector.ark,/home/testDevilWhisper/kaldi/egs/mini_librispeech/s5/bin/alexa/1745179625/0/audio_ivector_map.scp 
LOG (ivector-extract-online2[5.5.552~1-d97f]:ComputeDerivedVars():ivector-extractor.cc:183) Computing derived variables for iVector extractor
LOG (ivector-extract-online2[5.5.552~1-d97f]:ComputeDerivedVars():ivector-extractor.cc:204) Done.
LOG (ivector-extract-online2[5.5.552~1-d97f]:main():ivector-extract-online2.cc:177) Estimated iVectors for 1 files, 0 with errors.
LOG (ivector-extract-online2[5.5.552~1-d97f]:main():ivector-extract-online2.cc:179) Average objective-function improvement was 38.3762 per frame, over 500 frames (weighted).
LOG (ivector-extract-online2[5.5.552~1-d97f]:main():ivector-extract-online2.cc:182) Average iVector length was 6.13397 and at utterance-end was 12.9819, over 500 frames (weighted);  expected length is 10
ivector-extract-online2 --verbose=1 --config=model/aspire/ivector_extractor.conf --ivector-period=10 ark:model/spk/spk_map.scp scp:/home/testDevilWhisper/kaldi/egs/mini_librispeech/s5/bin/alexa/1745179625/0/audio_mfcc_map.scp ark,scp,t:/home/testDevilWhisper/kaldi/egs/mini_librispeech/s5/bin/alexa/1745179625/0/audio_ivector.ark,/home/testDevilWhisper/kaldi/egs/mini_librispeech/s5/bin/alexa/1745179625/0/audio_ivector_map.scp 
LOG (ivector-extract-online2[5.5.552~1-d97f]:ComputeDerivedVars():ivector-extractor.cc:183) Computing derived variables for iVector extractor
LOG (ivector-extract-online2[5.5.552~1-d97f]:ComputeDerivedVars():ivector-extractor.cc:204) Done.
LOG (ivector-extract-online2[5.5.552~1-d97f]:main():ivector-extract-online2.cc:177) Estimated iVectors for 1 files, 0 with errors.
LOG (ivector-extract-online2[5.5.552~1-d97f]:main():ivector-extract-online2.cc:179) Average objective-function improvement was 37.7022 per frame, over 500 frames (weighted).
LOG (ivector-extract-online2[5.5.552~1-d97f]:main():ivector-extract-online2.cc:182) Average iVector length was 6.05146 and at utterance-end was 12.8469, over 500 frames (weighted);  expected length is 10
ivector-extract-online2 --verbose=1 --config=model/aspire/ivector_extractor.conf --ivector-period=10 ark:model/spk/spk_map.scp scp:/home/testDevilWhisper/kaldi/egs/mini_librispeech/s5/bin/alexa/1745179625/0/audio_mfcc_map.scp ark,scp,t:/home/testDevilWhisper/kaldi/egs/mini_librispeech/s5/bin/alexa/1745179625/0/audio_ivector.ark,/home/testDevilWhisper/kaldi/egs/mini_librispeech/s5/bin/alexa/1745179625/0/audio_ivector_map.scp 
LOG (ivector-extract-online2[5.5.552~1-d97f]:ComputeDerivedVars():ivector-extractor.cc:183) Computing derived variables for iVector extractor
LOG (ivector-extract-online2[5.5.552~1-d97f]:ComputeDerivedVars():ivector-extractor.cc:204) Done.
LOG (ivector-extract-online2[5.5.552~1-d97f]:main():ivector-extract-online2.cc:177) Estimated iVectors for 1 files, 0 with errors.
LOG (ivector-extract-online2[5.5.552~1-d97f]:main():ivector-extract-online2.cc:179) Average objective-function improvement was 37.0826 per frame, over 500 frames (weighted).
LOG (ivector-extract-online2[5.5.552~1-d97f]:main():ivector-extract-online2.cc:182) Average iVector length was 6.05235 and at utterance-end was 12.882, over 500 frames (weighted);  expected length is 10
ivector-extract-online2 --verbose=1 --config=model/aspire/ivector_extractor.conf --ivector-period=10 ark:model/spk/spk_map.scp scp:/home/testDevilWhisper/kaldi/egs/mini_librispeech/s5/bin/alexa/1745179625/0/audio_mfcc_map.scp ark,scp,t:/home/testDevilWhisper/kaldi/egs/mini_librispeech/s5/bin/alexa/1745179625/0/audio_ivector.ark,/home/testDevilWhisper/kaldi/egs/mini_librispeech/s5/bin/alexa/1745179625/0/audio_ivector_map.scp 
LOG (ivector-extract-online2[5.5.552~1-d97f]:ComputeDerivedVars():ivector-extractor.cc:183) Computing derived variables for iVector extractor
LOG (ivector-extract-online2[5.5.552~1-d97f]:ComputeDerivedVars():ivector-extractor.cc:204) Done.
LOG (ivector-extract-online2[5.5.552~1-d97f]:main():ivector-extract-online2.cc:177) Estimated iVectors for 1 files, 0 with errors.
LOG (ivector-extract-online2[5.5.552~1-d97f]:main():ivector-extract-online2.cc:179) Average objective-function improvement was 36.9766 per frame, over 500 frames (weighted).
LOG (ivector-extract-online2[5.5.552~1-d97f]:main():ivector-extract-online2.cc:182) Average iVector length was 6.07643 and at utterance-end was 12.8842, over 500 frames (weighted);  expected length is 10
ivector-extract-online2 --verbose=1 --config=model/aspire/ivector_extractor.conf --ivector-period=10 ark:model/spk/spk_map.scp scp:/home/testDevilWhisper/kaldi/egs/mini_librispeech/s5/bin/alexa/1745179625/0/audio_mfcc_map.scp ark,scp,t:/home/testDevilWhisper/kaldi/egs/mini_librispeech/s5/bin/alexa/1745179625/0/audio_ivector.ark,/home/testDevilWhisper/kaldi/egs/mini_librispeech/s5/bin/alexa/1745179625/0/audio_ivector_map.scp 
LOG (ivector-extract-online2[5.5.552~1-d97f]:ComputeDerivedVars():ivector-extractor.cc:183) Computing derived variables for iVector extractor
LOG (ivector-extract-online2[5.5.552~1-d97f]:ComputeDerivedVars():ivector-extractor.cc:204) Done.
LOG (ivector-extract-online2[5.5.552~1-d97f]:main():ivector-extract-online2.cc:177) Estimated iVectors for 1 files, 0 with errors.
LOG (ivector-extract-online2[5.5.552~1-d97f]:main():ivector-extract-online2.cc:179) Average objective-function improvement was 38.0298 per frame, over 500 frames (weighted).
LOG (ivector-extract-online2[5.5.552~1-d97f]:main():ivector-extract-online2.cc:182) Average iVector length was 6.02743 and at utterance-end was 12.7968, over 500 frames (weighted);  expected length is 10
ivector-extract-online2 --verbose=1 --config=model/aspire/ivector_extractor.conf --ivector-period=10 ark:model/spk/spk_map.scp scp:/home/testDevilWhisper/kaldi/egs/mini_librispeech/s5/bin/alexa/1745179625/0/audio_mfcc_map.scp ark,scp,t:/home/testDevilWhisper/kaldi/egs/mini_librispeech/s5/bin/alexa/1745179625/0/audio_ivector.ark,/home/testDevilWhisper/kaldi/egs/mini_librispeech/s5/bin/alexa/1745179625/0/audio_ivector_map.scp 
LOG (ivector-extract-online2[5.5.552~1-d97f]:ComputeDerivedVars():ivector-extractor.cc:183) Computing derived variables for iVector extractor
LOG (ivector-extract-online2[5.5.552~1-d97f]:ComputeDerivedVars():ivector-extractor.cc:204) Done.
LOG (ivector-extract-online2[5.5.552~1-d97f]:main():ivector-extract-online2.cc:177) Estimated iVectors for 1 files, 0 with errors.
LOG (ivector-extract-online2[5.5.552~1-d97f]:main():ivector-extract-online2.cc:179) Average objective-function improvement was 37.8858 per frame, over 500 frames (weighted).
LOG (ivector-extract-online2[5.5.552~1-d97f]:main():ivector-extract-online2.cc:182) Average iVector length was 6.06666 and at utterance-end was 12.8965, over 500 frames (weighted);  expected length is 10
ivector-extract-online2 --verbose=1 --config=model/aspire/ivector_extractor.conf --ivector-period=10 ark:model/spk/spk_map.scp scp:/home/testDevilWhisper/kaldi/egs/mini_librispeech/s5/bin/alexa/1745179625/0/audio_mfcc_map.scp ark,scp,t:/home/testDevilWhisper/kaldi/egs/mini_librispeech/s5/bin/alexa/1745179625/0/audio_ivector.ark,/home/testDevilWhisper/kaldi/egs/mini_librispeech/s5/bin/alexa/1745179625/0/audio_ivector_map.scp 
LOG (ivector-extract-online2[5.5.552~1-d97f]:ComputeDerivedVars():ivector-extractor.cc:183) Computing derived variables for iVector extractor
LOG (ivector-extract-online2[5.5.552~1-d97f]:ComputeDerivedVars():ivector-extractor.cc:204) Done.
LOG (ivector-extract-online2[5.5.552~1-d97f]:main():ivector-extract-online2.cc:177) Estimated iVectors for 1 files, 0 with errors.
LOG (ivector-extract-online2[5.5.552~1-d97f]:main():ivector-extract-online2.cc:179) Average objective-function improvement was 37.0389 per frame, over 500 frames (weighted).
LOG (ivector-extract-online2[5.5.552~1-d97f]:main():ivector-extract-online2.cc:182) Average iVector length was 6.08287 and at utterance-end was 12.931, over 500 frames (weighted);  expected length is 10
ivector-extract-online2 --verbose=1 --config=model/aspire/ivector_extractor.conf --ivector-period=10 ark:model/spk/spk_map.scp scp:/home/testDevilWhisper/kaldi/egs/mini_librispeech/s5/bin/alexa/1745179625/0/audio_mfcc_map.scp ark,scp,t:/home/testDevilWhisper/kaldi/egs/mini_librispeech/s5/bin/alexa/1745179625/0/audio_ivector.ark,/home/testDevilWhisper/kaldi/egs/mini_librispeech/s5/bin/alexa/1745179625/0/audio_ivector_map.scp 
LOG (ivector-extract-online2[5.5.552~1-d97f]:ComputeDerivedVars():ivector-extractor.cc:183) Computing derived variables for iVector extractor
LOG (ivector-extract-online2[5.5.552~1-d97f]:ComputeDerivedVars():ivector-extractor.cc:204) Done.
LOG (ivector-extract-online2[5.5.552~1-d97f]:main():ivector-extract-online2.cc:177) Estimated iVectors for 1 files, 0 with errors.
LOG (ivector-extract-online2[5.5.552~1-d97f]:main():ivector-extract-online2.cc:179) Average objective-function improvement was 36.9402 per frame, over 500 frames (weighted).
LOG (ivector-extract-online2[5.5.552~1-d97f]:main():ivector-extract-online2.cc:182) Average iVector length was 6.0467 and at utterance-end was 12.87, over 500 frames (weighted);  expected length is 10
ivector-extract-online2 --verbose=1 --config=model/aspire/ivector_extractor.conf --ivector-period=10 ark:model/spk/spk_map.scp scp:/home/testDevilWhisper/kaldi/egs/mini_librispeech/s5/bin/alexa/1745179625/0/audio_mfcc_map.scp ark,scp,t:/home/testDevilWhisper/kaldi/egs/mini_librispeech/s5/bin/alexa/1745179625/0/audio_ivector.ark,/home/testDevilWhisper/kaldi/egs/mini_librispeech/s5/bin/alexa/1745179625/0/audio_ivector_map.scp 
LOG (ivector-extract-online2[5.5.552~1-d97f]:ComputeDerivedVars():ivector-extractor.cc:183) Computing derived variables for iVector extractor
LOG (ivector-extract-online2[5.5.552~1-d97f]:ComputeDerivedVars():ivector-extractor.cc:204) Done.
LOG (ivector-extract-online2[5.5.552~1-d97f]:main():ivector-extract-online2.cc:177) Estimated iVectors for 1 files, 0 with errors.
LOG (ivector-extract-online2[5.5.552~1-d97f]:main():ivector-extract-online2.cc:179) Average objective-function improvement was 35.789 per frame, over 500 frames (weighted).
LOG (ivector-extract-online2[5.5.552~1-d97f]:main():ivector-extract-online2.cc:182) Average iVector length was 6.12881 and at utterance-end was 12.8919, over 500 frames (weighted);  expected length is 10
ivector-extract-online2 --verbose=1 --config=model/aspire/ivector_extractor.conf --ivector-period=10 ark:model/spk/spk_map.scp scp:/home/testDevilWhisper/kaldi/egs/mini_librispeech/s5/bin/alexa/1745179625/0/audio_mfcc_map.scp ark,scp,t:/home/testDevilWhisper/kaldi/egs/mini_librispeech/s5/bin/alexa/1745179625/0/audio_ivector.ark,/home/testDevilWhisper/kaldi/egs/mini_librispeech/s5/bin/alexa/1745179625/0/audio_ivector_map.scp 
LOG (ivector-extract-online2[5.5.552~1-d97f]:ComputeDerivedVars():ivector-extractor.cc:183) Computing derived variables for iVector extractor
LOG (ivector-extract-online2[5.5.552~1-d97f]:ComputeDerivedVars():ivector-extractor.cc:204) Done.
LOG (ivector-extract-online2[5.5.552~1-d97f]:main():ivector-extract-online2.cc:177) Estimated iVectors for 1 files, 0 with errors.
LOG (ivector-extract-online2[5.5.552~1-d97f]:main():ivector-extract-online2.cc:179) Average objective-function improvement was 37.0503 per frame, over 500 frames (weighted).
LOG (ivector-extract-online2[5.5.552~1-d97f]:main():ivector-extract-online2.cc:182) Average iVector length was 6.05322 and at utterance-end was 12.9277, over 500 frames (weighted);  expected length is 10
ivector-extract-online2 --verbose=1 --config=model/aspire/ivector_extractor.conf --ivector-period=10 ark:model/spk/spk_map.scp scp:/home/testDevilWhisper/kaldi/egs/mini_librispeech/s5/bin/alexa/1745179625/0/audio_mfcc_map.scp ark,scp,t:/home/testDevilWhisper/kaldi/egs/mini_librispeech/s5/bin/alexa/1745179625/0/audio_ivector.ark,/home/testDevilWhisper/kaldi/egs/mini_librispeech/s5/bin/alexa/1745179625/0/audio_ivector_map.scp 
LOG (ivector-extract-online2[5.5.552~1-d97f]:ComputeDerivedVars():ivector-extractor.cc:183) Computing derived variables for iVector extractor
LOG (ivector-extract-online2[5.5.552~1-d97f]:ComputeDerivedVars():ivector-extractor.cc:204) Done.
LOG (ivector-extract-online2[5.5.552~1-d97f]:main():ivector-extract-online2.cc:177) Estimated iVectors for 1 files, 0 with errors.
LOG (ivector-extract-online2[5.5.552~1-d97f]:main():ivector-extract-online2.cc:179) Average objective-function improvement was 37.8266 per frame, over 500 frames (weighted).
LOG (ivector-extract-online2[5.5.552~1-d97f]:main():ivector-extract-online2.cc:182) Average iVector length was 6.1249 and at utterance-end was 12.9946, over 500 frames (weighted);  expected length is 10
ivector-extract-online2 --verbose=1 --config=model/aspire/ivector_extractor.conf --ivector-period=10 ark:model/spk/spk_map.scp scp:/home/testDevilWhisper/kaldi/egs/mini_librispeech/s5/bin/alexa/1745179625/0/audio_mfcc_map.scp ark,scp,t:/home/testDevilWhisper/kaldi/egs/mini_librispeech/s5/bin/alexa/1745179625/0/audio_ivector.ark,/home/testDevilWhisper/kaldi/egs/mini_librispeech/s5/bin/alexa/1745179625/0/audio_ivector_map.scp 
LOG (ivector-extract-online2[5.5.552~1-d97f]:ComputeDerivedVars():ivector-extractor.cc:183) Computing derived variables for iVector extractor
LOG (ivector-extract-online2[5.5.552~1-d97f]:ComputeDerivedVars():ivector-extractor.cc:204) Done.
LOG (ivector-extract-online2[5.5.552~1-d97f]:main():ivector-extract-online2.cc:177) Estimated iVectors for 1 files, 0 with errors.
LOG (ivector-extract-online2[5.5.552~1-d97f]:main():ivector-extract-online2.cc:179) Average objective-function improvement was 37.3921 per frame, over 500 frames (weighted).
LOG (ivector-extract-online2[5.5.552~1-d97f]:main():ivector-extract-online2.cc:182) Average iVector length was 6.09259 and at utterance-end was 12.8629, over 500 frames (weighted);  expected length is 10
ivector-extract-online2 --verbose=1 --config=model/aspire/ivector_extractor.conf --ivector-period=10 ark:model/spk/spk_map.scp scp:/home/testDevilWhisper/kaldi/egs/mini_librispeech/s5/bin/alexa/1745179625/0/audio_mfcc_map.scp ark,scp,t:/home/testDevilWhisper/kaldi/egs/mini_librispeech/s5/bin/alexa/1745179625/0/audio_ivector.ark,/home/testDevilWhisper/kaldi/egs/mini_librispeech/s5/bin/alexa/1745179625/0/audio_ivector_map.scp 
LOG (ivector-extract-online2[5.5.552~1-d97f]:ComputeDerivedVars():ivector-extractor.cc:183) Computing derived variables for iVector extractor
LOG (ivector-extract-online2[5.5.552~1-d97f]:ComputeDerivedVars():ivector-extractor.cc:204) Done.
LOG (ivector-extract-online2[5.5.552~1-d97f]:main():ivector-extract-online2.cc:177) Estimated iVectors for 1 files, 0 with errors.
LOG (ivector-extract-online2[5.5.552~1-d97f]:main():ivector-extract-online2.cc:179) Average objective-function improvement was 37.1235 per frame, over 500 frames (weighted).
LOG (ivector-extract-online2[5.5.552~1-d97f]:main():ivector-extract-online2.cc:182) Average iVector length was 6.10494 and at utterance-end was 12.8626, over 500 frames (weighted);  expected length is 10
ivector-extract-online2 --verbose=1 --config=model/aspire/ivector_extractor.conf --ivector-period=10 ark:model/spk/spk_map.scp scp:/home/testDevilWhisper/kaldi/egs/mini_librispeech/s5/bin/alexa/1745179625/0/audio_mfcc_map.scp ark,scp,t:/home/testDevilWhisper/kaldi/egs/mini_librispeech/s5/bin/alexa/1745179625/0/audio_ivector.ark,/home/testDevilWhisper/kaldi/egs/mini_librispeech/s5/bin/alexa/1745179625/0/audio_ivector_map.scp 
LOG (ivector-extract-online2[5.5.552~1-d97f]:ComputeDerivedVars():ivector-extractor.cc:183) Computing derived variables for iVector extractor
LOG (ivector-extract-online2[5.5.552~1-d97f]:ComputeDerivedVars():ivector-extractor.cc:204) Done.
LOG (ivector-extract-online2[5.5.552~1-d97f]:main():ivector-extract-online2.cc:177) Estimated iVectors for 1 files, 0 with errors.
LOG (ivector-extract-online2[5.5.552~1-d97f]:main():ivector-extract-online2.cc:179) Average objective-function improvement was 34.9841 per frame, over 500 frames (weighted).
LOG (ivector-extract-online2[5.5.552~1-d97f]:main():ivector-extract-online2.cc:182) Average iVector length was 6.07477 and at utterance-end was 12.8827, over 500 frames (weighted);  expected length is 10
ivector-extract-online2 --verbose=1 --config=model/aspire/ivector_extractor.conf --ivector-period=10 ark:model/spk/spk_map.scp scp:/home/testDevilWhisper/kaldi/egs/mini_librispeech/s5/bin/alexa/1745179625/0/audio_mfcc_map.scp ark,scp,t:/home/testDevilWhisper/kaldi/egs/mini_librispeech/s5/bin/alexa/1745179625/0/audio_ivector.ark,/home/testDevilWhisper/kaldi/egs/mini_librispeech/s5/bin/alexa/1745179625/0/audio_ivector_map.scp 
LOG (ivector-extract-online2[5.5.552~1-d97f]:ComputeDerivedVars():ivector-extractor.cc:183) Computing derived variables for iVector extractor
LOG (ivector-extract-online2[5.5.552~1-d97f]:ComputeDerivedVars():ivector-extractor.cc:204) Done.
LOG (ivector-extract-online2[5.5.552~1-d97f]:main():ivector-extract-online2.cc:177) Estimated iVectors for 1 files, 0 with errors.
LOG (ivector-extract-online2[5.5.552~1-d97f]:main():ivector-extract-online2.cc:179) Average objective-function improvement was 37.487 per frame, over 500 frames (weighted).
LOG (ivector-extract-online2[5.5.552~1-d97f]:main():ivector-extract-online2.cc:182) Average iVector length was 6.10592 and at utterance-end was 12.8922, over 500 frames (weighted);  expected length is 10
ivector-extract-online2 --verbose=1 --config=model/aspire/ivector_extractor.conf --ivector-period=10 ark:model/spk/spk_map.scp scp:/home/testDevilWhisper/kaldi/egs/mini_librispeech/s5/bin/alexa/1745179625/0/audio_mfcc_map.scp ark,scp,t:/home/testDevilWhisper/kaldi/egs/mini_librispeech/s5/bin/alexa/1745179625/0/audio_ivector.ark,/home/testDevilWhisper/kaldi/egs/mini_librispeech/s5/bin/alexa/1745179625/0/audio_ivector_map.scp 
LOG (ivector-extract-online2[5.5.552~1-d97f]:ComputeDerivedVars():ivector-extractor.cc:183) Computing derived variables for iVector extractor
LOG (ivector-extract-online2[5.5.552~1-d97f]:ComputeDerivedVars():ivector-extractor.cc:204) Done.
LOG (ivector-extract-online2[5.5.552~1-d97f]:main():ivector-extract-online2.cc:177) Estimated iVectors for 1 files, 0 with errors.
LOG (ivector-extract-online2[5.5.552~1-d97f]:main():ivector-extract-online2.cc:179) Average objective-function improvement was 35.0547 per frame, over 500 frames (weighted).
LOG (ivector-extract-online2[5.5.552~1-d97f]:main():ivector-extract-online2.cc:182) Average iVector length was 6.0324 and at utterance-end was 12.7062, over 500 frames (weighted);  expected length is 10
ivector-extract-online2 --verbose=1 --config=model/aspire/ivector_extractor.conf --ivector-period=10 ark:model/spk/spk_map.scp scp:/home/testDevilWhisper/kaldi/egs/mini_librispeech/s5/bin/alexa/1745179625/0/audio_mfcc_map.scp ark,scp,t:/home/testDevilWhisper/kaldi/egs/mini_librispeech/s5/bin/alexa/1745179625/0/audio_ivector.ark,/home/testDevilWhisper/kaldi/egs/mini_librispeech/s5/bin/alexa/1745179625/0/audio_ivector_map.scp 
LOG (ivector-extract-online2[5.5.552~1-d97f]:ComputeDerivedVars():ivector-extractor.cc:183) Computing derived variables for iVector extractor
LOG (ivector-extract-online2[5.5.552~1-d97f]:ComputeDerivedVars():ivector-extractor.cc:204) Done.
LOG (ivector-extract-online2[5.5.552~1-d97f]:main():ivector-extract-online2.cc:177) Estimated iVectors for 1 files, 0 with errors.
LOG (ivector-extract-online2[5.5.552~1-d97f]:main():ivector-extract-online2.cc:179) Average objective-function improvement was 35.5502 per frame, over 500 frames (weighted).
LOG (ivector-extract-online2[5.5.552~1-d97f]:main():ivector-extract-online2.cc:182) Average iVector length was 6.07303 and at utterance-end was 12.7904, over 500 frames (weighted);  expected length is 10
ivector-extract-online2 --verbose=1 --config=model/aspire/ivector_extractor.conf --ivector-period=10 ark:model/spk/spk_map.scp scp:/home/testDevilWhisper/kaldi/egs/mini_librispeech/s5/bin/alexa/1745179625/0/audio_mfcc_map.scp ark,scp,t:/home/testDevilWhisper/kaldi/egs/mini_librispeech/s5/bin/alexa/1745179625/0/audio_ivector.ark,/home/testDevilWhisper/kaldi/egs/mini_librispeech/s5/bin/alexa/1745179625/0/audio_ivector_map.scp 
LOG (ivector-extract-online2[5.5.552~1-d97f]:ComputeDerivedVars():ivector-extractor.cc:183) Computing derived variables for iVector extractor
LOG (ivector-extract-online2[5.5.552~1-d97f]:ComputeDerivedVars():ivector-extractor.cc:204) Done.
LOG (ivector-extract-online2[5.5.552~1-d97f]:main():ivector-extract-online2.cc:177) Estimated iVectors for 1 files, 0 with errors.
LOG (ivector-extract-online2[5.5.552~1-d97f]:main():ivector-extract-online2.cc:179) Average objective-function improvement was 37.8315 per frame, over 500 frames (weighted).
LOG (ivector-extract-online2[5.5.552~1-d97f]:main():ivector-extract-online2.cc:182) Average iVector length was 6.08275 and at utterance-end was 12.9301, over 500 frames (weighted);  expected length is 10
ivector-extract-online2 --verbose=1 --config=model/aspire/ivector_extractor.conf --ivector-period=10 ark:model/spk/spk_map.scp scp:/home/testDevilWhisper/kaldi/egs/mini_librispeech/s5/bin/alexa/1745179625/0/audio_mfcc_map.scp ark,scp,t:/home/testDevilWhisper/kaldi/egs/mini_librispeech/s5/bin/alexa/1745179625/0/audio_ivector.ark,/home/testDevilWhisper/kaldi/egs/mini_librispeech/s5/bin/alexa/1745179625/0/audio_ivector_map.scp 
LOG (ivector-extract-online2[5.5.552~1-d97f]:ComputeDerivedVars():ivector-extractor.cc:183) Computing derived variables for iVector extractor
LOG (ivector-extract-online2[5.5.552~1-d97f]:ComputeDerivedVars():ivector-extractor.cc:204) Done.
LOG (ivector-extract-online2[5.5.552~1-d97f]:main():ivector-extract-online2.cc:177) Estimated iVectors for 1 files, 0 with errors.
LOG (ivector-extract-online2[5.5.552~1-d97f]:main():ivector-extract-online2.cc:179) Average objective-function improvement was 35.4943 per frame, over 500 frames (weighted).
LOG (ivector-extract-online2[5.5.552~1-d97f]:main():ivector-extract-online2.cc:182) Average iVector length was 6.06442 and at utterance-end was 12.8027, over 500 frames (weighted);  expected length is 10
ivector-extract-online2 --verbose=1 --config=model/aspire/ivector_extractor.conf --ivector-period=10 ark:model/spk/spk_map.scp scp:/home/testDevilWhisper/kaldi/egs/mini_librispeech/s5/bin/alexa/1745179625/0/audio_mfcc_map.scp ark,scp,t:/home/testDevilWhisper/kaldi/egs/mini_librispeech/s5/bin/alexa/1745179625/0/audio_ivector.ark,/home/testDevilWhisper/kaldi/egs/mini_librispeech/s5/bin/alexa/1745179625/0/audio_ivector_map.scp 
LOG (ivector-extract-online2[5.5.552~1-d97f]:ComputeDerivedVars():ivector-extractor.cc:183) Computing derived variables for iVector extractor
LOG (ivector-extract-online2[5.5.552~1-d97f]:ComputeDerivedVars():ivector-extractor.cc:204) Done.
LOG (ivector-extract-online2[5.5.552~1-d97f]:main():ivector-extract-online2.cc:177) Estimated iVectors for 1 files, 0 with errors.
LOG (ivector-extract-online2[5.5.552~1-d97f]:main():ivector-extract-online2.cc:179) Average objective-function improvement was 35.0358 per frame, over 500 frames (weighted).
LOG (ivector-extract-online2[5.5.552~1-d97f]:main():ivector-extract-online2.cc:182) Average iVector length was 6.0342 and at utterance-end was 12.7165, over 500 frames (weighted);  expected length is 10
ivector-extract-online2 --verbose=1 --config=model/aspire/ivector_extractor.conf --ivector-period=10 ark:model/spk/spk_map.scp scp:/home/testDevilWhisper/kaldi/egs/mini_librispeech/s5/bin/alexa/1745179625/0/audio_mfcc_map.scp ark,scp,t:/home/testDevilWhisper/kaldi/egs/mini_librispeech/s5/bin/alexa/1745179625/0/audio_ivector.ark,/home/testDevilWhisper/kaldi/egs/mini_librispeech/s5/bin/alexa/1745179625/0/audio_ivector_map.scp 
LOG (ivector-extract-online2[5.5.552~1-d97f]:ComputeDerivedVars():ivector-extractor.cc:183) Computing derived variables for iVector extractor
LOG (ivector-extract-online2[5.5.552~1-d97f]:ComputeDerivedVars():ivector-extractor.cc:204) Done.
LOG (ivector-extract-online2[5.5.552~1-d97f]:main():ivector-extract-online2.cc:177) Estimated iVectors for 1 files, 0 with errors.
LOG (ivector-extract-online2[5.5.552~1-d97f]:main():ivector-extract-online2.cc:179) Average objective-function improvement was 35.5836 per frame, over 500 frames (weighted).
LOG (ivector-extract-online2[5.5.552~1-d97f]:main():ivector-extract-online2.cc:182) Average iVector length was 6.02188 and at utterance-end was 12.8207, over 500 frames (weighted);  expected length is 10
ivector-extract-online2 --verbose=1 --config=model/aspire/ivector_extractor.conf --ivector-period=10 ark:model/spk/spk_map.scp scp:/home/testDevilWhisper/kaldi/egs/mini_librispeech/s5/bin/alexa/1745179625/0/audio_mfcc_map.scp ark,scp,t:/home/testDevilWhisper/kaldi/egs/mini_librispeech/s5/bin/alexa/1745179625/0/audio_ivector.ark,/home/testDevilWhisper/kaldi/egs/mini_librispeech/s5/bin/alexa/1745179625/0/audio_ivector_map.scp 
LOG (ivector-extract-online2[5.5.552~1-d97f]:ComputeDerivedVars():ivector-extractor.cc:183) Computing derived variables for iVector extractor
LOG (ivector-extract-online2[5.5.552~1-d97f]:ComputeDerivedVars():ivector-extractor.cc:204) Done.
LOG (ivector-extract-online2[5.5.552~1-d97f]:main():ivector-extract-online2.cc:177) Estimated iVectors for 1 files, 0 with errors.
LOG (ivector-extract-online2[5.5.552~1-d97f]:main():ivector-extract-online2.cc:179) Average objective-function improvement was 36.2985 per frame, over 500 frames (weighted).
LOG (ivector-extract-online2[5.5.552~1-d97f]:main():ivector-extract-online2.cc:182) Average iVector length was 6.04636 and at utterance-end was 12.9001, over 500 frames (weighted);  expected length is 10
ivector-extract-online2 --verbose=1 --config=model/aspire/ivector_extractor.conf --ivector-period=10 ark:model/spk/spk_map.scp scp:/home/testDevilWhisper/kaldi/egs/mini_librispeech/s5/bin/alexa/1745179625/0/audio_mfcc_map.scp ark,scp,t:/home/testDevilWhisper/kaldi/egs/mini_librispeech/s5/bin/alexa/1745179625/0/audio_ivector.ark,/home/testDevilWhisper/kaldi/egs/mini_librispeech/s5/bin/alexa/1745179625/0/audio_ivector_map.scp 
LOG (ivector-extract-online2[5.5.552~1-d97f]:ComputeDerivedVars():ivector-extractor.cc:183) Computing derived variables for iVector extractor
LOG (ivector-extract-online2[5.5.552~1-d97f]:ComputeDerivedVars():ivector-extractor.cc:204) Done.
LOG (ivector-extract-online2[5.5.552~1-d97f]:main():ivector-extract-online2.cc:177) Estimated iVectors for 1 files, 0 with errors.
LOG (ivector-extract-online2[5.5.552~1-d97f]:main():ivector-extract-online2.cc:179) Average objective-function improvement was 33.9049 per frame, over 500 frames (weighted).
LOG (ivector-extract-online2[5.5.552~1-d97f]:main():ivector-extract-online2.cc:182) Average iVector length was 6.03009 and at utterance-end was 12.8184, over 500 frames (weighted);  expected length is 10
ivector-extract-online2 --verbose=1 --config=model/aspire/ivector_extractor.conf --ivector-period=10 ark:model/spk/spk_map.scp scp:/home/testDevilWhisper/kaldi/egs/mini_librispeech/s5/bin/alexa/1745179625/0/audio_mfcc_map.scp ark,scp,t:/home/testDevilWhisper/kaldi/egs/mini_librispeech/s5/bin/alexa/1745179625/0/audio_ivector.ark,/home/testDevilWhisper/kaldi/egs/mini_librispeech/s5/bin/alexa/1745179625/0/audio_ivector_map.scp 
LOG (ivector-extract-online2[5.5.552~1-d97f]:ComputeDerivedVars():ivector-extractor.cc:183) Computing derived variables for iVector extractor
LOG (ivector-extract-online2[5.5.552~1-d97f]:ComputeDerivedVars():ivector-extractor.cc:204) Done.
LOG (ivector-extract-online2[5.5.552~1-d97f]:main():ivector-extract-online2.cc:177) Estimated iVectors for 1 files, 0 with errors.
LOG (ivector-extract-online2[5.5.552~1-d97f]:main():ivector-extract-online2.cc:179) Average objective-function improvement was 34.2366 per frame, over 500 frames (weighted).
LOG (ivector-extract-online2[5.5.552~1-d97f]:main():ivector-extract-online2.cc:182) Average iVector length was 6.05266 and at utterance-end was 12.8358, over 500 frames (weighted);  expected length is 10
ivector-extract-online2 --verbose=1 --config=model/aspire/ivector_extractor.conf --ivector-period=10 ark:model/spk/spk_map.scp scp:/home/testDevilWhisper/kaldi/egs/mini_librispeech/s5/bin/alexa/1745179625/0/audio_mfcc_map.scp ark,scp,t:/home/testDevilWhisper/kaldi/egs/mini_librispeech/s5/bin/alexa/1745179625/0/audio_ivector.ark,/home/testDevilWhisper/kaldi/egs/mini_librispeech/s5/bin/alexa/1745179625/0/audio_ivector_map.scp 
LOG (ivector-extract-online2[5.5.552~1-d97f]:ComputeDerivedVars():ivector-extractor.cc:183) Computing derived variables for iVector extractor
LOG (ivector-extract-online2[5.5.552~1-d97f]:ComputeDerivedVars():ivector-extractor.cc:204) Done.
LOG (ivector-extract-online2[5.5.552~1-d97f]:main():ivector-extract-online2.cc:177) Estimated iVectors for 1 files, 0 with errors.
LOG (ivector-extract-online2[5.5.552~1-d97f]:main():ivector-extract-online2.cc:179) Average objective-function improvement was 34.0044 per frame, over 500 frames (weighted).
LOG (ivector-extract-online2[5.5.552~1-d97f]:main():ivector-extract-online2.cc:182) Average iVector length was 6.06713 and at utterance-end was 12.8188, over 500 frames (weighted);  expected length is 10
ivector-extract-online2 --verbose=1 --config=model/aspire/ivector_extractor.conf --ivector-period=10 ark:model/spk/spk_map.scp scp:/home/testDevilWhisper/kaldi/egs/mini_librispeech/s5/bin/alexa/1745179625/0/audio_mfcc_map.scp ark,scp,t:/home/testDevilWhisper/kaldi/egs/mini_librispeech/s5/bin/alexa/1745179625/0/audio_ivector.ark,/home/testDevilWhisper/kaldi/egs/mini_librispeech/s5/bin/alexa/1745179625/0/audio_ivector_map.scp 
LOG (ivector-extract-online2[5.5.552~1-d97f]:ComputeDerivedVars():ivector-extractor.cc:183) Computing derived variables for iVector extractor
LOG (ivector-extract-online2[5.5.552~1-d97f]:ComputeDerivedVars():ivector-extractor.cc:204) Done.
LOG (ivector-extract-online2[5.5.552~1-d97f]:main():ivector-extract-online2.cc:177) Estimated iVectors for 1 files, 0 with errors.
LOG (ivector-extract-online2[5.5.552~1-d97f]:main():ivector-extract-online2.cc:179) Average objective-function improvement was 34.0161 per frame, over 500 frames (weighted).
LOG (ivector-extract-online2[5.5.552~1-d97f]:main():ivector-extract-online2.cc:182) Average iVector length was 6.08494 and at utterance-end was 12.7852, over 500 frames (weighted);  expected length is 10
ivector-extract-online2 --verbose=1 --config=model/aspire/ivector_extractor.conf --ivector-period=10 ark:model/spk/spk_map.scp scp:/home/testDevilWhisper/kaldi/egs/mini_librispeech/s5/bin/alexa/1745179625/0/audio_mfcc_map.scp ark,scp,t:/home/testDevilWhisper/kaldi/egs/mini_librispeech/s5/bin/alexa/1745179625/0/audio_ivector.ark,/home/testDevilWhisper/kaldi/egs/mini_librispeech/s5/bin/alexa/1745179625/0/audio_ivector_map.scp 
LOG (ivector-extract-online2[5.5.552~1-d97f]:ComputeDerivedVars():ivector-extractor.cc:183) Computing derived variables for iVector extractor
LOG (ivector-extract-online2[5.5.552~1-d97f]:ComputeDerivedVars():ivector-extractor.cc:204) Done.
LOG (ivector-extract-online2[5.5.552~1-d97f]:main():ivector-extract-online2.cc:177) Estimated iVectors for 1 files, 0 with errors.
LOG (ivector-extract-online2[5.5.552~1-d97f]:main():ivector-extract-online2.cc:179) Average objective-function improvement was 34.6639 per frame, over 500 frames (weighted).
LOG (ivector-extract-online2[5.5.552~1-d97f]:main():ivector-extract-online2.cc:182) Average iVector length was 6.00313 and at utterance-end was 12.886, over 500 frames (weighted);  expected length is 10
ivector-extract-online2 --verbose=1 --config=model/aspire/ivector_extractor.conf --ivector-period=10 ark:model/spk/spk_map.scp scp:/home/testDevilWhisper/kaldi/egs/mini_librispeech/s5/bin/alexa/1745179625/0/audio_mfcc_map.scp ark,scp,t:/home/testDevilWhisper/kaldi/egs/mini_librispeech/s5/bin/alexa/1745179625/0/audio_ivector.ark,/home/testDevilWhisper/kaldi/egs/mini_librispeech/s5/bin/alexa/1745179625/0/audio_ivector_map.scp 
LOG (ivector-extract-online2[5.5.552~1-d97f]:ComputeDerivedVars():ivector-extractor.cc:183) Computing derived variables for iVector extractor
LOG (ivector-extract-online2[5.5.552~1-d97f]:ComputeDerivedVars():ivector-extractor.cc:204) Done.
LOG (ivector-extract-online2[5.5.552~1-d97f]:main():ivector-extract-online2.cc:177) Estimated iVectors for 1 files, 0 with errors.
LOG (ivector-extract-online2[5.5.552~1-d97f]:main():ivector-extract-online2.cc:179) Average objective-function improvement was 34.8668 per frame, over 500 frames (weighted).
LOG (ivector-extract-online2[5.5.552~1-d97f]:main():ivector-extract-online2.cc:182) Average iVector length was 6.04148 and at utterance-end was 12.7649, over 500 frames (weighted);  expected length is 10
ivector-extract-online2 --verbose=1 --config=model/aspire/ivector_extractor.conf --ivector-period=10 ark:model/spk/spk_map.scp scp:/home/testDevilWhisper/kaldi/egs/mini_librispeech/s5/bin/alexa/1745179625/0/audio_mfcc_map.scp ark,scp,t:/home/testDevilWhisper/kaldi/egs/mini_librispeech/s5/bin/alexa/1745179625/0/audio_ivector.ark,/home/testDevilWhisper/kaldi/egs/mini_librispeech/s5/bin/alexa/1745179625/0/audio_ivector_map.scp 
LOG (ivector-extract-online2[5.5.552~1-d97f]:ComputeDerivedVars():ivector-extractor.cc:183) Computing derived variables for iVector extractor
LOG (ivector-extract-online2[5.5.552~1-d97f]:ComputeDerivedVars():ivector-extractor.cc:204) Done.
LOG (ivector-extract-online2[5.5.552~1-d97f]:main():ivector-extract-online2.cc:177) Estimated iVectors for 1 files, 0 with errors.
LOG (ivector-extract-online2[5.5.552~1-d97f]:main():ivector-extract-online2.cc:179) Average objective-function improvement was 35.2953 per frame, over 500 frames (weighted).
LOG (ivector-extract-online2[5.5.552~1-d97f]:main():ivector-extract-online2.cc:182) Average iVector length was 6.07166 and at utterance-end was 12.9017, over 500 frames (weighted);  expected length is 10
ivector-extract-online2 --verbose=1 --config=model/aspire/ivector_extractor.conf --ivector-period=10 ark:model/spk/spk_map.scp scp:/home/testDevilWhisper/kaldi/egs/mini_librispeech/s5/bin/alexa/1745179625/0/audio_mfcc_map.scp ark,scp,t:/home/testDevilWhisper/kaldi/egs/mini_librispeech/s5/bin/alexa/1745179625/0/audio_ivector.ark,/home/testDevilWhisper/kaldi/egs/mini_librispeech/s5/bin/alexa/1745179625/0/audio_ivector_map.scp 
LOG (ivector-extract-online2[5.5.552~1-d97f]:ComputeDerivedVars():ivector-extractor.cc:183) Computing derived variables for iVector extractor
LOG (ivector-extract-online2[5.5.552~1-d97f]:ComputeDerivedVars():ivector-extractor.cc:204) Done.
LOG (ivector-extract-online2[5.5.552~1-d97f]:main():ivector-extract-online2.cc:177) Estimated iVectors for 1 files, 0 with errors.
LOG (ivector-extract-online2[5.5.552~1-d97f]:main():ivector-extract-online2.cc:179) Average objective-function improvement was 35.8819 per frame, over 500 frames (weighted).
LOG (ivector-extract-online2[5.5.552~1-d97f]:main():ivector-extract-online2.cc:182) Average iVector length was 6.10865 and at utterance-end was 12.8439, over 500 frames (weighted);  expected length is 10
ivector-extract-online2 --verbose=1 --config=model/aspire/ivector_extractor.conf --ivector-period=10 ark:model/spk/spk_map.scp scp:/home/testDevilWhisper/kaldi/egs/mini_librispeech/s5/bin/alexa/1745179625/0/audio_mfcc_map.scp ark,scp,t:/home/testDevilWhisper/kaldi/egs/mini_librispeech/s5/bin/alexa/1745179625/0/audio_ivector.ark,/home/testDevilWhisper/kaldi/egs/mini_librispeech/s5/bin/alexa/1745179625/0/audio_ivector_map.scp 
LOG (ivector-extract-online2[5.5.552~1-d97f]:ComputeDerivedVars():ivector-extractor.cc:183) Computing derived variables for iVector extractor
LOG (ivector-extract-online2[5.5.552~1-d97f]:ComputeDerivedVars():ivector-extractor.cc:204) Done.
LOG (ivector-extract-online2[5.5.552~1-d97f]:main():ivector-extract-online2.cc:177) Estimated iVectors for 1 files, 0 with errors.
LOG (ivector-extract-online2[5.5.552~1-d97f]:main():ivector-extract-online2.cc:179) Average objective-function improvement was 34.7149 per frame, over 500 frames (weighted).
LOG (ivector-extract-online2[5.5.552~1-d97f]:main():ivector-extract-online2.cc:182) Average iVector length was 6.10018 and at utterance-end was 12.7713, over 500 frames (weighted);  expected length is 10
ivector-extract-online2 --verbose=1 --config=model/aspire/ivector_extractor.conf --ivector-period=10 ark:model/spk/spk_map.scp scp:/home/testDevilWhisper/kaldi/egs/mini_librispeech/s5/bin/alexa/1745179625/0/audio_mfcc_map.scp ark,scp,t:/home/testDevilWhisper/kaldi/egs/mini_librispeech/s5/bin/alexa/1745179625/0/audio_ivector.ark,/home/testDevilWhisper/kaldi/egs/mini_librispeech/s5/bin/alexa/1745179625/0/audio_ivector_map.scp 
LOG (ivector-extract-online2[5.5.552~1-d97f]:ComputeDerivedVars():ivector-extractor.cc:183) Computing derived variables for iVector extractor
LOG (ivector-extract-online2[5.5.552~1-d97f]:ComputeDerivedVars():ivector-extractor.cc:204) Done.
LOG (ivector-extract-online2[5.5.552~1-d97f]:main():ivector-extract-online2.cc:177) Estimated iVectors for 1 files, 0 with errors.
LOG (ivector-extract-online2[5.5.552~1-d97f]:main():ivector-extract-online2.cc:179) Average objective-function improvement was 37.1026 per frame, over 500 frames (weighted).
LOG (ivector-extract-online2[5.5.552~1-d97f]:main():ivector-extract-online2.cc:182) Average iVector length was 6.21278 and at utterance-end was 12.9278, over 500 frames (weighted);  expected length is 10
ivector-extract-online2 --verbose=1 --config=model/aspire/ivector_extractor.conf --ivector-period=10 ark:model/spk/spk_map.scp scp:/home/testDevilWhisper/kaldi/egs/mini_librispeech/s5/bin/alexa/1745179625/0/audio_mfcc_map.scp ark,scp,t:/home/testDevilWhisper/kaldi/egs/mini_librispeech/s5/bin/alexa/1745179625/0/audio_ivector.ark,/home/testDevilWhisper/kaldi/egs/mini_librispeech/s5/bin/alexa/1745179625/0/audio_ivector_map.scp 
LOG (ivector-extract-online2[5.5.552~1-d97f]:ComputeDerivedVars():ivector-extractor.cc:183) Computing derived variables for iVector extractor
LOG (ivector-extract-online2[5.5.552~1-d97f]:ComputeDerivedVars():ivector-extractor.cc:204) Done.
LOG (ivector-extract-online2[5.5.552~1-d97f]:main():ivector-extract-online2.cc:177) Estimated iVectors for 1 files, 0 with errors.
LOG (ivector-extract-online2[5.5.552~1-d97f]:main():ivector-extract-online2.cc:179) Average objective-function improvement was 34.2503 per frame, over 500 frames (weighted).
LOG (ivector-extract-online2[5.5.552~1-d97f]:main():ivector-extract-online2.cc:182) Average iVector length was 6.07859 and at utterance-end was 12.8551, over 500 frames (weighted);  expected length is 10
ivector-extract-online2 --verbose=1 --config=model/aspire/ivector_extractor.conf --ivector-period=10 ark:model/spk/spk_map.scp scp:/home/testDevilWhisper/kaldi/egs/mini_librispeech/s5/bin/alexa/1745179625/0/audio_mfcc_map.scp ark,scp,t:/home/testDevilWhisper/kaldi/egs/mini_librispeech/s5/bin/alexa/1745179625/0/audio_ivector.ark,/home/testDevilWhisper/kaldi/egs/mini_librispeech/s5/bin/alexa/1745179625/0/audio_ivector_map.scp 
LOG (ivector-extract-online2[5.5.552~1-d97f]:ComputeDerivedVars():ivector-extractor.cc:183) Computing derived variables for iVector extractor
LOG (ivector-extract-online2[5.5.552~1-d97f]:ComputeDerivedVars():ivector-extractor.cc:204) Done.
LOG (ivector-extract-online2[5.5.552~1-d97f]:main():ivector-extract-online2.cc:177) Estimated iVectors for 1 files, 0 with errors.
LOG (ivector-extract-online2[5.5.552~1-d97f]:main():ivector-extract-online2.cc:179) Average objective-function improvement was 36.2511 per frame, over 500 frames (weighted).
LOG (ivector-extract-online2[5.5.552~1-d97f]:main():ivector-extract-online2.cc:182) Average iVector length was 6.14407 and at utterance-end was 12.9063, over 500 frames (weighted);  expected length is 10
ivector-extract-online2 --verbose=1 --config=model/aspire/ivector_extractor.conf --ivector-period=10 ark:model/spk/spk_map.scp scp:/home/testDevilWhisper/kaldi/egs/mini_librispeech/s5/bin/alexa/1745179625/0/audio_mfcc_map.scp ark,scp,t:/home/testDevilWhisper/kaldi/egs/mini_librispeech/s5/bin/alexa/1745179625/0/audio_ivector.ark,/home/testDevilWhisper/kaldi/egs/mini_librispeech/s5/bin/alexa/1745179625/0/audio_ivector_map.scp 
LOG (ivector-extract-online2[5.5.552~1-d97f]:ComputeDerivedVars():ivector-extractor.cc:183) Computing derived variables for iVector extractor
LOG (ivector-extract-online2[5.5.552~1-d97f]:ComputeDerivedVars():ivector-extractor.cc:204) Done.
LOG (ivector-extract-online2[5.5.552~1-d97f]:main():ivector-extract-online2.cc:177) Estimated iVectors for 1 files, 0 with errors.
LOG (ivector-extract-online2[5.5.552~1-d97f]:main():ivector-extract-online2.cc:179) Average objective-function improvement was 36.9896 per frame, over 500 frames (weighted).
LOG (ivector-extract-online2[5.5.552~1-d97f]:main():ivector-extract-online2.cc:182) Average iVector length was 6.1309 and at utterance-end was 12.9135, over 500 frames (weighted);  expected length is 10
ivector-extract-online2 --verbose=1 --config=model/aspire/ivector_extractor.conf --ivector-period=10 ark:model/spk/spk_map.scp scp:/home/testDevilWhisper/kaldi/egs/mini_librispeech/s5/bin/alexa/1745179625/0/audio_mfcc_map.scp ark,scp,t:/home/testDevilWhisper/kaldi/egs/mini_librispeech/s5/bin/alexa/1745179625/0/audio_ivector.ark,/home/testDevilWhisper/kaldi/egs/mini_librispeech/s5/bin/alexa/1745179625/0/audio_ivector_map.scp 
LOG (ivector-extract-online2[5.5.552~1-d97f]:ComputeDerivedVars():ivector-extractor.cc:183) Computing derived variables for iVector extractor
LOG (ivector-extract-online2[5.5.552~1-d97f]:ComputeDerivedVars():ivector-extractor.cc:204) Done.
LOG (ivector-extract-online2[5.5.552~1-d97f]:main():ivector-extract-online2.cc:177) Estimated iVectors for 1 files, 0 with errors.
LOG (ivector-extract-online2[5.5.552~1-d97f]:main():ivector-extract-online2.cc:179) Average objective-function improvement was 36.6016 per frame, over 500 frames (weighted).
LOG (ivector-extract-online2[5.5.552~1-d97f]:main():ivector-extract-online2.cc:182) Average iVector length was 6.20747 and at utterance-end was 12.9768, over 500 frames (weighted);  expected length is 10
ivector-extract-online2 --verbose=1 --config=model/aspire/ivector_extractor.conf --ivector-period=10 ark:model/spk/spk_map.scp scp:/home/testDevilWhisper/kaldi/egs/mini_librispeech/s5/bin/alexa/1745179625/0/audio_mfcc_map.scp ark,scp,t:/home/testDevilWhisper/kaldi/egs/mini_librispeech/s5/bin/alexa/1745179625/0/audio_ivector.ark,/home/testDevilWhisper/kaldi/egs/mini_librispeech/s5/bin/alexa/1745179625/0/audio_ivector_map.scp 
LOG (ivector-extract-online2[5.5.552~1-d97f]:ComputeDerivedVars():ivector-extractor.cc:183) Computing derived variables for iVector extractor
LOG (ivector-extract-online2[5.5.552~1-d97f]:ComputeDerivedVars():ivector-extractor.cc:204) Done.
LOG (ivector-extract-online2[5.5.552~1-d97f]:main():ivector-extract-online2.cc:177) Estimated iVectors for 1 files, 0 with errors.
LOG (ivector-extract-online2[5.5.552~1-d97f]:main():ivector-extract-online2.cc:179) Average objective-function improvement was 35.4621 per frame, over 500 frames (weighted).
LOG (ivector-extract-online2[5.5.552~1-d97f]:main():ivector-extract-online2.cc:182) Average iVector length was 6.15179 and at utterance-end was 12.9367, over 500 frames (weighted);  expected length is 10
ivector-extract-online2 --verbose=1 --config=model/aspire/ivector_extractor.conf --ivector-period=10 ark:model/spk/spk_map.scp scp:/home/testDevilWhisper/kaldi/egs/mini_librispeech/s5/bin/alexa/1745179625/0/audio_mfcc_map.scp ark,scp,t:/home/testDevilWhisper/kaldi/egs/mini_librispeech/s5/bin/alexa/1745179625/0/audio_ivector.ark,/home/testDevilWhisper/kaldi/egs/mini_librispeech/s5/bin/alexa/1745179625/0/audio_ivector_map.scp 
LOG (ivector-extract-online2[5.5.552~1-d97f]:ComputeDerivedVars():ivector-extractor.cc:183) Computing derived variables for iVector extractor
LOG (ivector-extract-online2[5.5.552~1-d97f]:ComputeDerivedVars():ivector-extractor.cc:204) Done.
LOG (ivector-extract-online2[5.5.552~1-d97f]:main():ivector-extract-online2.cc:177) Estimated iVectors for 1 files, 0 with errors.
LOG (ivector-extract-online2[5.5.552~1-d97f]:main():ivector-extract-online2.cc:179) Average objective-function improvement was 36.1914 per frame, over 500 frames (weighted).
LOG (ivector-extract-online2[5.5.552~1-d97f]:main():ivector-extract-online2.cc:182) Average iVector length was 6.22012 and at utterance-end was 13.0415, over 500 frames (weighted);  expected length is 10
ivector-extract-online2 --verbose=1 --config=model/aspire/ivector_extractor.conf --ivector-period=10 ark:model/spk/spk_map.scp scp:/home/testDevilWhisper/kaldi/egs/mini_librispeech/s5/bin/alexa/1745179625/0/audio_mfcc_map.scp ark,scp,t:/home/testDevilWhisper/kaldi/egs/mini_librispeech/s5/bin/alexa/1745179625/0/audio_ivector.ark,/home/testDevilWhisper/kaldi/egs/mini_librispeech/s5/bin/alexa/1745179625/0/audio_ivector_map.scp 
LOG (ivector-extract-online2[5.5.552~1-d97f]:ComputeDerivedVars():ivector-extractor.cc:183) Computing derived variables for iVector extractor
LOG (ivector-extract-online2[5.5.552~1-d97f]:ComputeDerivedVars():ivector-extractor.cc:204) Done.
LOG (ivector-extract-online2[5.5.552~1-d97f]:main():ivector-extract-online2.cc:177) Estimated iVectors for 1 files, 0 with errors.
LOG (ivector-extract-online2[5.5.552~1-d97f]:main():ivector-extract-online2.cc:179) Average objective-function improvement was 35.9056 per frame, over 500 frames (weighted).
LOG (ivector-extract-online2[5.5.552~1-d97f]:main():ivector-extract-online2.cc:182) Average iVector length was 6.16902 and at utterance-end was 12.9213, over 500 frames (weighted);  expected length is 10
ivector-extract-online2 --verbose=1 --config=model/aspire/ivector_extractor.conf --ivector-period=10 ark:model/spk/spk_map.scp scp:/home/testDevilWhisper/kaldi/egs/mini_librispeech/s5/bin/alexa/1745179625/0/audio_mfcc_map.scp ark,scp,t:/home/testDevilWhisper/kaldi/egs/mini_librispeech/s5/bin/alexa/1745179625/0/audio_ivector.ark,/home/testDevilWhisper/kaldi/egs/mini_librispeech/s5/bin/alexa/1745179625/0/audio_ivector_map.scp 
LOG (ivector-extract-online2[5.5.552~1-d97f]:ComputeDerivedVars():ivector-extractor.cc:183) Computing derived variables for iVector extractor
LOG (ivector-extract-online2[5.5.552~1-d97f]:ComputeDerivedVars():ivector-extractor.cc:204) Done.
LOG (ivector-extract-online2[5.5.552~1-d97f]:main():ivector-extract-online2.cc:177) Estimated iVectors for 1 files, 0 with errors.
LOG (ivector-extract-online2[5.5.552~1-d97f]:main():ivector-extract-online2.cc:179) Average objective-function improvement was 36.0505 per frame, over 500 frames (weighted).
LOG (ivector-extract-online2[5.5.552~1-d97f]:main():ivector-extract-online2.cc:182) Average iVector length was 6.22607 and at utterance-end was 12.9078, over 500 frames (weighted);  expected length is 10
ivector-extract-online2 --verbose=1 --config=model/aspire/ivector_extractor.conf --ivector-period=10 ark:model/spk/spk_map.scp scp:/home/testDevilWhisper/kaldi/egs/mini_librispeech/s5/bin/alexa/1745179625/0/audio_mfcc_map.scp ark,scp,t:/home/testDevilWhisper/kaldi/egs/mini_librispeech/s5/bin/alexa/1745179625/0/audio_ivector.ark,/home/testDevilWhisper/kaldi/egs/mini_librispeech/s5/bin/alexa/1745179625/0/audio_ivector_map.scp 
LOG (ivector-extract-online2[5.5.552~1-d97f]:ComputeDerivedVars():ivector-extractor.cc:183) Computing derived variables for iVector extractor
LOG (ivector-extract-online2[5.5.552~1-d97f]:ComputeDerivedVars():ivector-extractor.cc:204) Done.
LOG (ivector-extract-online2[5.5.552~1-d97f]:main():ivector-extract-online2.cc:177) Estimated iVectors for 1 files, 0 with errors.
LOG (ivector-extract-online2[5.5.552~1-d97f]:main():ivector-extract-online2.cc:179) Average objective-function improvement was 38.2149 per frame, over 500 frames (weighted).
LOG (ivector-extract-online2[5.5.552~1-d97f]:main():ivector-extract-online2.cc:182) Average iVector length was 6.26038 and at utterance-end was 12.9203, over 500 frames (weighted);  expected length is 10
ivector-extract-online2 --verbose=1 --config=model/aspire/ivector_extractor.conf --ivector-period=10 ark:model/spk/spk_map.scp scp:/home/testDevilWhisper/kaldi/egs/mini_librispeech/s5/bin/alexa/1745179625/0/audio_mfcc_map.scp ark,scp,t:/home/testDevilWhisper/kaldi/egs/mini_librispeech/s5/bin/alexa/1745179625/0/audio_ivector.ark,/home/testDevilWhisper/kaldi/egs/mini_librispeech/s5/bin/alexa/1745179625/0/audio_ivector_map.scp 
LOG (ivector-extract-online2[5.5.552~1-d97f]:ComputeDerivedVars():ivector-extractor.cc:183) Computing derived variables for iVector extractor
LOG (ivector-extract-online2[5.5.552~1-d97f]:ComputeDerivedVars():ivector-extractor.cc:204) Done.
LOG (ivector-extract-online2[5.5.552~1-d97f]:main():ivector-extract-online2.cc:177) Estimated iVectors for 1 files, 0 with errors.
LOG (ivector-extract-online2[5.5.552~1-d97f]:main():ivector-extract-online2.cc:179) Average objective-function improvement was 36.1326 per frame, over 500 frames (weighted).
LOG (ivector-extract-online2[5.5.552~1-d97f]:main():ivector-extract-online2.cc:182) Average iVector length was 6.24645 and at utterance-end was 12.8554, over 500 frames (weighted);  expected length is 10
ivector-extract-online2 --verbose=1 --config=model/aspire/ivector_extractor.conf --ivector-period=10 ark:model/spk/spk_map.scp scp:/home/testDevilWhisper/kaldi/egs/mini_librispeech/s5/bin/alexa/1745179625/0/audio_mfcc_map.scp ark,scp,t:/home/testDevilWhisper/kaldi/egs/mini_librispeech/s5/bin/alexa/1745179625/0/audio_ivector.ark,/home/testDevilWhisper/kaldi/egs/mini_librispeech/s5/bin/alexa/1745179625/0/audio_ivector_map.scp 
LOG (ivector-extract-online2[5.5.552~1-d97f]:ComputeDerivedVars():ivector-extractor.cc:183) Computing derived variables for iVector extractor
LOG (ivector-extract-online2[5.5.552~1-d97f]:ComputeDerivedVars():ivector-extractor.cc:204) Done.
LOG (ivector-extract-online2[5.5.552~1-d97f]:main():ivector-extract-online2.cc:177) Estimated iVectors for 1 files, 0 with errors.
LOG (ivector-extract-online2[5.5.552~1-d97f]:main():ivector-extract-online2.cc:179) Average objective-function improvement was 36.7052 per frame, over 500 frames (weighted).
LOG (ivector-extract-online2[5.5.552~1-d97f]:main():ivector-extract-online2.cc:182) Average iVector length was 6.26062 and at utterance-end was 12.8728, over 500 frames (weighted);  expected length is 10
ivector-extract-online2 --verbose=1 --config=model/aspire/ivector_extractor.conf --ivector-period=10 ark:model/spk/spk_map.scp scp:/home/testDevilWhisper/kaldi/egs/mini_librispeech/s5/bin/alexa/1745179625/0/audio_mfcc_map.scp ark,scp,t:/home/testDevilWhisper/kaldi/egs/mini_librispeech/s5/bin/alexa/1745179625/0/audio_ivector.ark,/home/testDevilWhisper/kaldi/egs/mini_librispeech/s5/bin/alexa/1745179625/0/audio_ivector_map.scp 
LOG (ivector-extract-online2[5.5.552~1-d97f]:ComputeDerivedVars():ivector-extractor.cc:183) Computing derived variables for iVector extractor
LOG (ivector-extract-online2[5.5.552~1-d97f]:ComputeDerivedVars():ivector-extractor.cc:204) Done.
LOG (ivector-extract-online2[5.5.552~1-d97f]:main():ivector-extract-online2.cc:177) Estimated iVectors for 1 files, 0 with errors.
LOG (ivector-extract-online2[5.5.552~1-d97f]:main():ivector-extract-online2.cc:179) Average objective-function improvement was 35.2403 per frame, over 500 frames (weighted).
LOG (ivector-extract-online2[5.5.552~1-d97f]:main():ivector-extract-online2.cc:182) Average iVector length was 6.04868 and at utterance-end was 12.8201, over 500 frames (weighted);  expected length is 10
ivector-extract-online2 --verbose=1 --config=model/aspire/ivector_extractor.conf --ivector-period=10 ark:model/spk/spk_map.scp scp:/home/testDevilWhisper/kaldi/egs/mini_librispeech/s5/bin/alexa/1745179625/0/audio_mfcc_map.scp ark,scp,t:/home/testDevilWhisper/kaldi/egs/mini_librispeech/s5/bin/alexa/1745179625/0/audio_ivector.ark,/home/testDevilWhisper/kaldi/egs/mini_librispeech/s5/bin/alexa/1745179625/0/audio_ivector_map.scp 
LOG (ivector-extract-online2[5.5.552~1-d97f]:ComputeDerivedVars():ivector-extractor.cc:183) Computing derived variables for iVector extractor
LOG (ivector-extract-online2[5.5.552~1-d97f]:ComputeDerivedVars():ivector-extractor.cc:204) Done.
LOG (ivector-extract-online2[5.5.552~1-d97f]:main():ivector-extract-online2.cc:177) Estimated iVectors for 1 files, 0 with errors.
LOG (ivector-extract-online2[5.5.552~1-d97f]:main():ivector-extract-online2.cc:179) Average objective-function improvement was 38.5454 per frame, over 500 frames (weighted).
LOG (ivector-extract-online2[5.5.552~1-d97f]:main():ivector-extract-online2.cc:182) Average iVector length was 6.3331 and at utterance-end was 12.9924, over 500 frames (weighted);  expected length is 10
ivector-extract-online2 --verbose=1 --config=model/aspire/ivector_extractor.conf --ivector-period=10 ark:model/spk/spk_map.scp scp:/home/testDevilWhisper/kaldi/egs/mini_librispeech/s5/bin/alexa/1745179625/0/audio_mfcc_map.scp ark,scp,t:/home/testDevilWhisper/kaldi/egs/mini_librispeech/s5/bin/alexa/1745179625/0/audio_ivector.ark,/home/testDevilWhisper/kaldi/egs/mini_librispeech/s5/bin/alexa/1745179625/0/audio_ivector_map.scp 
LOG (ivector-extract-online2[5.5.552~1-d97f]:ComputeDerivedVars():ivector-extractor.cc:183) Computing derived variables for iVector extractor
LOG (ivector-extract-online2[5.5.552~1-d97f]:ComputeDerivedVars():ivector-extractor.cc:204) Done.
LOG (ivector-extract-online2[5.5.552~1-d97f]:main():ivector-extract-online2.cc:177) Estimated iVectors for 1 files, 0 with errors.
LOG (ivector-extract-online2[5.5.552~1-d97f]:main():ivector-extract-online2.cc:179) Average objective-function improvement was 37.7353 per frame, over 500 frames (weighted).
LOG (ivector-extract-online2[5.5.552~1-d97f]:main():ivector-extract-online2.cc:182) Average iVector length was 6.26903 and at utterance-end was 12.9089, over 500 frames (weighted);  expected length is 10
ivector-extract-online2 --verbose=1 --config=model/aspire/ivector_extractor.conf --ivector-period=10 ark:model/spk/spk_map.scp scp:/home/testDevilWhisper/kaldi/egs/mini_librispeech/s5/bin/alexa/1745179625/0/audio_mfcc_map.scp ark,scp,t:/home/testDevilWhisper/kaldi/egs/mini_librispeech/s5/bin/alexa/1745179625/0/audio_ivector.ark,/home/testDevilWhisper/kaldi/egs/mini_librispeech/s5/bin/alexa/1745179625/0/audio_ivector_map.scp 
LOG (ivector-extract-online2[5.5.552~1-d97f]:ComputeDerivedVars():ivector-extractor.cc:183) Computing derived variables for iVector extractor
LOG (ivector-extract-online2[5.5.552~1-d97f]:ComputeDerivedVars():ivector-extractor.cc:204) Done.
LOG (ivector-extract-online2[5.5.552~1-d97f]:main():ivector-extract-online2.cc:177) Estimated iVectors for 1 files, 0 with errors.
LOG (ivector-extract-online2[5.5.552~1-d97f]:main():ivector-extract-online2.cc:179) Average objective-function improvement was 37.9351 per frame, over 500 frames (weighted).
LOG (ivector-extract-online2[5.5.552~1-d97f]:main():ivector-extract-online2.cc:182) Average iVector length was 6.28209 and at utterance-end was 12.9628, over 500 frames (weighted);  expected length is 10
ivector-extract-online2 --verbose=1 --config=model/aspire/ivector_extractor.conf --ivector-period=10 ark:model/spk/spk_map.scp scp:/home/testDevilWhisper/kaldi/egs/mini_librispeech/s5/bin/alexa/1745179625/0/audio_mfcc_map.scp ark,scp,t:/home/testDevilWhisper/kaldi/egs/mini_librispeech/s5/bin/alexa/1745179625/0/audio_ivector.ark,/home/testDevilWhisper/kaldi/egs/mini_librispeech/s5/bin/alexa/1745179625/0/audio_ivector_map.scp 
LOG (ivector-extract-online2[5.5.552~1-d97f]:ComputeDerivedVars():ivector-extractor.cc:183) Computing derived variables for iVector extractor
LOG (ivector-extract-online2[5.5.552~1-d97f]:ComputeDerivedVars():ivector-extractor.cc:204) Done.
LOG (ivector-extract-online2[5.5.552~1-d97f]:main():ivector-extract-online2.cc:177) Estimated iVectors for 1 files, 0 with errors.
LOG (ivector-extract-online2[5.5.552~1-d97f]:main():ivector-extract-online2.cc:179) Average objective-function improvement was 36.4599 per frame, over 500 frames (weighted).
LOG (ivector-extract-online2[5.5.552~1-d97f]:main():ivector-extract-online2.cc:182) Average iVector length was 6.2887 and at utterance-end was 12.9388, over 500 frames (weighted);  expected length is 10
ivector-extract-online2 --verbose=1 --config=model/aspire/ivector_extractor.conf --ivector-period=10 ark:model/spk/spk_map.scp scp:/home/testDevilWhisper/kaldi/egs/mini_librispeech/s5/bin/alexa/1745179625/0/audio_mfcc_map.scp ark,scp,t:/home/testDevilWhisper/kaldi/egs/mini_librispeech/s5/bin/alexa/1745179625/0/audio_ivector.ark,/home/testDevilWhisper/kaldi/egs/mini_librispeech/s5/bin/alexa/1745179625/0/audio_ivector_map.scp 
LOG (ivector-extract-online2[5.5.552~1-d97f]:ComputeDerivedVars():ivector-extractor.cc:183) Computing derived variables for iVector extractor
LOG (ivector-extract-online2[5.5.552~1-d97f]:ComputeDerivedVars():ivector-extractor.cc:204) Done.
LOG (ivector-extract-online2[5.5.552~1-d97f]:main():ivector-extract-online2.cc:177) Estimated iVectors for 1 files, 0 with errors.
LOG (ivector-extract-online2[5.5.552~1-d97f]:main():ivector-extract-online2.cc:179) Average objective-function improvement was 37.5557 per frame, over 500 frames (weighted).
LOG (ivector-extract-online2[5.5.552~1-d97f]:main():ivector-extract-online2.cc:182) Average iVector length was 6.29777 and at utterance-end was 13.0541, over 500 frames (weighted);  expected length is 10
ivector-extract-online2 --verbose=1 --config=model/aspire/ivector_extractor.conf --ivector-period=10 ark:model/spk/spk_map.scp scp:/home/testDevilWhisper/kaldi/egs/mini_librispeech/s5/bin/alexa/1745179625/0/audio_mfcc_map.scp ark,scp,t:/home/testDevilWhisper/kaldi/egs/mini_librispeech/s5/bin/alexa/1745179625/0/audio_ivector.ark,/home/testDevilWhisper/kaldi/egs/mini_librispeech/s5/bin/alexa/1745179625/0/audio_ivector_map.scp 
LOG (ivector-extract-online2[5.5.552~1-d97f]:ComputeDerivedVars():ivector-extractor.cc:183) Computing derived variables for iVector extractor
LOG (ivector-extract-online2[5.5.552~1-d97f]:ComputeDerivedVars():ivector-extractor.cc:204) Done.
LOG (ivector-extract-online2[5.5.552~1-d97f]:main():ivector-extract-online2.cc:177) Estimated iVectors for 1 files, 0 with errors.
LOG (ivector-extract-online2[5.5.552~1-d97f]:main():ivector-extract-online2.cc:179) Average objective-function improvement was 36.4237 per frame, over 500 frames (weighted).
LOG (ivector-extract-online2[5.5.552~1-d97f]:main():ivector-extract-online2.cc:182) Average iVector length was 6.31125 and at utterance-end was 12.9374, over 500 frames (weighted);  expected length is 10
ivector-extract-online2 --verbose=1 --config=model/aspire/ivector_extractor.conf --ivector-period=10 ark:model/spk/spk_map.scp scp:/home/testDevilWhisper/kaldi/egs/mini_librispeech/s5/bin/alexa/1745179625/0/audio_mfcc_map.scp ark,scp,t:/home/testDevilWhisper/kaldi/egs/mini_librispeech/s5/bin/alexa/1745179625/0/audio_ivector.ark,/home/testDevilWhisper/kaldi/egs/mini_librispeech/s5/bin/alexa/1745179625/0/audio_ivector_map.scp 
LOG (ivector-extract-online2[5.5.552~1-d97f]:ComputeDerivedVars():ivector-extractor.cc:183) Computing derived variables for iVector extractor
LOG (ivector-extract-online2[5.5.552~1-d97f]:ComputeDerivedVars():ivector-extractor.cc:204) Done.
LOG (ivector-extract-online2[5.5.552~1-d97f]:main():ivector-extract-online2.cc:177) Estimated iVectors for 1 files, 0 with errors.
LOG (ivector-extract-online2[5.5.552~1-d97f]:main():ivector-extract-online2.cc:179) Average objective-function improvement was 37.0365 per frame, over 500 frames (weighted).
LOG (ivector-extract-online2[5.5.552~1-d97f]:main():ivector-extract-online2.cc:182) Average iVector length was 6.31565 and at utterance-end was 12.9402, over 500 frames (weighted);  expected length is 10
ivector-extract-online2 --verbose=1 --config=model/aspire/ivector_extractor.conf --ivector-period=10 ark:model/spk/spk_map.scp scp:/home/testDevilWhisper/kaldi/egs/mini_librispeech/s5/bin/alexa/1745179625/0/audio_mfcc_map.scp ark,scp,t:/home/testDevilWhisper/kaldi/egs/mini_librispeech/s5/bin/alexa/1745179625/0/audio_ivector.ark,/home/testDevilWhisper/kaldi/egs/mini_librispeech/s5/bin/alexa/1745179625/0/audio_ivector_map.scp 
LOG (ivector-extract-online2[5.5.552~1-d97f]:ComputeDerivedVars():ivector-extractor.cc:183) Computing derived variables for iVector extractor
LOG (ivector-extract-online2[5.5.552~1-d97f]:ComputeDerivedVars():ivector-extractor.cc:204) Done.
LOG (ivector-extract-online2[5.5.552~1-d97f]:main():ivector-extract-online2.cc:177) Estimated iVectors for 1 files, 0 with errors.
LOG (ivector-extract-online2[5.5.552~1-d97f]:main():ivector-extract-online2.cc:179) Average objective-function improvement was 37.6847 per frame, over 500 frames (weighted).
LOG (ivector-extract-online2[5.5.552~1-d97f]:main():ivector-extract-online2.cc:182) Average iVector length was 6.33252 and at utterance-end was 13.0513, over 500 frames (weighted);  expected length is 10
ivector-extract-online2 --verbose=1 --config=model/aspire/ivector_extractor.conf --ivector-period=10 ark:model/spk/spk_map.scp scp:/home/testDevilWhisper/kaldi/egs/mini_librispeech/s5/bin/alexa/1745179625/0/audio_mfcc_map.scp ark,scp,t:/home/testDevilWhisper/kaldi/egs/mini_librispeech/s5/bin/alexa/1745179625/0/audio_ivector.ark,/home/testDevilWhisper/kaldi/egs/mini_librispeech/s5/bin/alexa/1745179625/0/audio_ivector_map.scp 
LOG (ivector-extract-online2[5.5.552~1-d97f]:ComputeDerivedVars():ivector-extractor.cc:183) Computing derived variables for iVector extractor
LOG (ivector-extract-online2[5.5.552~1-d97f]:ComputeDerivedVars():ivector-extractor.cc:204) Done.
LOG (ivector-extract-online2[5.5.552~1-d97f]:main():ivector-extract-online2.cc:177) Estimated iVectors for 1 files, 0 with errors.
LOG (ivector-extract-online2[5.5.552~1-d97f]:main():ivector-extract-online2.cc:179) Average objective-function improvement was 37.0201 per frame, over 500 frames (weighted).
LOG (ivector-extract-online2[5.5.552~1-d97f]:main():ivector-extract-online2.cc:182) Average iVector length was 6.31971 and at utterance-end was 12.9698, over 500 frames (weighted);  expected length is 10
ivector-extract-online2 --verbose=1 --config=model/aspire/ivector_extractor.conf --ivector-period=10 ark:model/spk/spk_map.scp scp:/home/testDevilWhisper/kaldi/egs/mini_librispeech/s5/bin/alexa/1745179625/0/audio_mfcc_map.scp ark,scp,t:/home/testDevilWhisper/kaldi/egs/mini_librispeech/s5/bin/alexa/1745179625/0/audio_ivector.ark,/home/testDevilWhisper/kaldi/egs/mini_librispeech/s5/bin/alexa/1745179625/0/audio_ivector_map.scp 
LOG (ivector-extract-online2[5.5.552~1-d97f]:ComputeDerivedVars():ivector-extractor.cc:183) Computing derived variables for iVector extractor
LOG (ivector-extract-online2[5.5.552~1-d97f]:ComputeDerivedVars():ivector-extractor.cc:204) Done.
LOG (ivector-extract-online2[5.5.552~1-d97f]:main():ivector-extract-online2.cc:177) Estimated iVectors for 1 files, 0 with errors.
LOG (ivector-extract-online2[5.5.552~1-d97f]:main():ivector-extract-online2.cc:179) Average objective-function improvement was 36.0336 per frame, over 500 frames (weighted).
LOG (ivector-extract-online2[5.5.552~1-d97f]:main():ivector-extract-online2.cc:182) Average iVector length was 6.30503 and at utterance-end was 13.0126, over 500 frames (weighted);  expected length is 10
ivector-extract-online2 --verbose=1 --config=model/aspire/ivector_extractor.conf --ivector-period=10 ark:model/spk/spk_map.scp scp:/home/testDevilWhisper/kaldi/egs/mini_librispeech/s5/bin/alexa/1745179625/0/audio_mfcc_map.scp ark,scp,t:/home/testDevilWhisper/kaldi/egs/mini_librispeech/s5/bin/alexa/1745179625/0/audio_ivector.ark,/home/testDevilWhisper/kaldi/egs/mini_librispeech/s5/bin/alexa/1745179625/0/audio_ivector_map.scp 
LOG (ivector-extract-online2[5.5.552~1-d97f]:ComputeDerivedVars():ivector-extractor.cc:183) Computing derived variables for iVector extractor
LOG (ivector-extract-online2[5.5.552~1-d97f]:ComputeDerivedVars():ivector-extractor.cc:204) Done.
LOG (ivector-extract-online2[5.5.552~1-d97f]:main():ivector-extract-online2.cc:177) Estimated iVectors for 1 files, 0 with errors.
LOG (ivector-extract-online2[5.5.552~1-d97f]:main():ivector-extract-online2.cc:179) Average objective-function improvement was 38.2186 per frame, over 500 frames (weighted).
LOG (ivector-extract-online2[5.5.552~1-d97f]:main():ivector-extract-online2.cc:182) Average iVector length was 6.27464 and at utterance-end was 13.0158, over 500 frames (weighted);  expected length is 10
ivector-extract-online2 --verbose=1 --config=model/aspire/ivector_extractor.conf --ivector-period=10 ark:model/spk/spk_map.scp scp:/home/testDevilWhisper/kaldi/egs/mini_librispeech/s5/bin/alexa/1745179625/0/audio_mfcc_map.scp ark,scp,t:/home/testDevilWhisper/kaldi/egs/mini_librispeech/s5/bin/alexa/1745179625/0/audio_ivector.ark,/home/testDevilWhisper/kaldi/egs/mini_librispeech/s5/bin/alexa/1745179625/0/audio_ivector_map.scp 
LOG (ivector-extract-online2[5.5.552~1-d97f]:ComputeDerivedVars():ivector-extractor.cc:183) Computing derived variables for iVector extractor
LOG (ivector-extract-online2[5.5.552~1-d97f]:ComputeDerivedVars():ivector-extractor.cc:204) Done.
LOG (ivector-extract-online2[5.5.552~1-d97f]:main():ivector-extract-online2.cc:177) Estimated iVectors for 1 files, 0 with errors.
LOG (ivector-extract-online2[5.5.552~1-d97f]:main():ivector-extract-online2.cc:179) Average objective-function improvement was 38.2659 per frame, over 500 frames (weighted).
LOG (ivector-extract-online2[5.5.552~1-d97f]:main():ivector-extract-online2.cc:182) Average iVector length was 6.3129 and at utterance-end was 13.0729, over 500 frames (weighted);  expected length is 10
ivector-extract-online2 --verbose=1 --config=model/aspire/ivector_extractor.conf --ivector-period=10 ark:model/spk/spk_map.scp scp:/home/testDevilWhisper/kaldi/egs/mini_librispeech/s5/bin/alexa/1745179625/0/audio_mfcc_map.scp ark,scp,t:/home/testDevilWhisper/kaldi/egs/mini_librispeech/s5/bin/alexa/1745179625/0/audio_ivector.ark,/home/testDevilWhisper/kaldi/egs/mini_librispeech/s5/bin/alexa/1745179625/0/audio_ivector_map.scp 
LOG (ivector-extract-online2[5.5.552~1-d97f]:ComputeDerivedVars():ivector-extractor.cc:183) Computing derived variables for iVector extractor
LOG (ivector-extract-online2[5.5.552~1-d97f]:ComputeDerivedVars():ivector-extractor.cc:204) Done.
LOG (ivector-extract-online2[5.5.552~1-d97f]:main():ivector-extract-online2.cc:177) Estimated iVectors for 1 files, 0 with errors.
LOG (ivector-extract-online2[5.5.552~1-d97f]:main():ivector-extract-online2.cc:179) Average objective-function improvement was 37.2851 per frame, over 500 frames (weighted).
LOG (ivector-extract-online2[5.5.552~1-d97f]:main():ivector-extract-online2.cc:182) Average iVector length was 6.28634 and at utterance-end was 13.0269, over 500 frames (weighted);  expected length is 10
ivector-extract-online2 --verbose=1 --config=model/aspire/ivector_extractor.conf --ivector-period=10 ark:model/spk/spk_map.scp scp:/home/testDevilWhisper/kaldi/egs/mini_librispeech/s5/bin/alexa/1745179625/0/audio_mfcc_map.scp ark,scp,t:/home/testDevilWhisper/kaldi/egs/mini_librispeech/s5/bin/alexa/1745179625/0/audio_ivector.ark,/home/testDevilWhisper/kaldi/egs/mini_librispeech/s5/bin/alexa/1745179625/0/audio_ivector_map.scp 
LOG (ivector-extract-online2[5.5.552~1-d97f]:ComputeDerivedVars():ivector-extractor.cc:183) Computing derived variables for iVector extractor
LOG (ivector-extract-online2[5.5.552~1-d97f]:ComputeDerivedVars():ivector-extractor.cc:204) Done.
LOG (ivector-extract-online2[5.5.552~1-d97f]:main():ivector-extract-online2.cc:177) Estimated iVectors for 1 files, 0 with errors.
LOG (ivector-extract-online2[5.5.552~1-d97f]:main():ivector-extract-online2.cc:179) Average objective-function improvement was 37.6476 per frame, over 500 frames (weighted).
LOG (ivector-extract-online2[5.5.552~1-d97f]:main():ivector-extract-online2.cc:182) Average iVector length was 6.23801 and at utterance-end was 13.0458, over 500 frames (weighted);  expected length is 10
ivector-extract-online2 --verbose=1 --config=model/aspire/ivector_extractor.conf --ivector-period=10 ark:model/spk/spk_map.scp scp:/home/testDevilWhisper/kaldi/egs/mini_librispeech/s5/bin/alexa/1745179625/0/audio_mfcc_map.scp ark,scp,t:/home/testDevilWhisper/kaldi/egs/mini_librispeech/s5/bin/alexa/1745179625/0/audio_ivector.ark,/home/testDevilWhisper/kaldi/egs/mini_librispeech/s5/bin/alexa/1745179625/0/audio_ivector_map.scp 
LOG (ivector-extract-online2[5.5.552~1-d97f]:ComputeDerivedVars():ivector-extractor.cc:183) Computing derived variables for iVector extractor
LOG (ivector-extract-online2[5.5.552~1-d97f]:ComputeDerivedVars():ivector-extractor.cc:204) Done.
LOG (ivector-extract-online2[5.5.552~1-d97f]:main():ivector-extract-online2.cc:177) Estimated iVectors for 1 files, 0 with errors.
LOG (ivector-extract-online2[5.5.552~1-d97f]:main():ivector-extract-online2.cc:179) Average objective-function improvement was 38.8001 per frame, over 500 frames (weighted).
LOG (ivector-extract-online2[5.5.552~1-d97f]:main():ivector-extract-online2.cc:182) Average iVector length was 6.2552 and at utterance-end was 13.057, over 500 frames (weighted);  expected length is 10
ivector-extract-online2 --verbose=1 --config=model/aspire/ivector_extractor.conf --ivector-period=10 ark:model/spk/spk_map.scp scp:/home/testDevilWhisper/kaldi/egs/mini_librispeech/s5/bin/alexa/1745179625/0/audio_mfcc_map.scp ark,scp,t:/home/testDevilWhisper/kaldi/egs/mini_librispeech/s5/bin/alexa/1745179625/0/audio_ivector.ark,/home/testDevilWhisper/kaldi/egs/mini_librispeech/s5/bin/alexa/1745179625/0/audio_ivector_map.scp 
LOG (ivector-extract-online2[5.5.552~1-d97f]:ComputeDerivedVars():ivector-extractor.cc:183) Computing derived variables for iVector extractor
LOG (ivector-extract-online2[5.5.552~1-d97f]:ComputeDerivedVars():ivector-extractor.cc:204) Done.
LOG (ivector-extract-online2[5.5.552~1-d97f]:main():ivector-extract-online2.cc:177) Estimated iVectors for 1 files, 0 with errors.
LOG (ivector-extract-online2[5.5.552~1-d97f]:main():ivector-extract-online2.cc:179) Average objective-function improvement was 37.2031 per frame, over 500 frames (weighted).
LOG (ivector-extract-online2[5.5.552~1-d97f]:main():ivector-extract-online2.cc:182) Average iVector length was 6.22238 and at utterance-end was 13.0293, over 500 frames (weighted);  expected length is 10
ivector-extract-online2 --verbose=1 --config=model/aspire/ivector_extractor.conf --ivector-period=10 ark:model/spk/spk_map.scp scp:/home/testDevilWhisper/kaldi/egs/mini_librispeech/s5/bin/alexa/1745179625/0/audio_mfcc_map.scp ark,scp,t:/home/testDevilWhisper/kaldi/egs/mini_librispeech/s5/bin/alexa/1745179625/0/audio_ivector.ark,/home/testDevilWhisper/kaldi/egs/mini_librispeech/s5/bin/alexa/1745179625/0/audio_ivector_map.scp 
LOG (ivector-extract-online2[5.5.552~1-d97f]:ComputeDerivedVars():ivector-extractor.cc:183) Computing derived variables for iVector extractor
LOG (ivector-extract-online2[5.5.552~1-d97f]:ComputeDerivedVars():ivector-extractor.cc:204) Done.
LOG (ivector-extract-online2[5.5.552~1-d97f]:main():ivector-extract-online2.cc:177) Estimated iVectors for 1 files, 0 with errors.
LOG (ivector-extract-online2[5.5.552~1-d97f]:main():ivector-extract-online2.cc:179) Average objective-function improvement was 38.3531 per frame, over 500 frames (weighted).
LOG (ivector-extract-online2[5.5.552~1-d97f]:main():ivector-extract-online2.cc:182) Average iVector length was 6.357 and at utterance-end was 13.0559, over 500 frames (weighted);  expected length is 10
ivector-extract-online2 --verbose=1 --config=model/aspire/ivector_extractor.conf --ivector-period=10 ark:model/spk/spk_map.scp scp:/home/testDevilWhisper/kaldi/egs/mini_librispeech/s5/bin/alexa/1745179625/0/audio_mfcc_map.scp ark,scp,t:/home/testDevilWhisper/kaldi/egs/mini_librispeech/s5/bin/alexa/1745179625/0/audio_ivector.ark,/home/testDevilWhisper/kaldi/egs/mini_librispeech/s5/bin/alexa/1745179625/0/audio_ivector_map.scp 
LOG (ivector-extract-online2[5.5.552~1-d97f]:ComputeDerivedVars():ivector-extractor.cc:183) Computing derived variables for iVector extractor
LOG (ivector-extract-online2[5.5.552~1-d97f]:ComputeDerivedVars():ivector-extractor.cc:204) Done.
LOG (ivector-extract-online2[5.5.552~1-d97f]:main():ivector-extract-online2.cc:177) Estimated iVectors for 1 files, 0 with errors.
LOG (ivector-extract-online2[5.5.552~1-d97f]:main():ivector-extract-online2.cc:179) Average objective-function improvement was 36.8417 per frame, over 500 frames (weighted).
LOG (ivector-extract-online2[5.5.552~1-d97f]:main():ivector-extract-online2.cc:182) Average iVector length was 6.2862 and at utterance-end was 13.0773, over 500 frames (weighted);  expected length is 10
ivector-extract-online2 --verbose=1 --config=model/aspire/ivector_extractor.conf --ivector-period=10 ark:model/spk/spk_map.scp scp:/home/testDevilWhisper/kaldi/egs/mini_librispeech/s5/bin/alexa/1745179625/0/audio_mfcc_map.scp ark,scp,t:/home/testDevilWhisper/kaldi/egs/mini_librispeech/s5/bin/alexa/1745179625/0/audio_ivector.ark,/home/testDevilWhisper/kaldi/egs/mini_librispeech/s5/bin/alexa/1745179625/0/audio_ivector_map.scp 
LOG (ivector-extract-online2[5.5.552~1-d97f]:ComputeDerivedVars():ivector-extractor.cc:183) Computing derived variables for iVector extractor
LOG (ivector-extract-online2[5.5.552~1-d97f]:ComputeDerivedVars():ivector-extractor.cc:204) Done.
LOG (ivector-extract-online2[5.5.552~1-d97f]:main():ivector-extract-online2.cc:177) Estimated iVectors for 1 files, 0 with errors.
LOG (ivector-extract-online2[5.5.552~1-d97f]:main():ivector-extract-online2.cc:179) Average objective-function improvement was 36.7226 per frame, over 500 frames (weighted).
LOG (ivector-extract-online2[5.5.552~1-d97f]:main():ivector-extract-online2.cc:182) Average iVector length was 6.1974 and at utterance-end was 12.9865, over 500 frames (weighted);  expected length is 10
ivector-extract-online2 --verbose=1 --config=model/aspire/ivector_extractor.conf --ivector-period=10 ark:model/spk/spk_map.scp scp:/home/testDevilWhisper/kaldi/egs/mini_librispeech/s5/bin/alexa/1745179625/0/audio_mfcc_map.scp ark,scp,t:/home/testDevilWhisper/kaldi/egs/mini_librispeech/s5/bin/alexa/1745179625/0/audio_ivector.ark,/home/testDevilWhisper/kaldi/egs/mini_librispeech/s5/bin/alexa/1745179625/0/audio_ivector_map.scp 
LOG (ivector-extract-online2[5.5.552~1-d97f]:ComputeDerivedVars():ivector-extractor.cc:183) Computing derived variables for iVector extractor
LOG (ivector-extract-online2[5.5.552~1-d97f]:ComputeDerivedVars():ivector-extractor.cc:204) Done.
LOG (ivector-extract-online2[5.5.552~1-d97f]:main():ivector-extract-online2.cc:177) Estimated iVectors for 1 files, 0 with errors.
LOG (ivector-extract-online2[5.5.552~1-d97f]:main():ivector-extract-online2.cc:179) Average objective-function improvement was 37.1587 per frame, over 500 frames (weighted).
LOG (ivector-extract-online2[5.5.552~1-d97f]:main():ivector-extract-online2.cc:182) Average iVector length was 6.18055 and at utterance-end was 12.9854, over 500 frames (weighted);  expected length is 10
ivector-extract-online2 --verbose=1 --config=model/aspire/ivector_extractor.conf --ivector-period=10 ark:model/spk/spk_map.scp scp:/home/testDevilWhisper/kaldi/egs/mini_librispeech/s5/bin/alexa/1745179625/0/audio_mfcc_map.scp ark,scp,t:/home/testDevilWhisper/kaldi/egs/mini_librispeech/s5/bin/alexa/1745179625/0/audio_ivector.ark,/home/testDevilWhisper/kaldi/egs/mini_librispeech/s5/bin/alexa/1745179625/0/audio_ivector_map.scp 
LOG (ivector-extract-online2[5.5.552~1-d97f]:ComputeDerivedVars():ivector-extractor.cc:183) Computing derived variables for iVector extractor
LOG (ivector-extract-online2[5.5.552~1-d97f]:ComputeDerivedVars():ivector-extractor.cc:204) Done.
LOG (ivector-extract-online2[5.5.552~1-d97f]:main():ivector-extract-online2.cc:177) Estimated iVectors for 1 files, 0 with errors.
LOG (ivector-extract-online2[5.5.552~1-d97f]:main():ivector-extract-online2.cc:179) Average objective-function improvement was 37.8119 per frame, over 500 frames (weighted).
LOG (ivector-extract-online2[5.5.552~1-d97f]:main():ivector-extract-online2.cc:182) Average iVector length was 6.23877 and at utterance-end was 13.1049, over 500 frames (weighted);  expected length is 10
ivector-extract-online2 --verbose=1 --config=model/aspire/ivector_extractor.conf --ivector-period=10 ark:model/spk/spk_map.scp scp:/home/testDevilWhisper/kaldi/egs/mini_librispeech/s5/bin/alexa/1745179625/0/audio_mfcc_map.scp ark,scp,t:/home/testDevilWhisper/kaldi/egs/mini_librispeech/s5/bin/alexa/1745179625/0/audio_ivector.ark,/home/testDevilWhisper/kaldi/egs/mini_librispeech/s5/bin/alexa/1745179625/0/audio_ivector_map.scp 
LOG (ivector-extract-online2[5.5.552~1-d97f]:ComputeDerivedVars():ivector-extractor.cc:183) Computing derived variables for iVector extractor
LOG (ivector-extract-online2[5.5.552~1-d97f]:ComputeDerivedVars():ivector-extractor.cc:204) Done.
LOG (ivector-extract-online2[5.5.552~1-d97f]:main():ivector-extract-online2.cc:177) Estimated iVectors for 1 files, 0 with errors.
LOG (ivector-extract-online2[5.5.552~1-d97f]:main():ivector-extract-online2.cc:179) Average objective-function improvement was 37.6576 per frame, over 500 frames (weighted).
LOG (ivector-extract-online2[5.5.552~1-d97f]:main():ivector-extract-online2.cc:182) Average iVector length was 6.29107 and at utterance-end was 13.041, over 500 frames (weighted);  expected length is 10
ivector-extract-online2 --verbose=1 --config=model/aspire/ivector_extractor.conf --ivector-period=10 ark:model/spk/spk_map.scp scp:/home/testDevilWhisper/kaldi/egs/mini_librispeech/s5/bin/alexa/1745179625/0/audio_mfcc_map.scp ark,scp,t:/home/testDevilWhisper/kaldi/egs/mini_librispeech/s5/bin/alexa/1745179625/0/audio_ivector.ark,/home/testDevilWhisper/kaldi/egs/mini_librispeech/s5/bin/alexa/1745179625/0/audio_ivector_map.scp 
LOG (ivector-extract-online2[5.5.552~1-d97f]:ComputeDerivedVars():ivector-extractor.cc:183) Computing derived variables for iVector extractor
LOG (ivector-extract-online2[5.5.552~1-d97f]:ComputeDerivedVars():ivector-extractor.cc:204) Done.
LOG (ivector-extract-online2[5.5.552~1-d97f]:main():ivector-extract-online2.cc:177) Estimated iVectors for 1 files, 0 with errors.
LOG (ivector-extract-online2[5.5.552~1-d97f]:main():ivector-extract-online2.cc:179) Average objective-function improvement was 36.0341 per frame, over 500 frames (weighted).
LOG (ivector-extract-online2[5.5.552~1-d97f]:main():ivector-extract-online2.cc:182) Average iVector length was 6.16805 and at utterance-end was 12.895, over 500 frames (weighted);  expected length is 10
