************************************
epoch: 0 
ivector-extract-online2 --verbose=1 --config=model/aspire/ivector_extractor.conf --ivector-period=10 ark:model/spk/spk_map.scp scp:/home/testDevilWhisper/kaldi/egs/mini_librispeech/s5/bin/alexa/1745181193/0/audio_mfcc_map.scp ark,scp,t:/home/testDevilWhisper/kaldi/egs/mini_librispeech/s5/bin/alexa/1745181193/0/audio_ivector.ark,/home/testDevilWhisper/kaldi/egs/mini_librispeech/s5/bin/alexa/1745181193/0/audio_ivector_map.scp 
LOG (ivector-extract-online2[5.5.552~1-d97f]:ComputeDerivedVars():ivector-extractor.cc:183) Computing derived variables for iVector extractor
LOG (ivector-extract-online2[5.5.552~1-d97f]:ComputeDerivedVars():ivector-extractor.cc:204) Done.
LOG (ivector-extract-online2[5.5.552~1-d97f]:main():ivector-extract-online2.cc:177) Estimated iVectors for 1 files, 0 with errors.
LOG (ivector-extract-online2[5.5.552~1-d97f]:main():ivector-extract-online2.cc:179) Average objective-function improvement was 39.9154 per frame, over 500 frames (weighted).
LOG (ivector-extract-online2[5.5.552~1-d97f]:main():ivector-extract-online2.cc:182) Average iVector length was 6.20073 and at utterance-end was 12.9971, over 500 frames (weighted);  expected length is 10
ivector-extract-online2 --verbose=1 --config=model/aspire/ivector_extractor.conf --ivector-period=10 ark:model/spk/spk_map.scp scp:/home/testDevilWhisper/kaldi/egs/mini_librispeech/s5/bin/alexa/1745181193/0/audio_mfcc_map.scp ark,scp,t:/home/testDevilWhisper/kaldi/egs/mini_librispeech/s5/bin/alexa/1745181193/0/audio_ivector.ark,/home/testDevilWhisper/kaldi/egs/mini_librispeech/s5/bin/alexa/1745181193/0/audio_ivector_map.scp 
LOG (ivector-extract-online2[5.5.552~1-d97f]:ComputeDerivedVars():ivector-extractor.cc:183) Computing derived variables for iVector extractor
LOG (ivector-extract-online2[5.5.552~1-d97f]:ComputeDerivedVars():ivector-extractor.cc:204) Done.
LOG (ivector-extract-online2[5.5.552~1-d97f]:main():ivector-extract-online2.cc:177) Estimated iVectors for 1 files, 0 with errors.
LOG (ivector-extract-online2[5.5.552~1-d97f]:main():ivector-extract-online2.cc:179) Average objective-function improvement was 37.7918 per frame, over 500 frames (weighted).
LOG (ivector-extract-online2[5.5.552~1-d97f]:main():ivector-extract-online2.cc:182) Average iVector length was 6.15518 and at utterance-end was 12.8758, over 500 frames (weighted);  expected length is 10
ivector-extract-online2 --verbose=1 --config=model/aspire/ivector_extractor.conf --ivector-period=10 ark:model/spk/spk_map.scp scp:/home/testDevilWhisper/kaldi/egs/mini_librispeech/s5/bin/alexa/1745181193/0/audio_mfcc_map.scp ark,scp,t:/home/testDevilWhisper/kaldi/egs/mini_librispeech/s5/bin/alexa/1745181193/0/audio_ivector.ark,/home/testDevilWhisper/kaldi/egs/mini_librispeech/s5/bin/alexa/1745181193/0/audio_ivector_map.scp 
LOG (ivector-extract-online2[5.5.552~1-d97f]:ComputeDerivedVars():ivector-extractor.cc:183) Computing derived variables for iVector extractor
LOG (ivector-extract-online2[5.5.552~1-d97f]:ComputeDerivedVars():ivector-extractor.cc:204) Done.
LOG (ivector-extract-online2[5.5.552~1-d97f]:main():ivector-extract-online2.cc:177) Estimated iVectors for 1 files, 0 with errors.
LOG (ivector-extract-online2[5.5.552~1-d97f]:main():ivector-extract-online2.cc:179) Average objective-function improvement was 38.7163 per frame, over 500 frames (weighted).
LOG (ivector-extract-online2[5.5.552~1-d97f]:main():ivector-extract-online2.cc:182) Average iVector length was 6.12145 and at utterance-end was 12.8752, over 500 frames (weighted);  expected length is 10
ivector-extract-online2 --verbose=1 --config=model/aspire/ivector_extractor.conf --ivector-period=10 ark:model/spk/spk_map.scp scp:/home/testDevilWhisper/kaldi/egs/mini_librispeech/s5/bin/alexa/1745181193/0/audio_mfcc_map.scp ark,scp,t:/home/testDevilWhisper/kaldi/egs/mini_librispeech/s5/bin/alexa/1745181193/0/audio_ivector.ark,/home/testDevilWhisper/kaldi/egs/mini_librispeech/s5/bin/alexa/1745181193/0/audio_ivector_map.scp 
LOG (ivector-extract-online2[5.5.552~1-d97f]:ComputeDerivedVars():ivector-extractor.cc:183) Computing derived variables for iVector extractor
LOG (ivector-extract-online2[5.5.552~1-d97f]:ComputeDerivedVars():ivector-extractor.cc:204) Done.
LOG (ivector-extract-online2[5.5.552~1-d97f]:main():ivector-extract-online2.cc:177) Estimated iVectors for 1 files, 0 with errors.
LOG (ivector-extract-online2[5.5.552~1-d97f]:main():ivector-extract-online2.cc:179) Average objective-function improvement was 38.2279 per frame, over 500 frames (weighted).
LOG (ivector-extract-online2[5.5.552~1-d97f]:main():ivector-extract-online2.cc:182) Average iVector length was 6.16994 and at utterance-end was 13.0011, over 500 frames (weighted);  expected length is 10
ivector-extract-online2 --verbose=1 --config=model/aspire/ivector_extractor.conf --ivector-period=10 ark:model/spk/spk_map.scp scp:/home/testDevilWhisper/kaldi/egs/mini_librispeech/s5/bin/alexa/1745181193/0/audio_mfcc_map.scp ark,scp,t:/home/testDevilWhisper/kaldi/egs/mini_librispeech/s5/bin/alexa/1745181193/0/audio_ivector.ark,/home/testDevilWhisper/kaldi/egs/mini_librispeech/s5/bin/alexa/1745181193/0/audio_ivector_map.scp 
LOG (ivector-extract-online2[5.5.552~1-d97f]:ComputeDerivedVars():ivector-extractor.cc:183) Computing derived variables for iVector extractor
LOG (ivector-extract-online2[5.5.552~1-d97f]:ComputeDerivedVars():ivector-extractor.cc:204) Done.
LOG (ivector-extract-online2[5.5.552~1-d97f]:main():ivector-extract-online2.cc:177) Estimated iVectors for 1 files, 0 with errors.
LOG (ivector-extract-online2[5.5.552~1-d97f]:main():ivector-extract-online2.cc:179) Average objective-function improvement was 37.1711 per frame, over 500 frames (weighted).
LOG (ivector-extract-online2[5.5.552~1-d97f]:main():ivector-extract-online2.cc:182) Average iVector length was 6.15125 and at utterance-end was 12.9612, over 500 frames (weighted);  expected length is 10
ivector-extract-online2 --verbose=1 --config=model/aspire/ivector_extractor.conf --ivector-period=10 ark:model/spk/spk_map.scp scp:/home/testDevilWhisper/kaldi/egs/mini_librispeech/s5/bin/alexa/1745181193/0/audio_mfcc_map.scp ark,scp,t:/home/testDevilWhisper/kaldi/egs/mini_librispeech/s5/bin/alexa/1745181193/0/audio_ivector.ark,/home/testDevilWhisper/kaldi/egs/mini_librispeech/s5/bin/alexa/1745181193/0/audio_ivector_map.scp 
LOG (ivector-extract-online2[5.5.552~1-d97f]:ComputeDerivedVars():ivector-extractor.cc:183) Computing derived variables for iVector extractor
LOG (ivector-extract-online2[5.5.552~1-d97f]:ComputeDerivedVars():ivector-extractor.cc:204) Done.
LOG (ivector-extract-online2[5.5.552~1-d97f]:main():ivector-extract-online2.cc:177) Estimated iVectors for 1 files, 0 with errors.
LOG (ivector-extract-online2[5.5.552~1-d97f]:main():ivector-extract-online2.cc:179) Average objective-function improvement was 39.0084 per frame, over 500 frames (weighted).
LOG (ivector-extract-online2[5.5.552~1-d97f]:main():ivector-extract-online2.cc:182) Average iVector length was 6.21577 and at utterance-end was 12.9949, over 500 frames (weighted);  expected length is 10
ivector-extract-online2 --verbose=1 --config=model/aspire/ivector_extractor.conf --ivector-period=10 ark:model/spk/spk_map.scp scp:/home/testDevilWhisper/kaldi/egs/mini_librispeech/s5/bin/alexa/1745181193/0/audio_mfcc_map.scp ark,scp,t:/home/testDevilWhisper/kaldi/egs/mini_librispeech/s5/bin/alexa/1745181193/0/audio_ivector.ark,/home/testDevilWhisper/kaldi/egs/mini_librispeech/s5/bin/alexa/1745181193/0/audio_ivector_map.scp 
LOG (ivector-extract-online2[5.5.552~1-d97f]:ComputeDerivedVars():ivector-extractor.cc:183) Computing derived variables for iVector extractor
LOG (ivector-extract-online2[5.5.552~1-d97f]:ComputeDerivedVars():ivector-extractor.cc:204) Done.
LOG (ivector-extract-online2[5.5.552~1-d97f]:main():ivector-extract-online2.cc:177) Estimated iVectors for 1 files, 0 with errors.
LOG (ivector-extract-online2[5.5.552~1-d97f]:main():ivector-extract-online2.cc:179) Average objective-function improvement was 37.8542 per frame, over 500 frames (weighted).
LOG (ivector-extract-online2[5.5.552~1-d97f]:main():ivector-extract-online2.cc:182) Average iVector length was 6.1763 and at utterance-end was 12.9417, over 500 frames (weighted);  expected length is 10
ivector-extract-online2 --verbose=1 --config=model/aspire/ivector_extractor.conf --ivector-period=10 ark:model/spk/spk_map.scp scp:/home/testDevilWhisper/kaldi/egs/mini_librispeech/s5/bin/alexa/1745181193/0/audio_mfcc_map.scp ark,scp,t:/home/testDevilWhisper/kaldi/egs/mini_librispeech/s5/bin/alexa/1745181193/0/audio_ivector.ark,/home/testDevilWhisper/kaldi/egs/mini_librispeech/s5/bin/alexa/1745181193/0/audio_ivector_map.scp 
LOG (ivector-extract-online2[5.5.552~1-d97f]:ComputeDerivedVars():ivector-extractor.cc:183) Computing derived variables for iVector extractor
LOG (ivector-extract-online2[5.5.552~1-d97f]:ComputeDerivedVars():ivector-extractor.cc:204) Done.
LOG (ivector-extract-online2[5.5.552~1-d97f]:main():ivector-extract-online2.cc:177) Estimated iVectors for 1 files, 0 with errors.
LOG (ivector-extract-online2[5.5.552~1-d97f]:main():ivector-extract-online2.cc:179) Average objective-function improvement was 38.6084 per frame, over 500 frames (weighted).
LOG (ivector-extract-online2[5.5.552~1-d97f]:main():ivector-extract-online2.cc:182) Average iVector length was 6.19575 and at utterance-end was 12.9981, over 500 frames (weighted);  expected length is 10
ivector-extract-online2 --verbose=1 --config=model/aspire/ivector_extractor.conf --ivector-period=10 ark:model/spk/spk_map.scp scp:/home/testDevilWhisper/kaldi/egs/mini_librispeech/s5/bin/alexa/1745181193/0/audio_mfcc_map.scp ark,scp,t:/home/testDevilWhisper/kaldi/egs/mini_librispeech/s5/bin/alexa/1745181193/0/audio_ivector.ark,/home/testDevilWhisper/kaldi/egs/mini_librispeech/s5/bin/alexa/1745181193/0/audio_ivector_map.scp 
LOG (ivector-extract-online2[5.5.552~1-d97f]:ComputeDerivedVars():ivector-extractor.cc:183) Computing derived variables for iVector extractor
LOG (ivector-extract-online2[5.5.552~1-d97f]:ComputeDerivedVars():ivector-extractor.cc:204) Done.
LOG (ivector-extract-online2[5.5.552~1-d97f]:main():ivector-extract-online2.cc:177) Estimated iVectors for 1 files, 0 with errors.
LOG (ivector-extract-online2[5.5.552~1-d97f]:main():ivector-extract-online2.cc:179) Average objective-function improvement was 37.4216 per frame, over 500 frames (weighted).
LOG (ivector-extract-online2[5.5.552~1-d97f]:main():ivector-extract-online2.cc:182) Average iVector length was 6.10531 and at utterance-end was 12.8699, over 500 frames (weighted);  expected length is 10
ivector-extract-online2 --verbose=1 --config=model/aspire/ivector_extractor.conf --ivector-period=10 ark:model/spk/spk_map.scp scp:/home/testDevilWhisper/kaldi/egs/mini_librispeech/s5/bin/alexa/1745181193/0/audio_mfcc_map.scp ark,scp,t:/home/testDevilWhisper/kaldi/egs/mini_librispeech/s5/bin/alexa/1745181193/0/audio_ivector.ark,/home/testDevilWhisper/kaldi/egs/mini_librispeech/s5/bin/alexa/1745181193/0/audio_ivector_map.scp 
LOG (ivector-extract-online2[5.5.552~1-d97f]:ComputeDerivedVars():ivector-extractor.cc:183) Computing derived variables for iVector extractor
LOG (ivector-extract-online2[5.5.552~1-d97f]:ComputeDerivedVars():ivector-extractor.cc:204) Done.
LOG (ivector-extract-online2[5.5.552~1-d97f]:main():ivector-extract-online2.cc:177) Estimated iVectors for 1 files, 0 with errors.
LOG (ivector-extract-online2[5.5.552~1-d97f]:main():ivector-extract-online2.cc:179) Average objective-function improvement was 37.2762 per frame, over 500 frames (weighted).
LOG (ivector-extract-online2[5.5.552~1-d97f]:main():ivector-extract-online2.cc:182) Average iVector length was 6.13544 and at utterance-end was 12.9192, over 500 frames (weighted);  expected length is 10
ivector-extract-online2 --verbose=1 --config=model/aspire/ivector_extractor.conf --ivector-period=10 ark:model/spk/spk_map.scp scp:/home/testDevilWhisper/kaldi/egs/mini_librispeech/s5/bin/alexa/1745181193/0/audio_mfcc_map.scp ark,scp,t:/home/testDevilWhisper/kaldi/egs/mini_librispeech/s5/bin/alexa/1745181193/0/audio_ivector.ark,/home/testDevilWhisper/kaldi/egs/mini_librispeech/s5/bin/alexa/1745181193/0/audio_ivector_map.scp 
LOG (ivector-extract-online2[5.5.552~1-d97f]:ComputeDerivedVars():ivector-extractor.cc:183) Computing derived variables for iVector extractor
LOG (ivector-extract-online2[5.5.552~1-d97f]:ComputeDerivedVars():ivector-extractor.cc:204) Done.
LOG (ivector-extract-online2[5.5.552~1-d97f]:main():ivector-extract-online2.cc:177) Estimated iVectors for 1 files, 0 with errors.
LOG (ivector-extract-online2[5.5.552~1-d97f]:main():ivector-extract-online2.cc:179) Average objective-function improvement was 37.2918 per frame, over 500 frames (weighted).
LOG (ivector-extract-online2[5.5.552~1-d97f]:main():ivector-extract-online2.cc:182) Average iVector length was 6.11779 and at utterance-end was 12.8367, over 500 frames (weighted);  expected length is 10
ivector-extract-online2 --verbose=1 --config=model/aspire/ivector_extractor.conf --ivector-period=10 ark:model/spk/spk_map.scp scp:/home/testDevilWhisper/kaldi/egs/mini_librispeech/s5/bin/alexa/1745181193/0/audio_mfcc_map.scp ark,scp,t:/home/testDevilWhisper/kaldi/egs/mini_librispeech/s5/bin/alexa/1745181193/0/audio_ivector.ark,/home/testDevilWhisper/kaldi/egs/mini_librispeech/s5/bin/alexa/1745181193/0/audio_ivector_map.scp 
LOG (ivector-extract-online2[5.5.552~1-d97f]:ComputeDerivedVars():ivector-extractor.cc:183) Computing derived variables for iVector extractor
LOG (ivector-extract-online2[5.5.552~1-d97f]:ComputeDerivedVars():ivector-extractor.cc:204) Done.
LOG (ivector-extract-online2[5.5.552~1-d97f]:main():ivector-extract-online2.cc:177) Estimated iVectors for 1 files, 0 with errors.
LOG (ivector-extract-online2[5.5.552~1-d97f]:main():ivector-extract-online2.cc:179) Average objective-function improvement was 37.8018 per frame, over 500 frames (weighted).
LOG (ivector-extract-online2[5.5.552~1-d97f]:main():ivector-extract-online2.cc:182) Average iVector length was 6.10392 and at utterance-end was 12.8023, over 500 frames (weighted);  expected length is 10
ivector-extract-online2 --verbose=1 --config=model/aspire/ivector_extractor.conf --ivector-period=10 ark:model/spk/spk_map.scp scp:/home/testDevilWhisper/kaldi/egs/mini_librispeech/s5/bin/alexa/1745181193/0/audio_mfcc_map.scp ark,scp,t:/home/testDevilWhisper/kaldi/egs/mini_librispeech/s5/bin/alexa/1745181193/0/audio_ivector.ark,/home/testDevilWhisper/kaldi/egs/mini_librispeech/s5/bin/alexa/1745181193/0/audio_ivector_map.scp 
LOG (ivector-extract-online2[5.5.552~1-d97f]:ComputeDerivedVars():ivector-extractor.cc:183) Computing derived variables for iVector extractor
LOG (ivector-extract-online2[5.5.552~1-d97f]:ComputeDerivedVars():ivector-extractor.cc:204) Done.
LOG (ivector-extract-online2[5.5.552~1-d97f]:main():ivector-extract-online2.cc:177) Estimated iVectors for 1 files, 0 with errors.
LOG (ivector-extract-online2[5.5.552~1-d97f]:main():ivector-extract-online2.cc:179) Average objective-function improvement was 37.3091 per frame, over 500 frames (weighted).
LOG (ivector-extract-online2[5.5.552~1-d97f]:main():ivector-extract-online2.cc:182) Average iVector length was 6.10343 and at utterance-end was 12.8412, over 500 frames (weighted);  expected length is 10
ivector-extract-online2 --verbose=1 --config=model/aspire/ivector_extractor.conf --ivector-period=10 ark:model/spk/spk_map.scp scp:/home/testDevilWhisper/kaldi/egs/mini_librispeech/s5/bin/alexa/1745181193/0/audio_mfcc_map.scp ark,scp,t:/home/testDevilWhisper/kaldi/egs/mini_librispeech/s5/bin/alexa/1745181193/0/audio_ivector.ark,/home/testDevilWhisper/kaldi/egs/mini_librispeech/s5/bin/alexa/1745181193/0/audio_ivector_map.scp 
LOG (ivector-extract-online2[5.5.552~1-d97f]:ComputeDerivedVars():ivector-extractor.cc:183) Computing derived variables for iVector extractor
LOG (ivector-extract-online2[5.5.552~1-d97f]:ComputeDerivedVars():ivector-extractor.cc:204) Done.
LOG (ivector-extract-online2[5.5.552~1-d97f]:main():ivector-extract-online2.cc:177) Estimated iVectors for 1 files, 0 with errors.
LOG (ivector-extract-online2[5.5.552~1-d97f]:main():ivector-extract-online2.cc:179) Average objective-function improvement was 38.184 per frame, over 500 frames (weighted).
LOG (ivector-extract-online2[5.5.552~1-d97f]:main():ivector-extract-online2.cc:182) Average iVector length was 6.11685 and at utterance-end was 12.92, over 500 frames (weighted);  expected length is 10
ivector-extract-online2 --verbose=1 --config=model/aspire/ivector_extractor.conf --ivector-period=10 ark:model/spk/spk_map.scp scp:/home/testDevilWhisper/kaldi/egs/mini_librispeech/s5/bin/alexa/1745181193/0/audio_mfcc_map.scp ark,scp,t:/home/testDevilWhisper/kaldi/egs/mini_librispeech/s5/bin/alexa/1745181193/0/audio_ivector.ark,/home/testDevilWhisper/kaldi/egs/mini_librispeech/s5/bin/alexa/1745181193/0/audio_ivector_map.scp 
LOG (ivector-extract-online2[5.5.552~1-d97f]:ComputeDerivedVars():ivector-extractor.cc:183) Computing derived variables for iVector extractor
LOG (ivector-extract-online2[5.5.552~1-d97f]:ComputeDerivedVars():ivector-extractor.cc:204) Done.
LOG (ivector-extract-online2[5.5.552~1-d97f]:main():ivector-extract-online2.cc:177) Estimated iVectors for 1 files, 0 with errors.
LOG (ivector-extract-online2[5.5.552~1-d97f]:main():ivector-extract-online2.cc:179) Average objective-function improvement was 36.5716 per frame, over 500 frames (weighted).
LOG (ivector-extract-online2[5.5.552~1-d97f]:main():ivector-extract-online2.cc:182) Average iVector length was 6.12222 and at utterance-end was 12.8771, over 500 frames (weighted);  expected length is 10
ivector-extract-online2 --verbose=1 --config=model/aspire/ivector_extractor.conf --ivector-period=10 ark:model/spk/spk_map.scp scp:/home/testDevilWhisper/kaldi/egs/mini_librispeech/s5/bin/alexa/1745181193/0/audio_mfcc_map.scp ark,scp,t:/home/testDevilWhisper/kaldi/egs/mini_librispeech/s5/bin/alexa/1745181193/0/audio_ivector.ark,/home/testDevilWhisper/kaldi/egs/mini_librispeech/s5/bin/alexa/1745181193/0/audio_ivector_map.scp 
LOG (ivector-extract-online2[5.5.552~1-d97f]:ComputeDerivedVars():ivector-extractor.cc:183) Computing derived variables for iVector extractor
LOG (ivector-extract-online2[5.5.552~1-d97f]:ComputeDerivedVars():ivector-extractor.cc:204) Done.
LOG (ivector-extract-online2[5.5.552~1-d97f]:main():ivector-extract-online2.cc:177) Estimated iVectors for 1 files, 0 with errors.
LOG (ivector-extract-online2[5.5.552~1-d97f]:main():ivector-extract-online2.cc:179) Average objective-function improvement was 37.0897 per frame, over 500 frames (weighted).
LOG (ivector-extract-online2[5.5.552~1-d97f]:main():ivector-extract-online2.cc:182) Average iVector length was 6.08285 and at utterance-end was 12.844, over 500 frames (weighted);  expected length is 10
ivector-extract-online2 --verbose=1 --config=model/aspire/ivector_extractor.conf --ivector-period=10 ark:model/spk/spk_map.scp scp:/home/testDevilWhisper/kaldi/egs/mini_librispeech/s5/bin/alexa/1745181193/0/audio_mfcc_map.scp ark,scp,t:/home/testDevilWhisper/kaldi/egs/mini_librispeech/s5/bin/alexa/1745181193/0/audio_ivector.ark,/home/testDevilWhisper/kaldi/egs/mini_librispeech/s5/bin/alexa/1745181193/0/audio_ivector_map.scp 
LOG (ivector-extract-online2[5.5.552~1-d97f]:ComputeDerivedVars():ivector-extractor.cc:183) Computing derived variables for iVector extractor
LOG (ivector-extract-online2[5.5.552~1-d97f]:ComputeDerivedVars():ivector-extractor.cc:204) Done.
LOG (ivector-extract-online2[5.5.552~1-d97f]:main():ivector-extract-online2.cc:177) Estimated iVectors for 1 files, 0 with errors.
LOG (ivector-extract-online2[5.5.552~1-d97f]:main():ivector-extract-online2.cc:179) Average objective-function improvement was 36.7295 per frame, over 500 frames (weighted).
LOG (ivector-extract-online2[5.5.552~1-d97f]:main():ivector-extract-online2.cc:182) Average iVector length was 6.11829 and at utterance-end was 12.8117, over 500 frames (weighted);  expected length is 10
ivector-extract-online2 --verbose=1 --config=model/aspire/ivector_extractor.conf --ivector-period=10 ark:model/spk/spk_map.scp scp:/home/testDevilWhisper/kaldi/egs/mini_librispeech/s5/bin/alexa/1745181193/0/audio_mfcc_map.scp ark,scp,t:/home/testDevilWhisper/kaldi/egs/mini_librispeech/s5/bin/alexa/1745181193/0/audio_ivector.ark,/home/testDevilWhisper/kaldi/egs/mini_librispeech/s5/bin/alexa/1745181193/0/audio_ivector_map.scp 
LOG (ivector-extract-online2[5.5.552~1-d97f]:ComputeDerivedVars():ivector-extractor.cc:183) Computing derived variables for iVector extractor
LOG (ivector-extract-online2[5.5.552~1-d97f]:ComputeDerivedVars():ivector-extractor.cc:204) Done.
LOG (ivector-extract-online2[5.5.552~1-d97f]:main():ivector-extract-online2.cc:177) Estimated iVectors for 1 files, 0 with errors.
LOG (ivector-extract-online2[5.5.552~1-d97f]:main():ivector-extract-online2.cc:179) Average objective-function improvement was 35.5087 per frame, over 500 frames (weighted).
LOG (ivector-extract-online2[5.5.552~1-d97f]:main():ivector-extract-online2.cc:182) Average iVector length was 6.07891 and at utterance-end was 12.7985, over 500 frames (weighted);  expected length is 10
ivector-extract-online2 --verbose=1 --config=model/aspire/ivector_extractor.conf --ivector-period=10 ark:model/spk/spk_map.scp scp:/home/testDevilWhisper/kaldi/egs/mini_librispeech/s5/bin/alexa/1745181193/0/audio_mfcc_map.scp ark,scp,t:/home/testDevilWhisper/kaldi/egs/mini_librispeech/s5/bin/alexa/1745181193/0/audio_ivector.ark,/home/testDevilWhisper/kaldi/egs/mini_librispeech/s5/bin/alexa/1745181193/0/audio_ivector_map.scp 
LOG (ivector-extract-online2[5.5.552~1-d97f]:ComputeDerivedVars():ivector-extractor.cc:183) Computing derived variables for iVector extractor
LOG (ivector-extract-online2[5.5.552~1-d97f]:ComputeDerivedVars():ivector-extractor.cc:204) Done.
LOG (ivector-extract-online2[5.5.552~1-d97f]:main():ivector-extract-online2.cc:177) Estimated iVectors for 1 files, 0 with errors.
LOG (ivector-extract-online2[5.5.552~1-d97f]:main():ivector-extract-online2.cc:179) Average objective-function improvement was 36.2399 per frame, over 500 frames (weighted).
LOG (ivector-extract-online2[5.5.552~1-d97f]:main():ivector-extract-online2.cc:182) Average iVector length was 6.06523 and at utterance-end was 12.8577, over 500 frames (weighted);  expected length is 10
ivector-extract-online2 --verbose=1 --config=model/aspire/ivector_extractor.conf --ivector-period=10 ark:model/spk/spk_map.scp scp:/home/testDevilWhisper/kaldi/egs/mini_librispeech/s5/bin/alexa/1745181193/0/audio_mfcc_map.scp ark,scp,t:/home/testDevilWhisper/kaldi/egs/mini_librispeech/s5/bin/alexa/1745181193/0/audio_ivector.ark,/home/testDevilWhisper/kaldi/egs/mini_librispeech/s5/bin/alexa/1745181193/0/audio_ivector_map.scp 
LOG (ivector-extract-online2[5.5.552~1-d97f]:ComputeDerivedVars():ivector-extractor.cc:183) Computing derived variables for iVector extractor
LOG (ivector-extract-online2[5.5.552~1-d97f]:ComputeDerivedVars():ivector-extractor.cc:204) Done.
LOG (ivector-extract-online2[5.5.552~1-d97f]:main():ivector-extract-online2.cc:177) Estimated iVectors for 1 files, 0 with errors.
LOG (ivector-extract-online2[5.5.552~1-d97f]:main():ivector-extract-online2.cc:179) Average objective-function improvement was 37.5159 per frame, over 500 frames (weighted).
LOG (ivector-extract-online2[5.5.552~1-d97f]:main():ivector-extract-online2.cc:182) Average iVector length was 6.12507 and at utterance-end was 13.0116, over 500 frames (weighted);  expected length is 10
ivector-extract-online2 --verbose=1 --config=model/aspire/ivector_extractor.conf --ivector-period=10 ark:model/spk/spk_map.scp scp:/home/testDevilWhisper/kaldi/egs/mini_librispeech/s5/bin/alexa/1745181193/0/audio_mfcc_map.scp ark,scp,t:/home/testDevilWhisper/kaldi/egs/mini_librispeech/s5/bin/alexa/1745181193/0/audio_ivector.ark,/home/testDevilWhisper/kaldi/egs/mini_librispeech/s5/bin/alexa/1745181193/0/audio_ivector_map.scp 
LOG (ivector-extract-online2[5.5.552~1-d97f]:ComputeDerivedVars():ivector-extractor.cc:183) Computing derived variables for iVector extractor
LOG (ivector-extract-online2[5.5.552~1-d97f]:ComputeDerivedVars():ivector-extractor.cc:204) Done.
LOG (ivector-extract-online2[5.5.552~1-d97f]:main():ivector-extract-online2.cc:177) Estimated iVectors for 1 files, 0 with errors.
LOG (ivector-extract-online2[5.5.552~1-d97f]:main():ivector-extract-online2.cc:179) Average objective-function improvement was 36.8774 per frame, over 500 frames (weighted).
LOG (ivector-extract-online2[5.5.552~1-d97f]:main():ivector-extract-online2.cc:182) Average iVector length was 6.1039 and at utterance-end was 12.8576, over 500 frames (weighted);  expected length is 10
ivector-extract-online2 --verbose=1 --config=model/aspire/ivector_extractor.conf --ivector-period=10 ark:model/spk/spk_map.scp scp:/home/testDevilWhisper/kaldi/egs/mini_librispeech/s5/bin/alexa/1745181193/0/audio_mfcc_map.scp ark,scp,t:/home/testDevilWhisper/kaldi/egs/mini_librispeech/s5/bin/alexa/1745181193/0/audio_ivector.ark,/home/testDevilWhisper/kaldi/egs/mini_librispeech/s5/bin/alexa/1745181193/0/audio_ivector_map.scp 
LOG (ivector-extract-online2[5.5.552~1-d97f]:ComputeDerivedVars():ivector-extractor.cc:183) Computing derived variables for iVector extractor
LOG (ivector-extract-online2[5.5.552~1-d97f]:ComputeDerivedVars():ivector-extractor.cc:204) Done.
LOG (ivector-extract-online2[5.5.552~1-d97f]:main():ivector-extract-online2.cc:177) Estimated iVectors for 1 files, 0 with errors.
LOG (ivector-extract-online2[5.5.552~1-d97f]:main():ivector-extract-online2.cc:179) Average objective-function improvement was 37.1982 per frame, over 500 frames (weighted).
LOG (ivector-extract-online2[5.5.552~1-d97f]:main():ivector-extract-online2.cc:182) Average iVector length was 6.12076 and at utterance-end was 12.9406, over 500 frames (weighted);  expected length is 10
ivector-extract-online2 --verbose=1 --config=model/aspire/ivector_extractor.conf --ivector-period=10 ark:model/spk/spk_map.scp scp:/home/testDevilWhisper/kaldi/egs/mini_librispeech/s5/bin/alexa/1745181193/0/audio_mfcc_map.scp ark,scp,t:/home/testDevilWhisper/kaldi/egs/mini_librispeech/s5/bin/alexa/1745181193/0/audio_ivector.ark,/home/testDevilWhisper/kaldi/egs/mini_librispeech/s5/bin/alexa/1745181193/0/audio_ivector_map.scp 
LOG (ivector-extract-online2[5.5.552~1-d97f]:ComputeDerivedVars():ivector-extractor.cc:183) Computing derived variables for iVector extractor
LOG (ivector-extract-online2[5.5.552~1-d97f]:ComputeDerivedVars():ivector-extractor.cc:204) Done.
LOG (ivector-extract-online2[5.5.552~1-d97f]:main():ivector-extract-online2.cc:177) Estimated iVectors for 1 files, 0 with errors.
LOG (ivector-extract-online2[5.5.552~1-d97f]:main():ivector-extract-online2.cc:179) Average objective-function improvement was 35.876 per frame, over 500 frames (weighted).
LOG (ivector-extract-online2[5.5.552~1-d97f]:main():ivector-extract-online2.cc:182) Average iVector length was 6.09348 and at utterance-end was 12.8427, over 500 frames (weighted);  expected length is 10
ivector-extract-online2 --verbose=1 --config=model/aspire/ivector_extractor.conf --ivector-period=10 ark:model/spk/spk_map.scp scp:/home/testDevilWhisper/kaldi/egs/mini_librispeech/s5/bin/alexa/1745181193/0/audio_mfcc_map.scp ark,scp,t:/home/testDevilWhisper/kaldi/egs/mini_librispeech/s5/bin/alexa/1745181193/0/audio_ivector.ark,/home/testDevilWhisper/kaldi/egs/mini_librispeech/s5/bin/alexa/1745181193/0/audio_ivector_map.scp 
LOG (ivector-extract-online2[5.5.552~1-d97f]:ComputeDerivedVars():ivector-extractor.cc:183) Computing derived variables for iVector extractor
LOG (ivector-extract-online2[5.5.552~1-d97f]:ComputeDerivedVars():ivector-extractor.cc:204) Done.
LOG (ivector-extract-online2[5.5.552~1-d97f]:main():ivector-extract-online2.cc:177) Estimated iVectors for 1 files, 0 with errors.
LOG (ivector-extract-online2[5.5.552~1-d97f]:main():ivector-extract-online2.cc:179) Average objective-function improvement was 35.7356 per frame, over 500 frames (weighted).
LOG (ivector-extract-online2[5.5.552~1-d97f]:main():ivector-extract-online2.cc:182) Average iVector length was 6.10844 and at utterance-end was 12.9598, over 500 frames (weighted);  expected length is 10
ivector-extract-online2 --verbose=1 --config=model/aspire/ivector_extractor.conf --ivector-period=10 ark:model/spk/spk_map.scp scp:/home/testDevilWhisper/kaldi/egs/mini_librispeech/s5/bin/alexa/1745181193/0/audio_mfcc_map.scp ark,scp,t:/home/testDevilWhisper/kaldi/egs/mini_librispeech/s5/bin/alexa/1745181193/0/audio_ivector.ark,/home/testDevilWhisper/kaldi/egs/mini_librispeech/s5/bin/alexa/1745181193/0/audio_ivector_map.scp 
LOG (ivector-extract-online2[5.5.552~1-d97f]:ComputeDerivedVars():ivector-extractor.cc:183) Computing derived variables for iVector extractor
LOG (ivector-extract-online2[5.5.552~1-d97f]:ComputeDerivedVars():ivector-extractor.cc:204) Done.
LOG (ivector-extract-online2[5.5.552~1-d97f]:main():ivector-extract-online2.cc:177) Estimated iVectors for 1 files, 0 with errors.
LOG (ivector-extract-online2[5.5.552~1-d97f]:main():ivector-extract-online2.cc:179) Average objective-function improvement was 37.5247 per frame, over 500 frames (weighted).
LOG (ivector-extract-online2[5.5.552~1-d97f]:main():ivector-extract-online2.cc:182) Average iVector length was 6.1269 and at utterance-end was 12.9015, over 500 frames (weighted);  expected length is 10
ivector-extract-online2 --verbose=1 --config=model/aspire/ivector_extractor.conf --ivector-period=10 ark:model/spk/spk_map.scp scp:/home/testDevilWhisper/kaldi/egs/mini_librispeech/s5/bin/alexa/1745181193/0/audio_mfcc_map.scp ark,scp,t:/home/testDevilWhisper/kaldi/egs/mini_librispeech/s5/bin/alexa/1745181193/0/audio_ivector.ark,/home/testDevilWhisper/kaldi/egs/mini_librispeech/s5/bin/alexa/1745181193/0/audio_ivector_map.scp 
LOG (ivector-extract-online2[5.5.552~1-d97f]:ComputeDerivedVars():ivector-extractor.cc:183) Computing derived variables for iVector extractor
LOG (ivector-extract-online2[5.5.552~1-d97f]:ComputeDerivedVars():ivector-extractor.cc:204) Done.
LOG (ivector-extract-online2[5.5.552~1-d97f]:main():ivector-extract-online2.cc:177) Estimated iVectors for 1 files, 0 with errors.
LOG (ivector-extract-online2[5.5.552~1-d97f]:main():ivector-extract-online2.cc:179) Average objective-function improvement was 34.6845 per frame, over 500 frames (weighted).
LOG (ivector-extract-online2[5.5.552~1-d97f]:main():ivector-extract-online2.cc:182) Average iVector length was 6.10477 and at utterance-end was 12.9235, over 500 frames (weighted);  expected length is 10
ivector-extract-online2 --verbose=1 --config=model/aspire/ivector_extractor.conf --ivector-period=10 ark:model/spk/spk_map.scp scp:/home/testDevilWhisper/kaldi/egs/mini_librispeech/s5/bin/alexa/1745181193/0/audio_mfcc_map.scp ark,scp,t:/home/testDevilWhisper/kaldi/egs/mini_librispeech/s5/bin/alexa/1745181193/0/audio_ivector.ark,/home/testDevilWhisper/kaldi/egs/mini_librispeech/s5/bin/alexa/1745181193/0/audio_ivector_map.scp 
LOG (ivector-extract-online2[5.5.552~1-d97f]:ComputeDerivedVars():ivector-extractor.cc:183) Computing derived variables for iVector extractor
LOG (ivector-extract-online2[5.5.552~1-d97f]:ComputeDerivedVars():ivector-extractor.cc:204) Done.
LOG (ivector-extract-online2[5.5.552~1-d97f]:main():ivector-extract-online2.cc:177) Estimated iVectors for 1 files, 0 with errors.
LOG (ivector-extract-online2[5.5.552~1-d97f]:main():ivector-extract-online2.cc:179) Average objective-function improvement was 36.0963 per frame, over 500 frames (weighted).
LOG (ivector-extract-online2[5.5.552~1-d97f]:main():ivector-extract-online2.cc:182) Average iVector length was 6.15142 and at utterance-end was 12.9654, over 500 frames (weighted);  expected length is 10
ivector-extract-online2 --verbose=1 --config=model/aspire/ivector_extractor.conf --ivector-period=10 ark:model/spk/spk_map.scp scp:/home/testDevilWhisper/kaldi/egs/mini_librispeech/s5/bin/alexa/1745181193/0/audio_mfcc_map.scp ark,scp,t:/home/testDevilWhisper/kaldi/egs/mini_librispeech/s5/bin/alexa/1745181193/0/audio_ivector.ark,/home/testDevilWhisper/kaldi/egs/mini_librispeech/s5/bin/alexa/1745181193/0/audio_ivector_map.scp 
LOG (ivector-extract-online2[5.5.552~1-d97f]:ComputeDerivedVars():ivector-extractor.cc:183) Computing derived variables for iVector extractor
LOG (ivector-extract-online2[5.5.552~1-d97f]:ComputeDerivedVars():ivector-extractor.cc:204) Done.
LOG (ivector-extract-online2[5.5.552~1-d97f]:main():ivector-extract-online2.cc:177) Estimated iVectors for 1 files, 0 with errors.
LOG (ivector-extract-online2[5.5.552~1-d97f]:main():ivector-extract-online2.cc:179) Average objective-function improvement was 36.4281 per frame, over 500 frames (weighted).
LOG (ivector-extract-online2[5.5.552~1-d97f]:main():ivector-extract-online2.cc:182) Average iVector length was 6.11631 and at utterance-end was 12.9579, over 500 frames (weighted);  expected length is 10
ivector-extract-online2 --verbose=1 --config=model/aspire/ivector_extractor.conf --ivector-period=10 ark:model/spk/spk_map.scp scp:/home/testDevilWhisper/kaldi/egs/mini_librispeech/s5/bin/alexa/1745181193/0/audio_mfcc_map.scp ark,scp,t:/home/testDevilWhisper/kaldi/egs/mini_librispeech/s5/bin/alexa/1745181193/0/audio_ivector.ark,/home/testDevilWhisper/kaldi/egs/mini_librispeech/s5/bin/alexa/1745181193/0/audio_ivector_map.scp 
LOG (ivector-extract-online2[5.5.552~1-d97f]:ComputeDerivedVars():ivector-extractor.cc:183) Computing derived variables for iVector extractor
LOG (ivector-extract-online2[5.5.552~1-d97f]:ComputeDerivedVars():ivector-extractor.cc:204) Done.
LOG (ivector-extract-online2[5.5.552~1-d97f]:main():ivector-extract-online2.cc:177) Estimated iVectors for 1 files, 0 with errors.
LOG (ivector-extract-online2[5.5.552~1-d97f]:main():ivector-extract-online2.cc:179) Average objective-function improvement was 36.7488 per frame, over 500 frames (weighted).
LOG (ivector-extract-online2[5.5.552~1-d97f]:main():ivector-extract-online2.cc:182) Average iVector length was 6.17965 and at utterance-end was 12.9747, over 500 frames (weighted);  expected length is 10
ivector-extract-online2 --verbose=1 --config=model/aspire/ivector_extractor.conf --ivector-period=10 ark:model/spk/spk_map.scp scp:/home/testDevilWhisper/kaldi/egs/mini_librispeech/s5/bin/alexa/1745181193/0/audio_mfcc_map.scp ark,scp,t:/home/testDevilWhisper/kaldi/egs/mini_librispeech/s5/bin/alexa/1745181193/0/audio_ivector.ark,/home/testDevilWhisper/kaldi/egs/mini_librispeech/s5/bin/alexa/1745181193/0/audio_ivector_map.scp 
LOG (ivector-extract-online2[5.5.552~1-d97f]:ComputeDerivedVars():ivector-extractor.cc:183) Computing derived variables for iVector extractor
LOG (ivector-extract-online2[5.5.552~1-d97f]:ComputeDerivedVars():ivector-extractor.cc:204) Done.
LOG (ivector-extract-online2[5.5.552~1-d97f]:main():ivector-extract-online2.cc:177) Estimated iVectors for 1 files, 0 with errors.
LOG (ivector-extract-online2[5.5.552~1-d97f]:main():ivector-extract-online2.cc:179) Average objective-function improvement was 35.6748 per frame, over 500 frames (weighted).
LOG (ivector-extract-online2[5.5.552~1-d97f]:main():ivector-extract-online2.cc:182) Average iVector length was 6.15407 and at utterance-end was 12.9058, over 500 frames (weighted);  expected length is 10
ivector-extract-online2 --verbose=1 --config=model/aspire/ivector_extractor.conf --ivector-period=10 ark:model/spk/spk_map.scp scp:/home/testDevilWhisper/kaldi/egs/mini_librispeech/s5/bin/alexa/1745181193/0/audio_mfcc_map.scp ark,scp,t:/home/testDevilWhisper/kaldi/egs/mini_librispeech/s5/bin/alexa/1745181193/0/audio_ivector.ark,/home/testDevilWhisper/kaldi/egs/mini_librispeech/s5/bin/alexa/1745181193/0/audio_ivector_map.scp 
LOG (ivector-extract-online2[5.5.552~1-d97f]:ComputeDerivedVars():ivector-extractor.cc:183) Computing derived variables for iVector extractor
LOG (ivector-extract-online2[5.5.552~1-d97f]:ComputeDerivedVars():ivector-extractor.cc:204) Done.
LOG (ivector-extract-online2[5.5.552~1-d97f]:main():ivector-extract-online2.cc:177) Estimated iVectors for 1 files, 0 with errors.
LOG (ivector-extract-online2[5.5.552~1-d97f]:main():ivector-extract-online2.cc:179) Average objective-function improvement was 36.1328 per frame, over 500 frames (weighted).
LOG (ivector-extract-online2[5.5.552~1-d97f]:main():ivector-extract-online2.cc:182) Average iVector length was 6.08495 and at utterance-end was 12.9268, over 500 frames (weighted);  expected length is 10
ivector-extract-online2 --verbose=1 --config=model/aspire/ivector_extractor.conf --ivector-period=10 ark:model/spk/spk_map.scp scp:/home/testDevilWhisper/kaldi/egs/mini_librispeech/s5/bin/alexa/1745181193/0/audio_mfcc_map.scp ark,scp,t:/home/testDevilWhisper/kaldi/egs/mini_librispeech/s5/bin/alexa/1745181193/0/audio_ivector.ark,/home/testDevilWhisper/kaldi/egs/mini_librispeech/s5/bin/alexa/1745181193/0/audio_ivector_map.scp 
LOG (ivector-extract-online2[5.5.552~1-d97f]:ComputeDerivedVars():ivector-extractor.cc:183) Computing derived variables for iVector extractor
LOG (ivector-extract-online2[5.5.552~1-d97f]:ComputeDerivedVars():ivector-extractor.cc:204) Done.
LOG (ivector-extract-online2[5.5.552~1-d97f]:main():ivector-extract-online2.cc:177) Estimated iVectors for 1 files, 0 with errors.
LOG (ivector-extract-online2[5.5.552~1-d97f]:main():ivector-extract-online2.cc:179) Average objective-function improvement was 35.7948 per frame, over 500 frames (weighted).
LOG (ivector-extract-online2[5.5.552~1-d97f]:main():ivector-extract-online2.cc:182) Average iVector length was 6.14591 and at utterance-end was 12.9434, over 500 frames (weighted);  expected length is 10
ivector-extract-online2 --verbose=1 --config=model/aspire/ivector_extractor.conf --ivector-period=10 ark:model/spk/spk_map.scp scp:/home/testDevilWhisper/kaldi/egs/mini_librispeech/s5/bin/alexa/1745181193/0/audio_mfcc_map.scp ark,scp,t:/home/testDevilWhisper/kaldi/egs/mini_librispeech/s5/bin/alexa/1745181193/0/audio_ivector.ark,/home/testDevilWhisper/kaldi/egs/mini_librispeech/s5/bin/alexa/1745181193/0/audio_ivector_map.scp 
LOG (ivector-extract-online2[5.5.552~1-d97f]:ComputeDerivedVars():ivector-extractor.cc:183) Computing derived variables for iVector extractor
LOG (ivector-extract-online2[5.5.552~1-d97f]:ComputeDerivedVars():ivector-extractor.cc:204) Done.
LOG (ivector-extract-online2[5.5.552~1-d97f]:main():ivector-extract-online2.cc:177) Estimated iVectors for 1 files, 0 with errors.
LOG (ivector-extract-online2[5.5.552~1-d97f]:main():ivector-extract-online2.cc:179) Average objective-function improvement was 36.7416 per frame, over 500 frames (weighted).
LOG (ivector-extract-online2[5.5.552~1-d97f]:main():ivector-extract-online2.cc:182) Average iVector length was 6.15569 and at utterance-end was 13.0549, over 500 frames (weighted);  expected length is 10
ivector-extract-online2 --verbose=1 --config=model/aspire/ivector_extractor.conf --ivector-period=10 ark:model/spk/spk_map.scp scp:/home/testDevilWhisper/kaldi/egs/mini_librispeech/s5/bin/alexa/1745181193/0/audio_mfcc_map.scp ark,scp,t:/home/testDevilWhisper/kaldi/egs/mini_librispeech/s5/bin/alexa/1745181193/0/audio_ivector.ark,/home/testDevilWhisper/kaldi/egs/mini_librispeech/s5/bin/alexa/1745181193/0/audio_ivector_map.scp 
LOG (ivector-extract-online2[5.5.552~1-d97f]:ComputeDerivedVars():ivector-extractor.cc:183) Computing derived variables for iVector extractor
LOG (ivector-extract-online2[5.5.552~1-d97f]:ComputeDerivedVars():ivector-extractor.cc:204) Done.
LOG (ivector-extract-online2[5.5.552~1-d97f]:main():ivector-extract-online2.cc:177) Estimated iVectors for 1 files, 0 with errors.
LOG (ivector-extract-online2[5.5.552~1-d97f]:main():ivector-extract-online2.cc:179) Average objective-function improvement was 36.8462 per frame, over 500 frames (weighted).
LOG (ivector-extract-online2[5.5.552~1-d97f]:main():ivector-extract-online2.cc:182) Average iVector length was 6.197 and at utterance-end was 12.8936, over 500 frames (weighted);  expected length is 10
ivector-extract-online2 --verbose=1 --config=model/aspire/ivector_extractor.conf --ivector-period=10 ark:model/spk/spk_map.scp scp:/home/testDevilWhisper/kaldi/egs/mini_librispeech/s5/bin/alexa/1745181193/0/audio_mfcc_map.scp ark,scp,t:/home/testDevilWhisper/kaldi/egs/mini_librispeech/s5/bin/alexa/1745181193/0/audio_ivector.ark,/home/testDevilWhisper/kaldi/egs/mini_librispeech/s5/bin/alexa/1745181193/0/audio_ivector_map.scp 
LOG (ivector-extract-online2[5.5.552~1-d97f]:ComputeDerivedVars():ivector-extractor.cc:183) Computing derived variables for iVector extractor
LOG (ivector-extract-online2[5.5.552~1-d97f]:ComputeDerivedVars():ivector-extractor.cc:204) Done.
LOG (ivector-extract-online2[5.5.552~1-d97f]:main():ivector-extract-online2.cc:177) Estimated iVectors for 1 files, 0 with errors.
LOG (ivector-extract-online2[5.5.552~1-d97f]:main():ivector-extract-online2.cc:179) Average objective-function improvement was 35.7476 per frame, over 500 frames (weighted).
LOG (ivector-extract-online2[5.5.552~1-d97f]:main():ivector-extract-online2.cc:182) Average iVector length was 6.18798 and at utterance-end was 12.999, over 500 frames (weighted);  expected length is 10
ivector-extract-online2 --verbose=1 --config=model/aspire/ivector_extractor.conf --ivector-period=10 ark:model/spk/spk_map.scp scp:/home/testDevilWhisper/kaldi/egs/mini_librispeech/s5/bin/alexa/1745181193/0/audio_mfcc_map.scp ark,scp,t:/home/testDevilWhisper/kaldi/egs/mini_librispeech/s5/bin/alexa/1745181193/0/audio_ivector.ark,/home/testDevilWhisper/kaldi/egs/mini_librispeech/s5/bin/alexa/1745181193/0/audio_ivector_map.scp 
LOG (ivector-extract-online2[5.5.552~1-d97f]:ComputeDerivedVars():ivector-extractor.cc:183) Computing derived variables for iVector extractor
LOG (ivector-extract-online2[5.5.552~1-d97f]:ComputeDerivedVars():ivector-extractor.cc:204) Done.
LOG (ivector-extract-online2[5.5.552~1-d97f]:main():ivector-extract-online2.cc:177) Estimated iVectors for 1 files, 0 with errors.
LOG (ivector-extract-online2[5.5.552~1-d97f]:main():ivector-extract-online2.cc:179) Average objective-function improvement was 37.0393 per frame, over 500 frames (weighted).
LOG (ivector-extract-online2[5.5.552~1-d97f]:main():ivector-extract-online2.cc:182) Average iVector length was 6.16855 and at utterance-end was 12.8955, over 500 frames (weighted);  expected length is 10
ivector-extract-online2 --verbose=1 --config=model/aspire/ivector_extractor.conf --ivector-period=10 ark:model/spk/spk_map.scp scp:/home/testDevilWhisper/kaldi/egs/mini_librispeech/s5/bin/alexa/1745181193/0/audio_mfcc_map.scp ark,scp,t:/home/testDevilWhisper/kaldi/egs/mini_librispeech/s5/bin/alexa/1745181193/0/audio_ivector.ark,/home/testDevilWhisper/kaldi/egs/mini_librispeech/s5/bin/alexa/1745181193/0/audio_ivector_map.scp 
LOG (ivector-extract-online2[5.5.552~1-d97f]:ComputeDerivedVars():ivector-extractor.cc:183) Computing derived variables for iVector extractor
LOG (ivector-extract-online2[5.5.552~1-d97f]:ComputeDerivedVars():ivector-extractor.cc:204) Done.
LOG (ivector-extract-online2[5.5.552~1-d97f]:main():ivector-extract-online2.cc:177) Estimated iVectors for 1 files, 0 with errors.
LOG (ivector-extract-online2[5.5.552~1-d97f]:main():ivector-extract-online2.cc:179) Average objective-function improvement was 37.1876 per frame, over 500 frames (weighted).
LOG (ivector-extract-online2[5.5.552~1-d97f]:main():ivector-extract-online2.cc:182) Average iVector length was 6.15672 and at utterance-end was 13.046, over 500 frames (weighted);  expected length is 10
ivector-extract-online2 --verbose=1 --config=model/aspire/ivector_extractor.conf --ivector-period=10 ark:model/spk/spk_map.scp scp:/home/testDevilWhisper/kaldi/egs/mini_librispeech/s5/bin/alexa/1745181193/0/audio_mfcc_map.scp ark,scp,t:/home/testDevilWhisper/kaldi/egs/mini_librispeech/s5/bin/alexa/1745181193/0/audio_ivector.ark,/home/testDevilWhisper/kaldi/egs/mini_librispeech/s5/bin/alexa/1745181193/0/audio_ivector_map.scp 
LOG (ivector-extract-online2[5.5.552~1-d97f]:ComputeDerivedVars():ivector-extractor.cc:183) Computing derived variables for iVector extractor
LOG (ivector-extract-online2[5.5.552~1-d97f]:ComputeDerivedVars():ivector-extractor.cc:204) Done.
LOG (ivector-extract-online2[5.5.552~1-d97f]:main():ivector-extract-online2.cc:177) Estimated iVectors for 1 files, 0 with errors.
LOG (ivector-extract-online2[5.5.552~1-d97f]:main():ivector-extract-online2.cc:179) Average objective-function improvement was 36.3727 per frame, over 500 frames (weighted).
LOG (ivector-extract-online2[5.5.552~1-d97f]:main():ivector-extract-online2.cc:182) Average iVector length was 6.13235 and at utterance-end was 12.8924, over 500 frames (weighted);  expected length is 10
ivector-extract-online2 --verbose=1 --config=model/aspire/ivector_extractor.conf --ivector-period=10 ark:model/spk/spk_map.scp scp:/home/testDevilWhisper/kaldi/egs/mini_librispeech/s5/bin/alexa/1745181193/0/audio_mfcc_map.scp ark,scp,t:/home/testDevilWhisper/kaldi/egs/mini_librispeech/s5/bin/alexa/1745181193/0/audio_ivector.ark,/home/testDevilWhisper/kaldi/egs/mini_librispeech/s5/bin/alexa/1745181193/0/audio_ivector_map.scp 
LOG (ivector-extract-online2[5.5.552~1-d97f]:ComputeDerivedVars():ivector-extractor.cc:183) Computing derived variables for iVector extractor
LOG (ivector-extract-online2[5.5.552~1-d97f]:ComputeDerivedVars():ivector-extractor.cc:204) Done.
LOG (ivector-extract-online2[5.5.552~1-d97f]:main():ivector-extract-online2.cc:177) Estimated iVectors for 1 files, 0 with errors.
LOG (ivector-extract-online2[5.5.552~1-d97f]:main():ivector-extract-online2.cc:179) Average objective-function improvement was 35.1884 per frame, over 500 frames (weighted).
LOG (ivector-extract-online2[5.5.552~1-d97f]:main():ivector-extract-online2.cc:182) Average iVector length was 6.16731 and at utterance-end was 12.948, over 500 frames (weighted);  expected length is 10
ivector-extract-online2 --verbose=1 --config=model/aspire/ivector_extractor.conf --ivector-period=10 ark:model/spk/spk_map.scp scp:/home/testDevilWhisper/kaldi/egs/mini_librispeech/s5/bin/alexa/1745181193/0/audio_mfcc_map.scp ark,scp,t:/home/testDevilWhisper/kaldi/egs/mini_librispeech/s5/bin/alexa/1745181193/0/audio_ivector.ark,/home/testDevilWhisper/kaldi/egs/mini_librispeech/s5/bin/alexa/1745181193/0/audio_ivector_map.scp 
LOG (ivector-extract-online2[5.5.552~1-d97f]:ComputeDerivedVars():ivector-extractor.cc:183) Computing derived variables for iVector extractor
LOG (ivector-extract-online2[5.5.552~1-d97f]:ComputeDerivedVars():ivector-extractor.cc:204) Done.
LOG (ivector-extract-online2[5.5.552~1-d97f]:main():ivector-extract-online2.cc:177) Estimated iVectors for 1 files, 0 with errors.
LOG (ivector-extract-online2[5.5.552~1-d97f]:main():ivector-extract-online2.cc:179) Average objective-function improvement was 36.7846 per frame, over 500 frames (weighted).
LOG (ivector-extract-online2[5.5.552~1-d97f]:main():ivector-extract-online2.cc:182) Average iVector length was 6.18512 and at utterance-end was 13.0089, over 500 frames (weighted);  expected length is 10
ivector-extract-online2 --verbose=1 --config=model/aspire/ivector_extractor.conf --ivector-period=10 ark:model/spk/spk_map.scp scp:/home/testDevilWhisper/kaldi/egs/mini_librispeech/s5/bin/alexa/1745181193/0/audio_mfcc_map.scp ark,scp,t:/home/testDevilWhisper/kaldi/egs/mini_librispeech/s5/bin/alexa/1745181193/0/audio_ivector.ark,/home/testDevilWhisper/kaldi/egs/mini_librispeech/s5/bin/alexa/1745181193/0/audio_ivector_map.scp 
LOG (ivector-extract-online2[5.5.552~1-d97f]:ComputeDerivedVars():ivector-extractor.cc:183) Computing derived variables for iVector extractor
LOG (ivector-extract-online2[5.5.552~1-d97f]:ComputeDerivedVars():ivector-extractor.cc:204) Done.
LOG (ivector-extract-online2[5.5.552~1-d97f]:main():ivector-extract-online2.cc:177) Estimated iVectors for 1 files, 0 with errors.
LOG (ivector-extract-online2[5.5.552~1-d97f]:main():ivector-extract-online2.cc:179) Average objective-function improvement was 36.523 per frame, over 500 frames (weighted).
LOG (ivector-extract-online2[5.5.552~1-d97f]:main():ivector-extract-online2.cc:182) Average iVector length was 6.1543 and at utterance-end was 13.0253, over 500 frames (weighted);  expected length is 10
ivector-extract-online2 --verbose=1 --config=model/aspire/ivector_extractor.conf --ivector-period=10 ark:model/spk/spk_map.scp scp:/home/testDevilWhisper/kaldi/egs/mini_librispeech/s5/bin/alexa/1745181193/0/audio_mfcc_map.scp ark,scp,t:/home/testDevilWhisper/kaldi/egs/mini_librispeech/s5/bin/alexa/1745181193/0/audio_ivector.ark,/home/testDevilWhisper/kaldi/egs/mini_librispeech/s5/bin/alexa/1745181193/0/audio_ivector_map.scp 
LOG (ivector-extract-online2[5.5.552~1-d97f]:ComputeDerivedVars():ivector-extractor.cc:183) Computing derived variables for iVector extractor
LOG (ivector-extract-online2[5.5.552~1-d97f]:ComputeDerivedVars():ivector-extractor.cc:204) Done.
LOG (ivector-extract-online2[5.5.552~1-d97f]:main():ivector-extract-online2.cc:177) Estimated iVectors for 1 files, 0 with errors.
LOG (ivector-extract-online2[5.5.552~1-d97f]:main():ivector-extract-online2.cc:179) Average objective-function improvement was 36.0349 per frame, over 500 frames (weighted).
LOG (ivector-extract-online2[5.5.552~1-d97f]:main():ivector-extract-online2.cc:182) Average iVector length was 6.15875 and at utterance-end was 12.9692, over 500 frames (weighted);  expected length is 10
ivector-extract-online2 --verbose=1 --config=model/aspire/ivector_extractor.conf --ivector-period=10 ark:model/spk/spk_map.scp scp:/home/testDevilWhisper/kaldi/egs/mini_librispeech/s5/bin/alexa/1745181193/0/audio_mfcc_map.scp ark,scp,t:/home/testDevilWhisper/kaldi/egs/mini_librispeech/s5/bin/alexa/1745181193/0/audio_ivector.ark,/home/testDevilWhisper/kaldi/egs/mini_librispeech/s5/bin/alexa/1745181193/0/audio_ivector_map.scp 
LOG (ivector-extract-online2[5.5.552~1-d97f]:ComputeDerivedVars():ivector-extractor.cc:183) Computing derived variables for iVector extractor
LOG (ivector-extract-online2[5.5.552~1-d97f]:ComputeDerivedVars():ivector-extractor.cc:204) Done.
LOG (ivector-extract-online2[5.5.552~1-d97f]:main():ivector-extract-online2.cc:177) Estimated iVectors for 1 files, 0 with errors.
LOG (ivector-extract-online2[5.5.552~1-d97f]:main():ivector-extract-online2.cc:179) Average objective-function improvement was 36.2887 per frame, over 500 frames (weighted).
LOG (ivector-extract-online2[5.5.552~1-d97f]:main():ivector-extract-online2.cc:182) Average iVector length was 6.1979 and at utterance-end was 12.9951, over 500 frames (weighted);  expected length is 10
ivector-extract-online2 --verbose=1 --config=model/aspire/ivector_extractor.conf --ivector-period=10 ark:model/spk/spk_map.scp scp:/home/testDevilWhisper/kaldi/egs/mini_librispeech/s5/bin/alexa/1745181193/0/audio_mfcc_map.scp ark,scp,t:/home/testDevilWhisper/kaldi/egs/mini_librispeech/s5/bin/alexa/1745181193/0/audio_ivector.ark,/home/testDevilWhisper/kaldi/egs/mini_librispeech/s5/bin/alexa/1745181193/0/audio_ivector_map.scp 
LOG (ivector-extract-online2[5.5.552~1-d97f]:ComputeDerivedVars():ivector-extractor.cc:183) Computing derived variables for iVector extractor
LOG (ivector-extract-online2[5.5.552~1-d97f]:ComputeDerivedVars():ivector-extractor.cc:204) Done.
LOG (ivector-extract-online2[5.5.552~1-d97f]:main():ivector-extract-online2.cc:177) Estimated iVectors for 1 files, 0 with errors.
LOG (ivector-extract-online2[5.5.552~1-d97f]:main():ivector-extract-online2.cc:179) Average objective-function improvement was 36.4409 per frame, over 500 frames (weighted).
LOG (ivector-extract-online2[5.5.552~1-d97f]:main():ivector-extract-online2.cc:182) Average iVector length was 6.18906 and at utterance-end was 12.9665, over 500 frames (weighted);  expected length is 10
ivector-extract-online2 --verbose=1 --config=model/aspire/ivector_extractor.conf --ivector-period=10 ark:model/spk/spk_map.scp scp:/home/testDevilWhisper/kaldi/egs/mini_librispeech/s5/bin/alexa/1745181193/0/audio_mfcc_map.scp ark,scp,t:/home/testDevilWhisper/kaldi/egs/mini_librispeech/s5/bin/alexa/1745181193/0/audio_ivector.ark,/home/testDevilWhisper/kaldi/egs/mini_librispeech/s5/bin/alexa/1745181193/0/audio_ivector_map.scp 
LOG (ivector-extract-online2[5.5.552~1-d97f]:ComputeDerivedVars():ivector-extractor.cc:183) Computing derived variables for iVector extractor
LOG (ivector-extract-online2[5.5.552~1-d97f]:ComputeDerivedVars():ivector-extractor.cc:204) Done.
LOG (ivector-extract-online2[5.5.552~1-d97f]:main():ivector-extract-online2.cc:177) Estimated iVectors for 1 files, 0 with errors.
LOG (ivector-extract-online2[5.5.552~1-d97f]:main():ivector-extract-online2.cc:179) Average objective-function improvement was 36.2674 per frame, over 500 frames (weighted).
LOG (ivector-extract-online2[5.5.552~1-d97f]:main():ivector-extract-online2.cc:182) Average iVector length was 6.23743 and at utterance-end was 13.0735, over 500 frames (weighted);  expected length is 10
ivector-extract-online2 --verbose=1 --config=model/aspire/ivector_extractor.conf --ivector-period=10 ark:model/spk/spk_map.scp scp:/home/testDevilWhisper/kaldi/egs/mini_librispeech/s5/bin/alexa/1745181193/0/audio_mfcc_map.scp ark,scp,t:/home/testDevilWhisper/kaldi/egs/mini_librispeech/s5/bin/alexa/1745181193/0/audio_ivector.ark,/home/testDevilWhisper/kaldi/egs/mini_librispeech/s5/bin/alexa/1745181193/0/audio_ivector_map.scp 
LOG (ivector-extract-online2[5.5.552~1-d97f]:ComputeDerivedVars():ivector-extractor.cc:183) Computing derived variables for iVector extractor
LOG (ivector-extract-online2[5.5.552~1-d97f]:ComputeDerivedVars():ivector-extractor.cc:204) Done.
LOG (ivector-extract-online2[5.5.552~1-d97f]:main():ivector-extract-online2.cc:177) Estimated iVectors for 1 files, 0 with errors.
LOG (ivector-extract-online2[5.5.552~1-d97f]:main():ivector-extract-online2.cc:179) Average objective-function improvement was 37.7022 per frame, over 500 frames (weighted).
LOG (ivector-extract-online2[5.5.552~1-d97f]:main():ivector-extract-online2.cc:182) Average iVector length was 6.20126 and at utterance-end was 13.0079, over 500 frames (weighted);  expected length is 10
ivector-extract-online2 --verbose=1 --config=model/aspire/ivector_extractor.conf --ivector-period=10 ark:model/spk/spk_map.scp scp:/home/testDevilWhisper/kaldi/egs/mini_librispeech/s5/bin/alexa/1745181193/0/audio_mfcc_map.scp ark,scp,t:/home/testDevilWhisper/kaldi/egs/mini_librispeech/s5/bin/alexa/1745181193/0/audio_ivector.ark,/home/testDevilWhisper/kaldi/egs/mini_librispeech/s5/bin/alexa/1745181193/0/audio_ivector_map.scp 
LOG (ivector-extract-online2[5.5.552~1-d97f]:ComputeDerivedVars():ivector-extractor.cc:183) Computing derived variables for iVector extractor
LOG (ivector-extract-online2[5.5.552~1-d97f]:ComputeDerivedVars():ivector-extractor.cc:204) Done.
LOG (ivector-extract-online2[5.5.552~1-d97f]:main():ivector-extract-online2.cc:177) Estimated iVectors for 1 files, 0 with errors.
LOG (ivector-extract-online2[5.5.552~1-d97f]:main():ivector-extract-online2.cc:179) Average objective-function improvement was 36.4353 per frame, over 500 frames (weighted).
LOG (ivector-extract-online2[5.5.552~1-d97f]:main():ivector-extract-online2.cc:182) Average iVector length was 6.20119 and at utterance-end was 12.9399, over 500 frames (weighted);  expected length is 10
ivector-extract-online2 --verbose=1 --config=model/aspire/ivector_extractor.conf --ivector-period=10 ark:model/spk/spk_map.scp scp:/home/testDevilWhisper/kaldi/egs/mini_librispeech/s5/bin/alexa/1745181193/0/audio_mfcc_map.scp ark,scp,t:/home/testDevilWhisper/kaldi/egs/mini_librispeech/s5/bin/alexa/1745181193/0/audio_ivector.ark,/home/testDevilWhisper/kaldi/egs/mini_librispeech/s5/bin/alexa/1745181193/0/audio_ivector_map.scp 
LOG (ivector-extract-online2[5.5.552~1-d97f]:ComputeDerivedVars():ivector-extractor.cc:183) Computing derived variables for iVector extractor
LOG (ivector-extract-online2[5.5.552~1-d97f]:ComputeDerivedVars():ivector-extractor.cc:204) Done.
LOG (ivector-extract-online2[5.5.552~1-d97f]:main():ivector-extract-online2.cc:177) Estimated iVectors for 1 files, 0 with errors.
LOG (ivector-extract-online2[5.5.552~1-d97f]:main():ivector-extract-online2.cc:179) Average objective-function improvement was 36.427 per frame, over 500 frames (weighted).
LOG (ivector-extract-online2[5.5.552~1-d97f]:main():ivector-extract-online2.cc:182) Average iVector length was 6.25257 and at utterance-end was 12.9953, over 500 frames (weighted);  expected length is 10
ivector-extract-online2 --verbose=1 --config=model/aspire/ivector_extractor.conf --ivector-period=10 ark:model/spk/spk_map.scp scp:/home/testDevilWhisper/kaldi/egs/mini_librispeech/s5/bin/alexa/1745181193/0/audio_mfcc_map.scp ark,scp,t:/home/testDevilWhisper/kaldi/egs/mini_librispeech/s5/bin/alexa/1745181193/0/audio_ivector.ark,/home/testDevilWhisper/kaldi/egs/mini_librispeech/s5/bin/alexa/1745181193/0/audio_ivector_map.scp 
LOG (ivector-extract-online2[5.5.552~1-d97f]:ComputeDerivedVars():ivector-extractor.cc:183) Computing derived variables for iVector extractor
LOG (ivector-extract-online2[5.5.552~1-d97f]:ComputeDerivedVars():ivector-extractor.cc:204) Done.
LOG (ivector-extract-online2[5.5.552~1-d97f]:main():ivector-extract-online2.cc:177) Estimated iVectors for 1 files, 0 with errors.
LOG (ivector-extract-online2[5.5.552~1-d97f]:main():ivector-extract-online2.cc:179) Average objective-function improvement was 36.4911 per frame, over 500 frames (weighted).
LOG (ivector-extract-online2[5.5.552~1-d97f]:main():ivector-extract-online2.cc:182) Average iVector length was 6.23515 and at utterance-end was 13.044, over 500 frames (weighted);  expected length is 10
ivector-extract-online2 --verbose=1 --config=model/aspire/ivector_extractor.conf --ivector-period=10 ark:model/spk/spk_map.scp scp:/home/testDevilWhisper/kaldi/egs/mini_librispeech/s5/bin/alexa/1745181193/0/audio_mfcc_map.scp ark,scp,t:/home/testDevilWhisper/kaldi/egs/mini_librispeech/s5/bin/alexa/1745181193/0/audio_ivector.ark,/home/testDevilWhisper/kaldi/egs/mini_librispeech/s5/bin/alexa/1745181193/0/audio_ivector_map.scp 
LOG (ivector-extract-online2[5.5.552~1-d97f]:ComputeDerivedVars():ivector-extractor.cc:183) Computing derived variables for iVector extractor
LOG (ivector-extract-online2[5.5.552~1-d97f]:ComputeDerivedVars():ivector-extractor.cc:204) Done.
LOG (ivector-extract-online2[5.5.552~1-d97f]:main():ivector-extract-online2.cc:177) Estimated iVectors for 1 files, 0 with errors.
LOG (ivector-extract-online2[5.5.552~1-d97f]:main():ivector-extract-online2.cc:179) Average objective-function improvement was 36.9315 per frame, over 500 frames (weighted).
LOG (ivector-extract-online2[5.5.552~1-d97f]:main():ivector-extract-online2.cc:182) Average iVector length was 6.23014 and at utterance-end was 12.9769, over 500 frames (weighted);  expected length is 10
ivector-extract-online2 --verbose=1 --config=model/aspire/ivector_extractor.conf --ivector-period=10 ark:model/spk/spk_map.scp scp:/home/testDevilWhisper/kaldi/egs/mini_librispeech/s5/bin/alexa/1745181193/0/audio_mfcc_map.scp ark,scp,t:/home/testDevilWhisper/kaldi/egs/mini_librispeech/s5/bin/alexa/1745181193/0/audio_ivector.ark,/home/testDevilWhisper/kaldi/egs/mini_librispeech/s5/bin/alexa/1745181193/0/audio_ivector_map.scp 
LOG (ivector-extract-online2[5.5.552~1-d97f]:ComputeDerivedVars():ivector-extractor.cc:183) Computing derived variables for iVector extractor
LOG (ivector-extract-online2[5.5.552~1-d97f]:ComputeDerivedVars():ivector-extractor.cc:204) Done.
LOG (ivector-extract-online2[5.5.552~1-d97f]:main():ivector-extract-online2.cc:177) Estimated iVectors for 1 files, 0 with errors.
LOG (ivector-extract-online2[5.5.552~1-d97f]:main():ivector-extract-online2.cc:179) Average objective-function improvement was 36.2941 per frame, over 500 frames (weighted).
LOG (ivector-extract-online2[5.5.552~1-d97f]:main():ivector-extract-online2.cc:182) Average iVector length was 6.27139 and at utterance-end was 13.0771, over 500 frames (weighted);  expected length is 10
ivector-extract-online2 --verbose=1 --config=model/aspire/ivector_extractor.conf --ivector-period=10 ark:model/spk/spk_map.scp scp:/home/testDevilWhisper/kaldi/egs/mini_librispeech/s5/bin/alexa/1745181193/0/audio_mfcc_map.scp ark,scp,t:/home/testDevilWhisper/kaldi/egs/mini_librispeech/s5/bin/alexa/1745181193/0/audio_ivector.ark,/home/testDevilWhisper/kaldi/egs/mini_librispeech/s5/bin/alexa/1745181193/0/audio_ivector_map.scp 
LOG (ivector-extract-online2[5.5.552~1-d97f]:ComputeDerivedVars():ivector-extractor.cc:183) Computing derived variables for iVector extractor
LOG (ivector-extract-online2[5.5.552~1-d97f]:ComputeDerivedVars():ivector-extractor.cc:204) Done.
LOG (ivector-extract-online2[5.5.552~1-d97f]:main():ivector-extract-online2.cc:177) Estimated iVectors for 1 files, 0 with errors.
LOG (ivector-extract-online2[5.5.552~1-d97f]:main():ivector-extract-online2.cc:179) Average objective-function improvement was 37.6394 per frame, over 500 frames (weighted).
LOG (ivector-extract-online2[5.5.552~1-d97f]:main():ivector-extract-online2.cc:182) Average iVector length was 6.24834 and at utterance-end was 13.035, over 500 frames (weighted);  expected length is 10
ivector-extract-online2 --verbose=1 --config=model/aspire/ivector_extractor.conf --ivector-period=10 ark:model/spk/spk_map.scp scp:/home/testDevilWhisper/kaldi/egs/mini_librispeech/s5/bin/alexa/1745181193/0/audio_mfcc_map.scp ark,scp,t:/home/testDevilWhisper/kaldi/egs/mini_librispeech/s5/bin/alexa/1745181193/0/audio_ivector.ark,/home/testDevilWhisper/kaldi/egs/mini_librispeech/s5/bin/alexa/1745181193/0/audio_ivector_map.scp 
LOG (ivector-extract-online2[5.5.552~1-d97f]:ComputeDerivedVars():ivector-extractor.cc:183) Computing derived variables for iVector extractor
LOG (ivector-extract-online2[5.5.552~1-d97f]:ComputeDerivedVars():ivector-extractor.cc:204) Done.
LOG (ivector-extract-online2[5.5.552~1-d97f]:main():ivector-extract-online2.cc:177) Estimated iVectors for 1 files, 0 with errors.
LOG (ivector-extract-online2[5.5.552~1-d97f]:main():ivector-extract-online2.cc:179) Average objective-function improvement was 37.0237 per frame, over 500 frames (weighted).
LOG (ivector-extract-online2[5.5.552~1-d97f]:main():ivector-extract-online2.cc:182) Average iVector length was 6.22672 and at utterance-end was 12.9919, over 500 frames (weighted);  expected length is 10
ivector-extract-online2 --verbose=1 --config=model/aspire/ivector_extractor.conf --ivector-period=10 ark:model/spk/spk_map.scp scp:/home/testDevilWhisper/kaldi/egs/mini_librispeech/s5/bin/alexa/1745181193/0/audio_mfcc_map.scp ark,scp,t:/home/testDevilWhisper/kaldi/egs/mini_librispeech/s5/bin/alexa/1745181193/0/audio_ivector.ark,/home/testDevilWhisper/kaldi/egs/mini_librispeech/s5/bin/alexa/1745181193/0/audio_ivector_map.scp 
LOG (ivector-extract-online2[5.5.552~1-d97f]:ComputeDerivedVars():ivector-extractor.cc:183) Computing derived variables for iVector extractor
LOG (ivector-extract-online2[5.5.552~1-d97f]:ComputeDerivedVars():ivector-extractor.cc:204) Done.
LOG (ivector-extract-online2[5.5.552~1-d97f]:main():ivector-extract-online2.cc:177) Estimated iVectors for 1 files, 0 with errors.
LOG (ivector-extract-online2[5.5.552~1-d97f]:main():ivector-extract-online2.cc:179) Average objective-function improvement was 35.5085 per frame, over 500 frames (weighted).
LOG (ivector-extract-online2[5.5.552~1-d97f]:main():ivector-extract-online2.cc:182) Average iVector length was 6.22967 and at utterance-end was 12.983, over 500 frames (weighted);  expected length is 10
ivector-extract-online2 --verbose=1 --config=model/aspire/ivector_extractor.conf --ivector-period=10 ark:model/spk/spk_map.scp scp:/home/testDevilWhisper/kaldi/egs/mini_librispeech/s5/bin/alexa/1745181193/0/audio_mfcc_map.scp ark,scp,t:/home/testDevilWhisper/kaldi/egs/mini_librispeech/s5/bin/alexa/1745181193/0/audio_ivector.ark,/home/testDevilWhisper/kaldi/egs/mini_librispeech/s5/bin/alexa/1745181193/0/audio_ivector_map.scp 
LOG (ivector-extract-online2[5.5.552~1-d97f]:ComputeDerivedVars():ivector-extractor.cc:183) Computing derived variables for iVector extractor
LOG (ivector-extract-online2[5.5.552~1-d97f]:ComputeDerivedVars():ivector-extractor.cc:204) Done.
LOG (ivector-extract-online2[5.5.552~1-d97f]:main():ivector-extract-online2.cc:177) Estimated iVectors for 1 files, 0 with errors.
LOG (ivector-extract-online2[5.5.552~1-d97f]:main():ivector-extract-online2.cc:179) Average objective-function improvement was 35.7679 per frame, over 500 frames (weighted).
LOG (ivector-extract-online2[5.5.552~1-d97f]:main():ivector-extract-online2.cc:182) Average iVector length was 6.2479 and at utterance-end was 13.0069, over 500 frames (weighted);  expected length is 10
ivector-extract-online2 --verbose=1 --config=model/aspire/ivector_extractor.conf --ivector-period=10 ark:model/spk/spk_map.scp scp:/home/testDevilWhisper/kaldi/egs/mini_librispeech/s5/bin/alexa/1745181193/0/audio_mfcc_map.scp ark,scp,t:/home/testDevilWhisper/kaldi/egs/mini_librispeech/s5/bin/alexa/1745181193/0/audio_ivector.ark,/home/testDevilWhisper/kaldi/egs/mini_librispeech/s5/bin/alexa/1745181193/0/audio_ivector_map.scp 
LOG (ivector-extract-online2[5.5.552~1-d97f]:ComputeDerivedVars():ivector-extractor.cc:183) Computing derived variables for iVector extractor
LOG (ivector-extract-online2[5.5.552~1-d97f]:ComputeDerivedVars():ivector-extractor.cc:204) Done.
LOG (ivector-extract-online2[5.5.552~1-d97f]:main():ivector-extract-online2.cc:177) Estimated iVectors for 1 files, 0 with errors.
LOG (ivector-extract-online2[5.5.552~1-d97f]:main():ivector-extract-online2.cc:179) Average objective-function improvement was 37.2849 per frame, over 500 frames (weighted).
LOG (ivector-extract-online2[5.5.552~1-d97f]:main():ivector-extract-online2.cc:182) Average iVector length was 6.2876 and at utterance-end was 13.0976, over 500 frames (weighted);  expected length is 10
ivector-extract-online2 --verbose=1 --config=model/aspire/ivector_extractor.conf --ivector-period=10 ark:model/spk/spk_map.scp scp:/home/testDevilWhisper/kaldi/egs/mini_librispeech/s5/bin/alexa/1745181193/0/audio_mfcc_map.scp ark,scp,t:/home/testDevilWhisper/kaldi/egs/mini_librispeech/s5/bin/alexa/1745181193/0/audio_ivector.ark,/home/testDevilWhisper/kaldi/egs/mini_librispeech/s5/bin/alexa/1745181193/0/audio_ivector_map.scp 
LOG (ivector-extract-online2[5.5.552~1-d97f]:ComputeDerivedVars():ivector-extractor.cc:183) Computing derived variables for iVector extractor
LOG (ivector-extract-online2[5.5.552~1-d97f]:ComputeDerivedVars():ivector-extractor.cc:204) Done.
LOG (ivector-extract-online2[5.5.552~1-d97f]:main():ivector-extract-online2.cc:177) Estimated iVectors for 1 files, 0 with errors.
LOG (ivector-extract-online2[5.5.552~1-d97f]:main():ivector-extract-online2.cc:179) Average objective-function improvement was 37.9463 per frame, over 500 frames (weighted).
LOG (ivector-extract-online2[5.5.552~1-d97f]:main():ivector-extract-online2.cc:182) Average iVector length was 6.30452 and at utterance-end was 13.0688, over 500 frames (weighted);  expected length is 10
ivector-extract-online2 --verbose=1 --config=model/aspire/ivector_extractor.conf --ivector-period=10 ark:model/spk/spk_map.scp scp:/home/testDevilWhisper/kaldi/egs/mini_librispeech/s5/bin/alexa/1745181193/0/audio_mfcc_map.scp ark,scp,t:/home/testDevilWhisper/kaldi/egs/mini_librispeech/s5/bin/alexa/1745181193/0/audio_ivector.ark,/home/testDevilWhisper/kaldi/egs/mini_librispeech/s5/bin/alexa/1745181193/0/audio_ivector_map.scp 
LOG (ivector-extract-online2[5.5.552~1-d97f]:ComputeDerivedVars():ivector-extractor.cc:183) Computing derived variables for iVector extractor
LOG (ivector-extract-online2[5.5.552~1-d97f]:ComputeDerivedVars():ivector-extractor.cc:204) Done.
LOG (ivector-extract-online2[5.5.552~1-d97f]:main():ivector-extract-online2.cc:177) Estimated iVectors for 1 files, 0 with errors.
LOG (ivector-extract-online2[5.5.552~1-d97f]:main():ivector-extract-online2.cc:179) Average objective-function improvement was 35.6894 per frame, over 500 frames (weighted).
LOG (ivector-extract-online2[5.5.552~1-d97f]:main():ivector-extract-online2.cc:182) Average iVector length was 6.26837 and at utterance-end was 13.0562, over 500 frames (weighted);  expected length is 10
ivector-extract-online2 --verbose=1 --config=model/aspire/ivector_extractor.conf --ivector-period=10 ark:model/spk/spk_map.scp scp:/home/testDevilWhisper/kaldi/egs/mini_librispeech/s5/bin/alexa/1745181193/0/audio_mfcc_map.scp ark,scp,t:/home/testDevilWhisper/kaldi/egs/mini_librispeech/s5/bin/alexa/1745181193/0/audio_ivector.ark,/home/testDevilWhisper/kaldi/egs/mini_librispeech/s5/bin/alexa/1745181193/0/audio_ivector_map.scp 
LOG (ivector-extract-online2[5.5.552~1-d97f]:ComputeDerivedVars():ivector-extractor.cc:183) Computing derived variables for iVector extractor
LOG (ivector-extract-online2[5.5.552~1-d97f]:ComputeDerivedVars():ivector-extractor.cc:204) Done.
LOG (ivector-extract-online2[5.5.552~1-d97f]:main():ivector-extract-online2.cc:177) Estimated iVectors for 1 files, 0 with errors.
LOG (ivector-extract-online2[5.5.552~1-d97f]:main():ivector-extract-online2.cc:179) Average objective-function improvement was 36.6201 per frame, over 500 frames (weighted).
LOG (ivector-extract-online2[5.5.552~1-d97f]:main():ivector-extract-online2.cc:182) Average iVector length was 6.28946 and at utterance-end was 13.0328, over 500 frames (weighted);  expected length is 10
ivector-extract-online2 --verbose=1 --config=model/aspire/ivector_extractor.conf --ivector-period=10 ark:model/spk/spk_map.scp scp:/home/testDevilWhisper/kaldi/egs/mini_librispeech/s5/bin/alexa/1745181193/0/audio_mfcc_map.scp ark,scp,t:/home/testDevilWhisper/kaldi/egs/mini_librispeech/s5/bin/alexa/1745181193/0/audio_ivector.ark,/home/testDevilWhisper/kaldi/egs/mini_librispeech/s5/bin/alexa/1745181193/0/audio_ivector_map.scp 
LOG (ivector-extract-online2[5.5.552~1-d97f]:ComputeDerivedVars():ivector-extractor.cc:183) Computing derived variables for iVector extractor
LOG (ivector-extract-online2[5.5.552~1-d97f]:ComputeDerivedVars():ivector-extractor.cc:204) Done.
LOG (ivector-extract-online2[5.5.552~1-d97f]:main():ivector-extract-online2.cc:177) Estimated iVectors for 1 files, 0 with errors.
LOG (ivector-extract-online2[5.5.552~1-d97f]:main():ivector-extract-online2.cc:179) Average objective-function improvement was 36.584 per frame, over 500 frames (weighted).
LOG (ivector-extract-online2[5.5.552~1-d97f]:main():ivector-extract-online2.cc:182) Average iVector length was 6.25503 and at utterance-end was 13.029, over 500 frames (weighted);  expected length is 10
ivector-extract-online2 --verbose=1 --config=model/aspire/ivector_extractor.conf --ivector-period=10 ark:model/spk/spk_map.scp scp:/home/testDevilWhisper/kaldi/egs/mini_librispeech/s5/bin/alexa/1745181193/0/audio_mfcc_map.scp ark,scp,t:/home/testDevilWhisper/kaldi/egs/mini_librispeech/s5/bin/alexa/1745181193/0/audio_ivector.ark,/home/testDevilWhisper/kaldi/egs/mini_librispeech/s5/bin/alexa/1745181193/0/audio_ivector_map.scp 
LOG (ivector-extract-online2[5.5.552~1-d97f]:ComputeDerivedVars():ivector-extractor.cc:183) Computing derived variables for iVector extractor
LOG (ivector-extract-online2[5.5.552~1-d97f]:ComputeDerivedVars():ivector-extractor.cc:204) Done.
LOG (ivector-extract-online2[5.5.552~1-d97f]:main():ivector-extract-online2.cc:177) Estimated iVectors for 1 files, 0 with errors.
LOG (ivector-extract-online2[5.5.552~1-d97f]:main():ivector-extract-online2.cc:179) Average objective-function improvement was 36.171 per frame, over 500 frames (weighted).
LOG (ivector-extract-online2[5.5.552~1-d97f]:main():ivector-extract-online2.cc:182) Average iVector length was 6.29099 and at utterance-end was 12.991, over 500 frames (weighted);  expected length is 10
ivector-extract-online2 --verbose=1 --config=model/aspire/ivector_extractor.conf --ivector-period=10 ark:model/spk/spk_map.scp scp:/home/testDevilWhisper/kaldi/egs/mini_librispeech/s5/bin/alexa/1745181193/0/audio_mfcc_map.scp ark,scp,t:/home/testDevilWhisper/kaldi/egs/mini_librispeech/s5/bin/alexa/1745181193/0/audio_ivector.ark,/home/testDevilWhisper/kaldi/egs/mini_librispeech/s5/bin/alexa/1745181193/0/audio_ivector_map.scp 
LOG (ivector-extract-online2[5.5.552~1-d97f]:ComputeDerivedVars():ivector-extractor.cc:183) Computing derived variables for iVector extractor
LOG (ivector-extract-online2[5.5.552~1-d97f]:ComputeDerivedVars():ivector-extractor.cc:204) Done.
LOG (ivector-extract-online2[5.5.552~1-d97f]:main():ivector-extract-online2.cc:177) Estimated iVectors for 1 files, 0 with errors.
LOG (ivector-extract-online2[5.5.552~1-d97f]:main():ivector-extract-online2.cc:179) Average objective-function improvement was 38.3548 per frame, over 500 frames (weighted).
LOG (ivector-extract-online2[5.5.552~1-d97f]:main():ivector-extract-online2.cc:182) Average iVector length was 6.31368 and at utterance-end was 13.1554, over 500 frames (weighted);  expected length is 10
ivector-extract-online2 --verbose=1 --config=model/aspire/ivector_extractor.conf --ivector-period=10 ark:model/spk/spk_map.scp scp:/home/testDevilWhisper/kaldi/egs/mini_librispeech/s5/bin/alexa/1745181193/0/audio_mfcc_map.scp ark,scp,t:/home/testDevilWhisper/kaldi/egs/mini_librispeech/s5/bin/alexa/1745181193/0/audio_ivector.ark,/home/testDevilWhisper/kaldi/egs/mini_librispeech/s5/bin/alexa/1745181193/0/audio_ivector_map.scp 
LOG (ivector-extract-online2[5.5.552~1-d97f]:ComputeDerivedVars():ivector-extractor.cc:183) Computing derived variables for iVector extractor
LOG (ivector-extract-online2[5.5.552~1-d97f]:ComputeDerivedVars():ivector-extractor.cc:204) Done.
LOG (ivector-extract-online2[5.5.552~1-d97f]:main():ivector-extract-online2.cc:177) Estimated iVectors for 1 files, 0 with errors.
LOG (ivector-extract-online2[5.5.552~1-d97f]:main():ivector-extract-online2.cc:179) Average objective-function improvement was 37.7616 per frame, over 500 frames (weighted).
LOG (ivector-extract-online2[5.5.552~1-d97f]:main():ivector-extract-online2.cc:182) Average iVector length was 6.2395 and at utterance-end was 13.0145, over 500 frames (weighted);  expected length is 10
ivector-extract-online2 --verbose=1 --config=model/aspire/ivector_extractor.conf --ivector-period=10 ark:model/spk/spk_map.scp scp:/home/testDevilWhisper/kaldi/egs/mini_librispeech/s5/bin/alexa/1745181193/0/audio_mfcc_map.scp ark,scp,t:/home/testDevilWhisper/kaldi/egs/mini_librispeech/s5/bin/alexa/1745181193/0/audio_ivector.ark,/home/testDevilWhisper/kaldi/egs/mini_librispeech/s5/bin/alexa/1745181193/0/audio_ivector_map.scp 
LOG (ivector-extract-online2[5.5.552~1-d97f]:ComputeDerivedVars():ivector-extractor.cc:183) Computing derived variables for iVector extractor
LOG (ivector-extract-online2[5.5.552~1-d97f]:ComputeDerivedVars():ivector-extractor.cc:204) Done.
LOG (ivector-extract-online2[5.5.552~1-d97f]:main():ivector-extract-online2.cc:177) Estimated iVectors for 1 files, 0 with errors.
LOG (ivector-extract-online2[5.5.552~1-d97f]:main():ivector-extract-online2.cc:179) Average objective-function improvement was 35.926 per frame, over 500 frames (weighted).
LOG (ivector-extract-online2[5.5.552~1-d97f]:main():ivector-extract-online2.cc:182) Average iVector length was 6.25876 and at utterance-end was 13.0159, over 500 frames (weighted);  expected length is 10
ivector-extract-online2 --verbose=1 --config=model/aspire/ivector_extractor.conf --ivector-period=10 ark:model/spk/spk_map.scp scp:/home/testDevilWhisper/kaldi/egs/mini_librispeech/s5/bin/alexa/1745181193/0/audio_mfcc_map.scp ark,scp,t:/home/testDevilWhisper/kaldi/egs/mini_librispeech/s5/bin/alexa/1745181193/0/audio_ivector.ark,/home/testDevilWhisper/kaldi/egs/mini_librispeech/s5/bin/alexa/1745181193/0/audio_ivector_map.scp 
LOG (ivector-extract-online2[5.5.552~1-d97f]:ComputeDerivedVars():ivector-extractor.cc:183) Computing derived variables for iVector extractor
LOG (ivector-extract-online2[5.5.552~1-d97f]:ComputeDerivedVars():ivector-extractor.cc:204) Done.
LOG (ivector-extract-online2[5.5.552~1-d97f]:main():ivector-extract-online2.cc:177) Estimated iVectors for 1 files, 0 with errors.
LOG (ivector-extract-online2[5.5.552~1-d97f]:main():ivector-extract-online2.cc:179) Average objective-function improvement was 35.9118 per frame, over 500 frames (weighted).
LOG (ivector-extract-online2[5.5.552~1-d97f]:main():ivector-extract-online2.cc:182) Average iVector length was 6.2274 and at utterance-end was 12.9536, over 500 frames (weighted);  expected length is 10
ivector-extract-online2 --verbose=1 --config=model/aspire/ivector_extractor.conf --ivector-period=10 ark:model/spk/spk_map.scp scp:/home/testDevilWhisper/kaldi/egs/mini_librispeech/s5/bin/alexa/1745181193/0/audio_mfcc_map.scp ark,scp,t:/home/testDevilWhisper/kaldi/egs/mini_librispeech/s5/bin/alexa/1745181193/0/audio_ivector.ark,/home/testDevilWhisper/kaldi/egs/mini_librispeech/s5/bin/alexa/1745181193/0/audio_ivector_map.scp 
LOG (ivector-extract-online2[5.5.552~1-d97f]:ComputeDerivedVars():ivector-extractor.cc:183) Computing derived variables for iVector extractor
LOG (ivector-extract-online2[5.5.552~1-d97f]:ComputeDerivedVars():ivector-extractor.cc:204) Done.
LOG (ivector-extract-online2[5.5.552~1-d97f]:main():ivector-extract-online2.cc:177) Estimated iVectors for 1 files, 0 with errors.
LOG (ivector-extract-online2[5.5.552~1-d97f]:main():ivector-extract-online2.cc:179) Average objective-function improvement was 35.9466 per frame, over 500 frames (weighted).
LOG (ivector-extract-online2[5.5.552~1-d97f]:main():ivector-extract-online2.cc:182) Average iVector length was 6.25507 and at utterance-end was 13.0773, over 500 frames (weighted);  expected length is 10
ivector-extract-online2 --verbose=1 --config=model/aspire/ivector_extractor.conf --ivector-period=10 ark:model/spk/spk_map.scp scp:/home/testDevilWhisper/kaldi/egs/mini_librispeech/s5/bin/alexa/1745181193/0/audio_mfcc_map.scp ark,scp,t:/home/testDevilWhisper/kaldi/egs/mini_librispeech/s5/bin/alexa/1745181193/0/audio_ivector.ark,/home/testDevilWhisper/kaldi/egs/mini_librispeech/s5/bin/alexa/1745181193/0/audio_ivector_map.scp 
LOG (ivector-extract-online2[5.5.552~1-d97f]:ComputeDerivedVars():ivector-extractor.cc:183) Computing derived variables for iVector extractor
LOG (ivector-extract-online2[5.5.552~1-d97f]:ComputeDerivedVars():ivector-extractor.cc:204) Done.
LOG (ivector-extract-online2[5.5.552~1-d97f]:main():ivector-extract-online2.cc:177) Estimated iVectors for 1 files, 0 with errors.
LOG (ivector-extract-online2[5.5.552~1-d97f]:main():ivector-extract-online2.cc:179) Average objective-function improvement was 36.1853 per frame, over 500 frames (weighted).
LOG (ivector-extract-online2[5.5.552~1-d97f]:main():ivector-extract-online2.cc:182) Average iVector length was 6.27413 and at utterance-end was 13.0263, over 500 frames (weighted);  expected length is 10
ivector-extract-online2 --verbose=1 --config=model/aspire/ivector_extractor.conf --ivector-period=10 ark:model/spk/spk_map.scp scp:/home/testDevilWhisper/kaldi/egs/mini_librispeech/s5/bin/alexa/1745181193/0/audio_mfcc_map.scp ark,scp,t:/home/testDevilWhisper/kaldi/egs/mini_librispeech/s5/bin/alexa/1745181193/0/audio_ivector.ark,/home/testDevilWhisper/kaldi/egs/mini_librispeech/s5/bin/alexa/1745181193/0/audio_ivector_map.scp 
LOG (ivector-extract-online2[5.5.552~1-d97f]:ComputeDerivedVars():ivector-extractor.cc:183) Computing derived variables for iVector extractor
LOG (ivector-extract-online2[5.5.552~1-d97f]:ComputeDerivedVars():ivector-extractor.cc:204) Done.
LOG (ivector-extract-online2[5.5.552~1-d97f]:main():ivector-extract-online2.cc:177) Estimated iVectors for 1 files, 0 with errors.
LOG (ivector-extract-online2[5.5.552~1-d97f]:main():ivector-extract-online2.cc:179) Average objective-function improvement was 36.3134 per frame, over 500 frames (weighted).
LOG (ivector-extract-online2[5.5.552~1-d97f]:main():ivector-extract-online2.cc:182) Average iVector length was 6.31119 and at utterance-end was 13.124, over 500 frames (weighted);  expected length is 10
ivector-extract-online2 --verbose=1 --config=model/aspire/ivector_extractor.conf --ivector-period=10 ark:model/spk/spk_map.scp scp:/home/testDevilWhisper/kaldi/egs/mini_librispeech/s5/bin/alexa/1745181193/0/audio_mfcc_map.scp ark,scp,t:/home/testDevilWhisper/kaldi/egs/mini_librispeech/s5/bin/alexa/1745181193/0/audio_ivector.ark,/home/testDevilWhisper/kaldi/egs/mini_librispeech/s5/bin/alexa/1745181193/0/audio_ivector_map.scp 
LOG (ivector-extract-online2[5.5.552~1-d97f]:ComputeDerivedVars():ivector-extractor.cc:183) Computing derived variables for iVector extractor
LOG (ivector-extract-online2[5.5.552~1-d97f]:ComputeDerivedVars():ivector-extractor.cc:204) Done.
LOG (ivector-extract-online2[5.5.552~1-d97f]:main():ivector-extract-online2.cc:177) Estimated iVectors for 1 files, 0 with errors.
LOG (ivector-extract-online2[5.5.552~1-d97f]:main():ivector-extract-online2.cc:179) Average objective-function improvement was 36.1211 per frame, over 500 frames (weighted).
LOG (ivector-extract-online2[5.5.552~1-d97f]:main():ivector-extract-online2.cc:182) Average iVector length was 6.22452 and at utterance-end was 13.0347, over 500 frames (weighted);  expected length is 10
ivector-extract-online2 --verbose=1 --config=model/aspire/ivector_extractor.conf --ivector-period=10 ark:model/spk/spk_map.scp scp:/home/testDevilWhisper/kaldi/egs/mini_librispeech/s5/bin/alexa/1745181193/0/audio_mfcc_map.scp ark,scp,t:/home/testDevilWhisper/kaldi/egs/mini_librispeech/s5/bin/alexa/1745181193/0/audio_ivector.ark,/home/testDevilWhisper/kaldi/egs/mini_librispeech/s5/bin/alexa/1745181193/0/audio_ivector_map.scp 
LOG (ivector-extract-online2[5.5.552~1-d97f]:ComputeDerivedVars():ivector-extractor.cc:183) Computing derived variables for iVector extractor
LOG (ivector-extract-online2[5.5.552~1-d97f]:ComputeDerivedVars():ivector-extractor.cc:204) Done.
LOG (ivector-extract-online2[5.5.552~1-d97f]:main():ivector-extract-online2.cc:177) Estimated iVectors for 1 files, 0 with errors.
LOG (ivector-extract-online2[5.5.552~1-d97f]:main():ivector-extract-online2.cc:179) Average objective-function improvement was 36.856 per frame, over 500 frames (weighted).
LOG (ivector-extract-online2[5.5.552~1-d97f]:main():ivector-extract-online2.cc:182) Average iVector length was 6.26162 and at utterance-end was 13.0992, over 500 frames (weighted);  expected length is 10
ivector-extract-online2 --verbose=1 --config=model/aspire/ivector_extractor.conf --ivector-period=10 ark:model/spk/spk_map.scp scp:/home/testDevilWhisper/kaldi/egs/mini_librispeech/s5/bin/alexa/1745181193/0/audio_mfcc_map.scp ark,scp,t:/home/testDevilWhisper/kaldi/egs/mini_librispeech/s5/bin/alexa/1745181193/0/audio_ivector.ark,/home/testDevilWhisper/kaldi/egs/mini_librispeech/s5/bin/alexa/1745181193/0/audio_ivector_map.scp 
LOG (ivector-extract-online2[5.5.552~1-d97f]:ComputeDerivedVars():ivector-extractor.cc:183) Computing derived variables for iVector extractor
LOG (ivector-extract-online2[5.5.552~1-d97f]:ComputeDerivedVars():ivector-extractor.cc:204) Done.
LOG (ivector-extract-online2[5.5.552~1-d97f]:main():ivector-extract-online2.cc:177) Estimated iVectors for 1 files, 0 with errors.
LOG (ivector-extract-online2[5.5.552~1-d97f]:main():ivector-extract-online2.cc:179) Average objective-function improvement was 36.5233 per frame, over 500 frames (weighted).
LOG (ivector-extract-online2[5.5.552~1-d97f]:main():ivector-extract-online2.cc:182) Average iVector length was 6.26561 and at utterance-end was 13.1338, over 500 frames (weighted);  expected length is 10
ivector-extract-online2 --verbose=1 --config=model/aspire/ivector_extractor.conf --ivector-period=10 ark:model/spk/spk_map.scp scp:/home/testDevilWhisper/kaldi/egs/mini_librispeech/s5/bin/alexa/1745181193/0/audio_mfcc_map.scp ark,scp,t:/home/testDevilWhisper/kaldi/egs/mini_librispeech/s5/bin/alexa/1745181193/0/audio_ivector.ark,/home/testDevilWhisper/kaldi/egs/mini_librispeech/s5/bin/alexa/1745181193/0/audio_ivector_map.scp 
LOG (ivector-extract-online2[5.5.552~1-d97f]:ComputeDerivedVars():ivector-extractor.cc:183) Computing derived variables for iVector extractor
LOG (ivector-extract-online2[5.5.552~1-d97f]:ComputeDerivedVars():ivector-extractor.cc:204) Done.
LOG (ivector-extract-online2[5.5.552~1-d97f]:main():ivector-extract-online2.cc:177) Estimated iVectors for 1 files, 0 with errors.
LOG (ivector-extract-online2[5.5.552~1-d97f]:main():ivector-extract-online2.cc:179) Average objective-function improvement was 38.1245 per frame, over 500 frames (weighted).
LOG (ivector-extract-online2[5.5.552~1-d97f]:main():ivector-extract-online2.cc:182) Average iVector length was 6.24822 and at utterance-end was 13.0198, over 500 frames (weighted);  expected length is 10
